A3 60-0003
A40 60-0778
A44 60-0044
A52 60-0052
A56 60-0056
A61 60-0061
D208-5 60-4255
D343-7 60-4258
D343/7 -
E1719A 71-3749
GS299 60-4256
GS299A 60-4257
GS511 60-4249
NW236 37-4199
PCW73A 60-4251
S25-1 60-4245
S25-2 60-4246
S25-3 60-4247
S25-13 60-4248
S26-2 60-4250
S26/2 -
S66-1 60-4253
S79-2 37-4200
T423A 57-4754
WE259A 71-3748
WF32 60-4252
XA69 60-4254
E3059R -
T24A -
WE170 -
D343-3 -
D343/3 -
GS251 -
GS308 -
S25-43 -
T47 57-0047
T57 57-0057
T23 57-0023
T408/9 -
T31 57-0031
NT261 -
T44 -
T260B -
S70-3 -
S26-1 -
S26-3 -
S26/3 -
NW100 -
E410A -
H519A -
H95 -
S25-6 -
W270A -
NW243 -
S1-52 -
WM3 -
57160 -
S25-71 -
DS73 -
D83 -
NS191 -
D44 -
CP212 -
CP21210 -
CP21220 -
CP21240 -
T45 -
199001 -
M10441 -
E1460A -
E2200A -
E1510A -
E1563/5 -
E1908/5 -
E656/5 -
E656/10 -
E656/20 -
E1766/5 -
E1766/10 -
E1766/20 -
GE29 -
GE29/5 -
GE29/10 -
GE29/20 -
E1819/5 -
E1819/10 -
E1819/20 -
WE203E -
WE479 -
E1489T -
GS87 -
E1748/5 -
E1748/10 -
E1748/20 -
E1841/5 -
E1841/10 -
E1841/20 -
PO172A -
E1534A -
W76 -
MT63 -
S70-7 -
GS254 -
GS308 -
S1-51 -
E2273T -
E1461T -
E1462T -
E1937A -
PT104B -
E2826F -
E2826C -
E2826H -
E2826G -
E2826E -
E2826D -
E2826B -
E2826A -
TE246 -
TE164E -
TE164C -
TE164D -
E410A -
E2236A -
E2237A -
T323A -
E2258A -
T264B -
NT376 -
S46-15 -
T446A -
S35-7 -
T18 -
T471A -
T515C -
T513C -
T509C -
T511C -
T510C -
T512C -
T514C -
T508C -
D208-17 -
S52-1 -
T25A -
NT297 -
T488/28 -
T455A -
PT108B -
T417A -
NT288 -
S25-8 -
S4-13 -
F1811A -
DS47 -
S1-30 -
SCZ45 -
DS55 -
NS362 -
F975A -
S1-5 -
KF365 -
F2877/8 -
H663A -
H382A -
H432A -
H521A -
H399A -
XS10 -
XS8 -
W62 -
W63 -
W93 -
W386A -
W79A -
NW125X -
NW125 -
TW5 -
W62 -
W61 -
TS42 -
W7A -
NW225 -
W12 -
W6 -
W4 -
W56 -
W64 -
W5 -
NW234 -
W74A -
S1-40 -
W791A -
W658A -
W664A -
W74A -
F1015A -
F1015B -
F1015C -
S70-4 -
DS57 -
F1723A -
PF204 -
S23-42 -
F1088A -
S25-65 -
NF733 -
D68A -
D68 -
T478A -
T480A -
NT367 -
PCE102F -
NT316 -
T91 -
T177A -
T87 -
T91 -
D69 -
T148A -
S23-37 -
F2964S -
F2964R -
F2966B -
F1823B -
F1823C -
GS367 -
F1607A -
S25-27 -
F1645A -
E370A -
S63-1 -
MF119 -
18/599 -
18/535 -
18/174 -
18/087 -
18/053 -
70/016 -
18/546 -
18/528 -
18/174 -
12/044 -
11/014 -
18/087 -
18/053 -
70/016 -
12/171 -
12/017A -
12/029 -
12/031 -
12/033 -
11/014 -
12/040 -
D203/X -
D203/W -
D203C -
D81 -
DS73 -
DS74 -
W76 -
D223W -
D223C -
H446B -
D224W -
D226W -
D224C -
D226C -
D225W -
D225C -
W328A -
DS48 -
S26-16 -
W11 -
NS372 -
NF704 -
F1729T -
F1729D -
F1897D -
F1729F -
F1729G -
F1729H -
F1729I -
F1729J -
F1729A -
F1897A -
W76 -
NA64J -
NF761 -
S23-42 -
S4-9 -
F1692A -
Z1 -
DA71 -
DA72 -
KA50 -
NA55 -
DA16 -
NA66 -
PA57 -
PA60 -
DA5 -
NA65 -
PA56 -
DA21 -
DA87 -
DA70 -
DA50/1 -
NA12 -
NA14A -
PA55 -
WA58 -
D49 -
S467/19 -
S467/17 -
S467/21 -
S467/23 -
DS40 -
P52305 -
D176B -
H14 -
L10S -
29206 -
29671 -
I67 -
F80 -
E2490A -
CP98 -
CP163 -
CP157 -
E1486A -
GS35 -
GS153 -
NA43A -
E1596A -
GS272 -
GS273 -
NE507 -
GS203 -
H1064A -
H1065A -
W1331X -
F4476A -
MF120 -
F3315E -
PU7E-9 -
H230A -
18/886 -
18/894 -
18/908 -
18/754 -
18/909 -
18/752 -
18/890 -
18/892 -
61/004 -
18/838 -
18/839 -
18/880 -
12/614 -
12/613 -
12/556 -
12/014 -
12/607 -
12/606 -
244/104 -
D87 -
D402/3 -
D245A -
N1253 -
CP144 -
CP168 -
CP145 -
CP94 -
CP95 -
CP27 -
CP158 -
CP159 -
CP160 -
CP99 -
CP96 -
CP173 -
CP97 -
CP5 -
CP102 -
CP181 -
GS6T/56 -
W1298X -
MLZ9E -
CP156 -
CP164 -
CP174 -
CP179 -
NA43 -
GS662 -
GS761 -
DS58 -
KW194 -
GS218 -
6/132A -
CP169 -
CP167 -
CP165 -
CP175 -
CP180 -
CP170 -
CP166 -
CP176 -
CP171 -
CP177 -
E4001T -
GS127 -
F3216A -
DA311 -
D177-9 -
D/GS6 -
D/GS7 -
57-423A -
CP205 -
E3606T -
CP199 -
CP200 -
CP206 -
CP202 -
H1528A -
CP99/10 -
CP99/20 -
CP99/40 -
D/GS1 -
57-7033X -
N4 -
S26-12 -
E100082 -
CP198 -
H1111A -
F4244A -
F4360A -
CP120 -
CP125 -
CP126 -
CP127 -
CP128 -
CP121 -
CP130 -
CP129 -
CP124 -
CP122 -
CP123 -
W964/5 -
W963/5 -
W984/48 -
D278C -
D278W -
18/107 -
D289C -
D289W -
12/083 -
D282C -
D282W -
12/083 -
18/115 -
D287C -
D287W -
D1O1 -
18/107 -
18/147 -
D286C -
D286W -
F70 -
F3501C -
F3501D -
16/011 -
HF150 -
CP148 -
CP149 -
CP150 -
CP141 -
D323C -
D323W -
D315C -
D315W -
D316W -
D316C -
D331C -
D331W -
D321C -
D321W -
D317C -
D317W -
D332C -
D332W -
70/510 -
91/314 -
70/009 -
70/009 -
100/006 -
18/717 -
70/005 -
306/1 -
306/001 -
306/003 -
306/004 -
306/005 -
16/010 -
306/010 -
306/007 -
16/070 -
18/706 -
16/069 - 
18/557 -
18/556 -
18/234 -
306/008 -
366/2 -
366/001 -
366/002 -
366/004 -
366/007 -
366/008 -
376/079 -
366/006 -
CP155 -
91/322 -
70/316 -
70/317 -
D356C -
D356W -
HN -
E667A -
E1330C -
18/763 -
18/762 -
CP188 -



        
