*manufacturer Triumph
*major_model 500cc Unit Twin
*minor_model T100R
*year 1973
*publication_part_no 99-0981

*page 9
*title Crankshaft and Connecting Rods
1  70-9489 Crankshaft & flywheel assembly #5@7- $1
2  70-9490    Crankshaft $1
3  70-3999    Oil tube, crankshaft $1
4  70-9492    Screwed plug, crankshaft $1
5  70-5870    Flywheel $1
6  21-1913    Flywheel bolt $3
7  70-9915 Connecting rod $2
8  70-9914    Connecting rod bolt $2
9  60-3761    Self locking nut, con-rod bolt $2
10 70-3706 Big end bearing, half shell, std. $4
11 70-6884 Piston assembly, CR 9.0 : 1, std. #5@7+ $2
12 70-6893    Taper compression ring, std. $2
13 70-6894    Oil control ring, std. $1
14 70-6861    Gudgeon pin, piston $1
15 70-6869    Circlip, pistons $2
16 71-2664 Spacer, engine sprocket $1
17 70-3734 Engine sprocket, 26T duplex $1
18 70-3851 Rotor key $1
19 99-0739 Rotor *Lucas_54213901 $1
20 70-3975 Tab washer, rotor nut $1
21 21-1915 Nut, rotor $1
22 70-1580 Key, timing pinion $1
23 70-1771 Timing pinion $1
24 21-1914 Nut, crankshaft timing pinion $1
25 70-6160 Intermediate wheel #2+ $1
26 70-0400    Intermediate wheel bush $1
27 71-2717 Camshaft pinion $2
28 70-1558 Camshaft key $2
29 71-1007 Nut, inlet camshaft $1
30 70-6523 Nut, exhaust camshaft $1
31 71-1064 Inlet camshaft $1
32 71-9984 Exhaust camshaft $1
33 70-9988    Plug, camshaft tachometer drive $1
34 70-9502 Retaining plate, camshafts $2
35 21-1929 Screw, camshaft retaining plates $4
36 70-9503 Clamping washer, crankshaft timing pinion $1
NI 70-8038 Shim (0.010"), engine sprocket $<=4
NI 71-2660 Shim (0.030"), engine sprocket $<=4

*page 11
*title Crankcase
1  71-1268 Crankcase, D.S. #3@4+ $1
2  70-4147    Abutment, primary chain tensioner $1
3  70-3823    Bush, camshaft $2
 4
5  71-1269 Crankcase, T.S. #9@9+ $1
6  70-9496    Pipe, crankcase oil scavenge $1
7  70-1509    Clip, crankcase oil scavenge pipe $1
8  21-1920    Screw, crankcase oil scavenge pipe clip $1
9  14-6102    Bolt, crankcase oil scavenge pipe, top $1
10 70-7430    Tab washer, crankcase oil scavenge pipe, top $1
11 57-1606    Bearing, T.S. crankcase (needle roller) $1
12 70-6386    Dowel, T.S. crankcase $RO
13 70-0375    Spindle, intermediate timing pinion $1
14 57-0912    Peg, thrust washer, T.S. crankcase $1
15 70-3716 Dowel, hollow, crankcase front top joint $2
16 14-0302 Nut, gearbox cover $1
17 14-0225 Bolt, T.S. crankcase $1
18 21-2503 Washer, crankcases $5
19 14-1302 Nut, crankcases $2
20 21-1925 Stud, crankcase clamping $2
21 21-1919 Bolt, crankcase mouth, outer rear $1
22 21-1852 Nut, crankcases $1
23 21-1864 Stud, oil pump $2
24 70-9494 Bearing, R.H. main (ball journal) $1
25 21-1921 Stud, cylinder base $6
26 21-1922 Stud, cylinder base $2
27 70-8751 Dowel, cylinder base stud $2
28 70-9493 Bearing, L.H. main (roller journal) $1
29 70-3724 Spring, crankcase oil filter $1
30 70-3722 Element, crankcase oil filter $1
31 70-9501 Cap, crankcase oil filter $1
32 70-1577 Washer, crankcase oil filter $2
33 70-3723 Sealing washer, crankcase oil scavenge pipe $1
34 21-1927 Stud, gearbox to cover $2
35 21-1872 Plug, crankcase drain $1
36 57-1257 Fibre washer, crankcase drain plug $1
37 70-8896 Fibre washer, timing hole plug $1
38 57-2166 Plug, gearbox filler $1
39 70-8782 Washer, gearbox filler plug $1
40 70-7431 'O'ring, crankcase $1        /* Where ?
41 21-1872 Plug, timing hole $1
42 71-1079 Cover plate, primary chaincase $1
43 70-9335 Outlet stub, crankcase breather $1
44 71-1460 Gasket, crankcase breather outlet stub $1
45 71-1077 Screw, primary chaincase cover plate $2
46 71-1075 Screw, crankcase breather outlet stub $2  /* Only 1 in list ?
NI 70-4707 Grommet, alternator leads $1

*page 13
*title Oil Pump And Release Valve
1  70-6928 Oil pump, complete #7@10- $1
2  70-6680    Body, oil pump $1
3  60-2363    Ball, oil pump valve $2
4  70-0403    Spring, oil pump valve $2
5  70-2360    Plug, oil pump body $2
6  71-3422    Plunger, oil pump feed $1
7  70-6681    Plunger, oil pump scavenge $1
8  70-0495    Slider block, oil pump driving $1
9  71-1461 Gasket, oil pump to crankcase $1
10 70-3887 Serrated washer, oil pump stud $2
11 21-1906 Nut, oil pump stud $2
12 70-6595 Valve assembly, oil pressure relief #5- $1
13 70-7590    Body, oil pressure release valve ~reference_only $1
14 70-8752    Piston, oil pressure release valve $1
15 70-7591    Spring, oil pressure release valve $1
16 70-6596    Cap, oil pressure release valve $1
17 70-8754    Washer, release valve to cap $1
18 70-1670 Washer, release valve to crankcase $1

*page 15
*title Inlet Manifold
1  21-0582 Stud, carburettor to manifold $4
2  14-1302 Nut, carburettor to manifold studs $4
3  70-6772 Gasket, manifold to head $2
4  71-1459 Gasket, carburettor to manifold $2
5  70-2968 Insulating block, carburettor to manifold $2
6  70-7136 Inlet manifold, left $1
7  70-7137 Inlet manifold, right $1
8  60-4247 Washer, carburettor to manifold studs $4
9  70-6916 Connector, balance pipe to manifold $2
10 70-6958 Balance pipe, inlet manifolds $1
11 70-5473 Clip, manifolds balance pipe $2
12 14-7019 Socket head screw, inlet manifold to head $4

*page 17
*title Carburettor
*variant_assembly_start
*variant_assembly LEFT
1  60-3967 Carburettor, type 626, left *Amal_L626/65 $1
*variant_assembly RIGHT
1  60-3968 Carburettor, type 626, right *Amal_R626/64 $1
*common_assembly
2  99-0522    'O' ring for flange, carburretor *Amal_622/101 $1
 3  -------    Mixing chamber(s) $RO /* In above
4  99-1049    Mixing chamber top *Amal_622/097 $1  /*  99-1019 elsewhere ?
5  99-0521    Screw, float & mixing chamber tops *Amal_622/086 $4
6  99-2001    Throttle valve (no. 3 1/2 cutaway) *Amal_622/060 $1
7  99-1033    Spring, throttle return, copper plated *Amal_622/131 $1
8  99-0516    Throttle stop screw *Amal_622/077 $1
9  99-0515    Pilot air screw *Amal_622/076 $1
10 99-0520    'O' ring for air & throttle screws *Amal_622/082 $2
11 99-1034    Jet holder *Amal_622/128 $1
12 99-1131    Main jet (150) *Amal_376/100 $1
13 99-1035    Needle jet (.106) *Amal_622/122 $1
14 99-1036    Needle *Amal_622/124 $1
15 99-0510    Needle clip *Amal_622/067 $1
16 99-1051    Guide sleeve, air valve *Amal_622/134 $1
17 99-0512    Float *Amal_622/069 $1
18 99-0513    Float spindle *Amal_622/071 $1
19 99-0514    Gasket, float chamber *Amal_622/073 $1
20 99-1154    Float chamber *Amal_622/055 $1
21 99-0511    Float needle *Amal_622/068 $1
22 99-0438    Filter, carburettor *Amal_376/093 $1
23 99-0517    Banjo bolt, carburettor *Amal_622/078 $1
24 99-1124    Fibre washer, banjo bolt, carburettor *Amal_13/163 $1
25 99-1024    Cable adjuster, carburettor top *Amal_4/035 \optional $RO
26 99-0224    Locknut, carburettor cable adjuster *Amal_5/077 \optional $RO
27 99-1021    Air slide *Amal_622/062 ^alternative_99-1050 $1      /* Or 99-1050 in FS list
28 99-1038    Spring, air slide *Amal_622/129 $1
29 -------    Tickler, carburettor *Amal_622/089 $RO
30 -------    Spring, carburettor tickler *Amal_14/032 $RO
31 99-1152    Drain plug, carburettor *Amal_622/147 $1
32 99-1153    Washer, carburettor drain plug *Amal_622/151 $1
*variant_assembly_end
33 82-9272 Petrol pipe $1

*page 19
*title Cylinder Block And Head
1  70-3798 Gasket, cylinder base $1
2  70-9719 Cylinder block $1
3  70-7563 'O'ring, tappet guide block $2
4  21-0692 Nut, crankcase cylinder base studs, 12 point $8
5  70-9352 Guide block, valve tappets $2
6  97-0200 Lock screw, tappet guide block $2
7  70-1612 Serrated washer, valve tappet block lock screw $2
8  70-4040 Tappet, valves, racing type $4
9  71-2643 Cylinder head, c/w guides $1
10 70-6301    Valve guide, inlet & exhaust $4
11 70-3209    Circlip, valve guides $4
12 14-0301 Nut, rocker box studs $4
13 70-6853 Valve, inlet $2
14 70-6854 Valve, exhaust $2
15 70-6855 Cup, valve spring, bottom $4
-- 99-3754 Valve spring set #2@8- $1    /* From FS list
16 70-5946    Valve spring, inner $4
17 70-4011    Valve spring, outer $4
18 70-3742 Collar, valve spring, top $4
19 99-0062 Cotter, valves, split $8
20 70-4456 Bolt, cylinder head $4
21 82-2184 Washer, cylinder head bolts $8
22 70-4675 Gasket, cylinder head $1
23 71-2075 Rocker box, inlet $1
24 71-2076 Rocker box, exhaust $1
25 70-9511 Gasket, rocker box $2
26 14-1401 Stud, rocker box $4
27 70-3302 Washer, rocker box studs $4
28 71-2079 Plug, rocker box $4
29 57-2697 Washer, rocker box plug $4
30 14-6609 Screw, rocker box $4
31 70-3857 Washer, rocker box screws $4
32 70-3794 Bolt, cylinder head, long $2
33 70-3795 Bolt & torque stay mounting, cylinder head $2
34 70-3809 Oil feed bolt, rocker box $2
35 82-1880 Copper washer, rocker box oil feed $6
36 97-0400 Domed nut, rocker box oil feed bolt $2
37 70-4610 Inspection cap, rocker box $4
38 70-8782 'O' ring, rocker box inspection cap $4
39 70-3749 Rocker, R.H. exhaust & L.H. inlet valves $2
40 70-3750 Rocker, L.H. exhaust & R.H. inlet valves $2
41 70-7651    Pin, valve rocker ball $4
42 70-3223 Adjuster, valve rocker ball $4
43 60-4264 Lock nut, valve rocker ball adjuster $4
44 70-2534 Thrust washer, valve rockers $6
45 70-3224 Thackeray washer, valve rockers $4
46 70-3748 Spindle, valve rockers $2
47 60-3548 'O' ring, rocker spindles $2
48 70-1335 Copper washer, rocker spindles $2
49 70-1435 Domed nut, rocker spindles $2
50 70-4008 Push rod $4
51 71-2576 Cover tube, push rods $2
52 70-7310 'O'ring, push rod tube seal, bottom $2
53 71-1283 'O'ring, push rod tube seal, top $2
54 70-4671 Locking spring, rocker box inspection cap $4
NI 71-1707 Sleeve $2            /* Where ?
NI 70-3547 Sealing rubber $2    /* Where ?

*page 21
*title Timing Cover And Contact Breaker
1  70-9250 Timing cover $1
2  70-4016 Patent plate $1
3  60-2085 Rivet, patent plate $3  /* 60-4255 in FS list
4  70-4568 Oil seal, timing cover $1
5  14-6607 Screw, timing cover, short $4
6  21-1916 Screw, timing cover, long $4
7  57-0989 Hollow dowel, timing cover $1
8  99-0771 Auto-advance unit *Lucas_54419340 $1
-- -------    Cam, auto-advance unit $RO
9  95-0757    Spring set, auto-advance unit *Lucas_54415642 $1
-- -------    Weight, auto-advance unit *Lucas_425359 $2
-- -------    Sleeve & action plate, auto-advance unit *Lucas_54419428 $1
10 99-0768 Contact breaker plate assembly *Lucas_54419097 $1
11 99-0769    Pin, contact breaker adjustment *Lucas_54419220 $2
12 99-0772    Contact set *Lucas_54419827 $1
13 60-3963 Washer, timing cover screws $8
14 70-7680 Pillar bolt, contact breaker mounting $2
15 70-6559 Washer, contact breaker pillar bolts $2
16 14-0208 Bolt, contact mounting $1
17 70-8163 Washer, contact mounting bolt $1
18 70-8737 Cover, contact breaker $1
19 71-1462 Gasket, contact breaker cover $1
20 60-4256 Serrated washer, contact breaker cover $2
21 70-7354 Screw, contact breaker cover $2
22 60-2133 Oil pressure switch $1
23 60-2045 Cover, oil pressure switch $1
24 70-4569 Circlip, timing cover $1
NI 70-4849 Dowel pin, auto-advance to camshaft $1
NI 60-2138 Timing label, C.B. cover $1
NI 70-9526 Blanking plug, oil pressure switch \optional $1

*page 23
*title Gearbox Shafts, Bearings And Inner Cover
1  57-0665 Bearing, high gear (ball journal) $1
2  57-1478 Oil seal, high gear bearing $1
3  37-0680 Circlip, high gear bearing $1
4  14-6608 Screw, gearbox inner cover $2
5  57-1422 Plate, kickstart return spring $1
6  57-0912 Peg, layshaft $1
7  57-1606 Bearing, layshaft (needle roller) $1
8  57-1607 Thrust washer, layshaft bearing $1
9  57-3991 Gear, mainshaft high, 22T $1
10 57-1405    Bush, mainshaft high gear $1
11 57-4039 Mainshaft, c/w 3rd (16T) and low gear (24T) $1
12 57-1391    Bush, mainshaft clutch rod $1
13 57-3994 Gear, mainshaft 2nd, 21T $1
14 57-1411 Distance piece, R.H. mainshaft $1
15 57-4041 Layshaft, c/w 2nd (15T) & high gear (23T) $1
16 57-3997 Gear, layshaft 3rd, 20T $1
17 57-3999 Gear, layshaft low, 27T $1
18 57-1393    Bush, layshaft low gear $1
19 57-1426 Pawl retaining disc $1
20 57-3660 Index plunger, camplate $1
21 57-3661 Spring, camplate index plunger $1
22 57-1457 Spindle, gear selector forks $1
23 57-1480 Selector fork, mainshaft $1
24 57-1481 Selector fork, layshaft $1
25 57-4218 Camplate, gear selection $1
26 57-1418 Spindle, gear selection camplate $1
27 ------- Split pin, gear selection camplate spindle, 1/8" x 3/4" $1
28 57-1416 Pointer, gear indicator $1
29 97-0688 Screw, gear indicator pointer $1
30 57-4300 Inner cover, gearbox $1
31 57-1417 Plate, gear indication $1
32 60-4255 Rivet, gear indication plate $2
33 57-1440 Hollow dowel, gearbox inner to outer covers $2
34 57-1157 Stop plate, kickstarter $1
35 57-1390 Anchor screw, kickstart stop plate $1
36 57-1981 Spindle assembly, kickstart $1
37 57-1431    Pawl, kickstarter spindle $1
38 57-1282    Plunger, kickstarter spindle $1
39 57-1161    Spring, kickstarter spindle plunger $1
40 57-1897    Bearing, kickstarter spindle $1
41 57-1469 Bearing, mainshaft T.S. (ball journal) $1
42 57-4113 Circlip, T.S. mainshaft bearing $1
43 57-2240 Tab washer, mainshaft nut $1
44 21-0594 Nut, mainshaft T.S. $1
45 57-1464 Distance piece, kickstarter spindle $1
46 57-1441 Spring, kickstart return $1
47 70-4803 'O'ring, camplate spindle $1
48 57-4612 Dipstick, gearbox $1
*page 25
*variant_start WR
9  57-4029 Gear, mainshaft high, 23T $1
10 57-1405    Bush, mainshaft high gear $1
11 57-4040 Mainshaft, c/w 3rd (15T) and low gear (24T) $1
12 57-1391    Bush, mainshaft clutch rod $1
13 57-4031 Gear, mainshaft 2nd, 20T $1
15 57-4042 Layshaft, c/w 2nd (14T) & high gear (24T) $1
16 57-3997 Gear, layshaft 3rd, 20T $1          /* Same as standard
17 57-4033 Gear, layshaft low, 29T $1
*variant_end

*page 27
*title Gearbox Outer Cover
1  57-3755 Outer cover, gearbox $1
2  57-1395    Bush, gear change lever $1
3  21-1928 Stud, gearbox outer to inner covers $2
4  14-6505 Screw, return spring housing to outer cover $1
5  57-1942 Quadrant assembly, gear change $1
6  57-1474    Retaining pin, gear selector plunger spring $2
7  57-1436    Spring, gear selector plunger $2
8  57-1386    Plunger, gear selector $2
9  -------    Split pin, gear selector, 5/64" x 3/4" $2
10 57-2697 Sealing ring, gear lever shaft $1
11 57-1871 Housing, gear lever return springs $1
12 57-1877 Spring, gear lever return $2
13 57-1878 Thrust button, gear lever return spring $1
14 57-1977 Cover, gear lever return spring housing $1
15 21-1877 Nut, gear lever return spring housing cover $2
16 57-1876 Distance piece, gear lever return spring housing, top $2
17 57-1874 Distance piece, gear lever return spring housing $1
18 57-4439 Clutch lever, 3 ball type $1
19 60-2368 Ball, clutch lever, 3/8" dia. $3
20 57-1710 Shaft, clutch lever $1
21 57-1712 Spring, clutch lever shaft $1
22 57-3673 Washer, clutch lever shaft $1
23 ------- Split pin, clutch lever shaft, 5/64" x 1/2" $1
24 57-1945 Spoke, clutch lever operation $1
25 57-1946 Connector, clutch lever operating spoke $1
26 57-1937 Nut, clutch lever operating spoke $1
27 57-3784 Abutment, outer cover clutch cable entry $1
28 57-2062 Adaptor, clutch cable, short $AR
28 57-2063 Adaptor, clutch cable, long (for cable with short outer cover) $AR
29 57-1646 Rubber cover, clutch cable abutment $1
30 14-1302 Nut, gearbox outer cover $2
31 60-4247 Washer, gearbox outer cover $2
32 21-1918 Screw, gearbox outer cover $2
33 21-1917 Screw, gearbox outer cover $2
34 57-1435 Lever, gearchange $1
35 57-2450 Rubber, gearchange lever $1
36 37-0932 Bolt, gearchange lever $1
37 57-3797 Kickstarter lever, complete $1
38 57-3742    Lever, kickstart $1
39 57-1272    Pedal, kickstart $1
40 60-2364    Ball, kickstart pedal, 1/4" dia. $1
41 57-1167    Spring, kickstart pedal $1 
42 21-0541    Bolt, kickstart pedal pivot $1
43 21-0644    Bolt, kickstart lever clamp $1 
44 57-2330 Rubber, kickstart pedal $1
45 57-1970 Clutch operating rod $1
46 57-2239 Oil seal, gearbox outer cover $1        /* Not sure where ?
47 57-2238 Cover, oil seal, gearbox outer cover $1 /*
48 70-1612 Serrated washer, gear lever return spring housing cover $2 

*page 29
*title Clutch
1  57-1570 Sprocket & housing, clutch $1
2  57-3930 Hub, clutch $1
3  57-3931 Thrust washer, clutch hub $1
4  57-0394 Roller, clutch hub $20
5  21-0586 Nut, clutch centre $1    
6  57-4438 Centre, shock absorber body, clutch $1
7  57-4436 Inner plate, clutch $1
8  21-2157 Bolt, clutch inner plate $3
9  57-4636 Spider, clutch shock absorber, 3 vanes $1
10 57-1722 Drive rubber, clutch, large $3
11 57-1723 Rebound rubber, clutch, small $3
12 57-4437 Outer plate, clutch $1
13 57-423A Screwed pin, clutch $3
14 57-1362 Clutch plate, driving bonded $6
15 57-1363 Clutch plate, driven plain $6
16 57-2156 Pressure plate, clutch $1
17 57-2159 Adjuster pin, clutch $1
18 14-0403 Nut, clutch adjuster pin $1
19 57-1931 Cup, clutch springs $3
20 57-1560 Spring, clutch, strong $3
21 57-2526 Nut, clutch spring pin $3
22 60-4253 Key, clutch hub $1
23 57-2279 Washer, clutch centre $1

*page 31
*title Chaincase And Chains
1  57-147+ Sprocket, gearbox, 18T `T1476/18 $1
1  57-147+ Sprocket, gearbox, 19T \optional `T1476/19 $1
1  57-1569 Sprocket, gearbox, 20T \optional $1
2  57-2536 Nut, gearbox sprocket $1
3  60-0444 Chain, rear, 5/8" x 3/8" 102L $1
4  70-7037 Cover plate, inner chaincase $1
5  70-7565 Oil seal, mainshaft, inner chaincase $1
6  71-1419 Gasket, inner chaincase cover plate $1
7  70-3821 Countersunk screw, inner chaincase cover plate $6
8  60-0358 Primary chain, 3/8" duplex 78L $1
9  70-6283 Blade, primary chain tensioner $1
10 70-4152 Tie rod, primary chain tensioner $1 
11 70-4148 Trunnion, primary chain tensioner $1
12 70-9495 Stud, stator mounting $3
13 99-1006 Stator, RM 21 *Lucas_47205 $1
14 60-4247 Washer, stator mounting $3
15 14-0702 Nut, stator mounting $3
16 70-4144 Rubber grommet, alternator leads $1
17 70-9360 Sleeve nut, alternator leads $1
18 70-1509 Clip, alternator leads $1
19 21-1920 Set screw, alternator leads clip $1
20 70-1456 Gasket, primary chaincase $1     /* 70-4156 before ??
21 70-9249 Primary chaincase $1
22 57-2440 Rotor cover, primary chaincase $1
23 71-1457 Gasket, primary chaincase rotor cover $1
24 82-4129 Screw, primary chaincase rotor cover $3
25 57-2537 Pointer, ignition timing, primary chaincase $1
26 14-6101 Level plug, primary chaincase $1
27 70-2441 Copper washer, chaincase level plug $1  /* 2 in list ?
28 57-2166 Filler plug, primary chaincase $1
29 70-8782 'O'ring, primary chaincase filler plug $1
30 21-1878 Screw, primary chaincase, long $3
31 14-6609 Screw, primary chaincase, short $7
32 70-9703 Sleeve nut, primary chain tensioner $1
33 57-2259 Drain plug, primary chaincase $1
34 57-1738 Fibre washer, primary chaincase drain plug $1
35 57-2056 Tab washer, gearbox sprocket nut $1
36 70-7571 Crankcase protector, primary chaincase $1
37 14-1301 Self-locking nut, crankcase protector, primary chaincase $1
38 60-3963 Washer, chaincase screws $14

*page 33
*title Exhaust System
1  71-2628 Exhaust pipe, L.H. $1
2  71-2629 Exhaust pipe, R.H. $1
3  71-2466 Finned clip, exhaust pipes $2
4  21-0778 Bolt, exhaust pipe finned clip $2
5  21-2186 Nut, exhaust pipe finned clip $2
6  14-2205 Bolt, exhaust pipe to bracket $2
7  14-1301 Self-locking nut, exhaust pipe to bracket $2
8  70-9888 Balance pipe, exhaust pipes $1
9  70-7512 Clip, exhaust balance pipe $1
10 70-3768 'D'washer, exhaust balance pipe clip $4
11 14-0217 Bolt, exhaust balance pipe clip $2
12 14-1202 Nut, exhaust balance pipe clip $2
13 71-2017 Silencer, L.H. $1
14 71-2018 Silencer, R.H. $1
15 70-2271 Clip, exhaust pipe to silencer $2
16 70-3768 'D'washer, silencer clip $4
17 14-0219 Bolt, silencer clip $2
18 60-4247 Washer, silencer clip $2
19 14-1202 Nut, silencer clip $2

*page 35
*title Engine Fittings
1  82-7333 Engine plate, L.H. front $1
2  82-7334 Engine plate, R.H. front $1
3  14-0239 Bolt, front engine plates to frame $1
4  60-4246 Washer, front engine plates to frame $1
5  14-1303 Nut, front engine plates to frame, Cleveloc $1
6  21-2006 Stud, front engine plates to frame, top $1
7  60-4247 Washer, front engine plates to frame, top $2
8  14-1302 Nut, front engine plates to frame, top, Cleveloc $2
9  21-2083 Stud, front engine plates to frame, middle $1
10 60-4247 Washer, front engine plates to frame, middle $2
11 14-0302 Nut, front engine plates to frame, middle inner, $2
12 14-1302 Nut, front engine plates to frame, middle outer, Cleveloc $2
13 70-7641 Bracket, exhaust pipe L.H. $1
14 70-7642 Bracket, exhaust pipe R.H. $1
15 14-0225 Bolt, front engine plates to frame, bottom $1
16 60-4247 Washer, front engine plates to frame, bottom $1
17 14-1302 Nut, front engine plates to frame, bottom, Cleveloc $1
18 70-4778 Torque stay, engine to frame $2
19 60-4259 Washer, torque stay to rocker box stud $2
20 60-4261 Nut, torque stay to rocker box stud $2
21 14-0220 Bolt, torque stay to frame $1
22 70-7119 Distance piece, torque stay bolt, D.S. $1
23 70-3434 Distance piece, torque stay bolt, T.S. $1
24 60-4247 Washer, torque stay to frame $1
25 14-1302 Nut, torque stay to frame, Cleveloc $1
26 82-4229 Engine plate, L.H. rear $1
27 82-4230 Engine plate, R.H. rear $1
28 14-0242 Bolt, rear engine plates to crankcase $1
29 60-4246 Washer, rear engine plates to crankcase $1
30 14-1303 Nut, rear engine plates to crankcase, Cleveloc $1
31 14-0228 Bolt, rear engine plates to frame $2
32 60-4247 Washer, rear engine plates to frame $2
33 14-1302 Nut, rear engine plates to frame, Cleveloc $2
34 21-2004 Stud, engine to frame, bottom $1
35 82-5532 Distance piece, bottom engine to frame stud $2
36 14-1303 Nut, bottom engine to frame stud $2

*page 37
*title Frame
1  83-0034 Frame, front $1
2  97-0111 Cup, steering head race $2
3  60-2364 Ball, steering head race, 1/4" dia. $40
4  97-1018 Top cone & dust cover, steering head race $1
5  82-5679 Washer, steering head $2          /* Not in diag. ?
6  82-7155 Steering stop $2
7  82-8038 Frame, rear $1
8  14-0241 Bolt, rear to front frame, top $1
9  60-4246 Washer, top rear to front frame bolt $1
10 14-1303 Nut, top rear to front frame bolt $1
11 21-0588 Bolt, lower rear to front frame $2
12 99-0046 Spring washer, lower rear to front frame $2
13 82-7693 Centre stand $1
14 57-2331 Rubber, centre stand pedal $1
15 82-5678 Pivot bolt, centre stand $2
16 82-4484 Tab washer, centre stand pivot bolt $2
17 82-2725 Nut, centre stand pivot bolt $2 
18 82-3617 Spring, centre stand return $1
19 83-1560 Prop stand $1
20 82-7021 Pivot bolt, prop stand $1
21 14-0703 Self-locking nut, prop stand pivot bolt $1
22 82-8382 Spring, prop stand return $1
23 82-4214 Footrest, L.H. $1
24 82-4215 Footrest, R.H. $1
25 82-9279 Rubber, footrest $2
26 14-0251 Bolt, footrests $2
27 82-4370 Washer, footrest bolt $2
28 14-1304 Nut, footrest $2
29 82-5087 Bracket, L.H. pillion footrest $1
30 82-5088 Bracket, R.H. pillion footrest $1
31 14-0115 Bolt, frame to pillion footrest brackets $4
32 60-4247 Washer, pillion footrest bracket bolts $4
33 82-7705 Stop screw, brake pedal $1
34 14-0302 Lock nut, brake pedal stop screw $2 /* 2 ?
35 82-9369 Footrest, pillion $2
36 82-9370    Hanger, pillion footrest $1
37 21-1910    Bolt, bracket to hanger, pillion footrest $1
38 60-4259    Spring washer, bracket to hanger, pillion footrest $1 
39 82-1694    Pedal, pillion footrest $1
40 82-9371    Pivot bolt, pillion footrest $1
41 82-2277    Spring washer, pillion footrest pivot bolt $1
42 14-1302    Nut, pillion footrest pivot bolt $1
43 82-1695    Rubber, pillion footrest $1
44 82-7706 Spindle, brake pedal $1
45 14-0405 Nut, brake pedal spindle, inner $1 
46 82-7703 Brake pedal $1
47 60-3541 Spring washer, brake pedal spindle, outer $1
48 60-4246 Washer, brake pedal spindle, outer $1
49 14-0403 Nut, brake pedal spindle, outer $1
50 14-0216 Bolt, prop stand stop $1
51 14-0402 Nut, prop stand stop $1
NI 60-2452 Transfer, "Safety Standards" $1

*page 39
*title Swinging Arm, Suspension Units And Chainguard
1  82-7375 Swinging Arm, rear $1
2  82-4076    Bush, rear swinging arm $2
3  82-7342 Spindle, rear swinging arm $1
4  82-7270 Gaiter, rear swinging arm spindle $2
5  82-4385 Shim, rear swinging arm, 0.003" $AR
5  82-4386 Shim, rear swinging arm, 0.005" $AR
6  83-0037 Distance piece, swinging arm spindle, left $1
7  21-0580 Bolt, swinging arm spindle, left $1   /* Other way round in '68 ?
8  21-0579 Bolt, swinging arm spindle, right $1  /*
9  60-2024 Suspension unit *Girling_64052107 $2
10 99-0122    Bonded bush, rear suspension unit *Girling_64533645 $4
11 99-0107    Spring retainer, rear suspension unit *Girling_9054/171 $4
12 99-1048    Spring, 100lbs, rear suspension unit, chromed *Girling_64543708 $1
13 14-0235 Bolt, rear suspension unit mounting $4
14 60-4246 Plain washer, rear suspension unit mounting $4
15 14-1303 Nut, rear suspension unit mounting $4
16 82-7707 Chainguard, main $1
17 14-0101 Bolt, chainguard front bracket to swinging arm $1
18 60-4250 Spring washer, chainguard front bracket to swinging arm $1
19 82-4134 Bracket, main chainguard, front $1
20 14-0113 Bolt, chainguard front bracket $1
21 82-7343 Tab washer, swinging arm spindle $2
22 60-1841 Grease nipple, swinging arm spindle bolt $1
23 14-0702 Self-locking nut, chainguard front bracket pivot bolt $1
24 82-9387 Stepped bolt, rear chainguard mounting $1
25 60-4247 Plain washer, rear chainguard mounting $1
26 14-1302 Nut, rear chainguard mounting $1
27 14-0128 Bolt, brake torque arm to swinging arm $1
28 14-1303 Nut, brake torque arm to swinging arm $1
29 60-4268 Nut $1                                 /*  What are these for ?
30 99-0046 Spring washer $1                       /*
31 82-7386 Operating rod, rear brake $1
32 ------- Split pin, rear brake operating rod, 1/16" x 1/2" $1
33 82-7387 Adjuster nut, rear brake rod $1
34 83-1780 Torque stay, rear brake $1
35 99-0046 Spring washer, brake torque arm to anchor plate $1
36 14-1304 Nut, brake torque arm to anchor plate $1
37 82-6046 Chainguard, front $1
38 14-0101 Bolt, front chainguard $1
39 60-4245 Washer, front chainguard bolt $1
40 14-1301 Nut, front chainguard bolt $1
41 99-0725 Switch, stop lamp *Lucas_54033234 $1
42 82-3158 Spring, stop lamp switch *Lucas_315738 $1
43 57-1076 Bolt, stop lamp switch mounting $3
44 82-4717 Self-locking nut, stop lamp switch mounting $5
45 82-5687 Lever, stop lamp switch $1
46 82-5413 'D'washer, stop lamp switch lever $1
47 82-7774 Distance piece, swinging arm spindle, right $1
48 14-0702 Nut, chainguard front bracket $1    /* Same as 23 ?
49 82-4078 Thrust washer, swinging arm spindle, right $1
NI 60-4263 Washer, grease nipple $1
NI 83-4277 Distance piece, brake rod $1

*page 41
*title Forks
1  97-2284 Fork assembly, complete $1
2  97-2288    Bottom yoke & stem, forks $1
3  97-0439    Bottom cone, fork yoke $1
4  97-2290    Pinch bolt, bottom fork yoke $2
5  60-4246    Plain washer, fork yoke pinch bolt $2
6  14-1303    Nut, fork yoke pinch bolt, Cleveloc $2
7  97-2263    Sleeve nut, fork stem, blind $1
8  97-3662    Top yoke, forks $1
9  82-6738    Steering lock, c/w 2 keys $1
10 60-0623    Key, steering lock - state serial number $2
11 21-0578    Grub screw, steering lock, top yoke $1
12 97-2266    Sealing plug, steering lock grub screw $1
13 97-2107    Locating pin, fork stem $1
14 21-0684    Pinch bolt, fork stem $1
15 21-0685    Seated nut, fork stem pinch bolt $1
16 97-4502    Top outer cover, left fork $1
17 97-4503    Top outer cover, right fork $1
18 82-4047    Cork washer, stanchion cap nut $2
19 97-1657    Fork spring upper abutment, front forks $2
20 97-1891    Spring (yellow/blue), front forks $2
21 60-3273    Plain washer, fork spring lower end $2
22 97-3635    Gaitor, front forks $2
23 97-4167    Dust excluder sleeve nut, front forks $2
24 60-3274       Oil seal, front fork sleeve nut $1    /* 97-1500 in FS list
25 97-2119       'O'ring, front fork sleeve nut $1
26 97-0431       Plain washer, front fork sleeve nut $1
27 97-0441    Top bearing, front forks (slider) $2
28 97-1896    Damping sleeve, front forks $2
29 97-3904    Stanchion, front forks $2
30 97-0443    Lower bearing, front forks (stanchion) $2
31 97-2091    Bearing nut, stanchion base $2
32 97-2245    Cap nut, stanchion top $2
*variant_assembly_start
*variant_assembly LEFT
33 97-4170 Fork slider, left, c/w cap $1
*variant_assembly RIGHT
34 97-4220 Fork slider, right, c/w cap $1
*common_assembly
35 97-1844    Spindle cap, fork slider $1
36 70-3446    Washer, fork slider spindle cap $2
37 21-2024    Stud, fork slider spindle cap $2
38 14-1202    Self-locking nut, fork slider spindle cap $2
*variant_assembly_end
39 97-3894    Drain plug, front forks $2
40 97-3893    Sealing washer, front forks drain plug $2
41 97-2154    Shuttle valve, front forks $2
42 97-2127    Circlip, front forks shuttle valve $2
43 97-2090    Restrictor, front forks $2
44 97-1062    Aluminium washer, restrictor rod fixing bolt, front forks $2
45 97-2126    Flanged bolt, front forks restrictor $2
46 97-3682    Bracket, cable retainer clip, front forks $1
47 97-2270    Cable retainer, front forks $1
48 82-8245    Starlock washer, cable retainer clip, front forks $1
49 97-3926    Square nut, fork slider mudguard attachment $2
50 97-0722    Cap, top fork yoke handlebar mounting $2
51 60-4247    Washer, top fork yoke handlebar cap $4
52 21-0589    Bolt, top fork yoke handlebar cap $4
53 97-1696    Top outer cover, without headlamp mounting, forks \optional $2
54 97-2208    Rubber mounting, headlamp bracket $2
55 97-4121    Headlamp bracket, left $1
55 97-4203    Headlamp bracket, right $1
56 97-2209    Rubber buffer, headlamp bracket $4
57 97-2210    Backing washer, headlamp bracket $4
58 21-2095    Attachment bolt, headlamp bracket $4
NI 82-6784    Cable grommet, right top cover, front forks $1

*page 45
*title Front Wheel
1  37-3458 Front wheel, complete $1
2  37-1721 Rim, spokes & hub assembly, front wheel $1
3  37-1230    Rim, front wheel, WM2-19 $1
4  37-1328    Spoke, c/w nipple $20
5  37-1708    Spoke, c/w nipple $10
6  37-1709    Spoke, c/w nipple $10
7  37-4200    Nipple, wheel spoke $40
8  37-1722    Hub & brake drum $1
9  37-3582    Wheel spindle $1
10 37-0653    Wheel bearing, front $2
11 37-1237    Dust cover, front wheel bearing $1
12 57-0280    Circlip, front wheel bearing $1
13 37-3337    Support ring, R.H. front wheel bearing $1
14 37-1481    Grease retainer, L.H. front wheel bearing $1
15 37-0582    Retaining ring, front wheel bearing $1
16 37-3460    Cover plate, front wheel $1
19 37-3461    Anchor plate assembly, front brake $1
20 37-1996       Brake shoe, c/w lining $2
21 -------          Lining, brake $RO
22 37-0129          Brass rivet, brake lining $RO
23 37-2026    Thrust pad, brake shoe $2
24 37-0135    Spring, brake shoe return $2
25 37-2001    Brake cam, front brake $2
26 37-3453    Cam lever, front brake, front $1
27 14-1303    Nut, front brake cam levers $2
28 37-3454    Cam lever, front brake, rear $1
29 37-2003    Rod assembly, front brake cam levers $1
30 37-2005    Fork end (threaded), front brake rod assembly $1
31 14-0401    Locknut, front brake rod assembly $1
32 37-3522    Spring, front brake cam lever return $1
33 21-1995    Nut, front brake anchor plate $1
34 60-4252    Pivot pin, front brake rod assembly $2
35 -------    Split pin, front brake rod assembly, 1/16" x 3/8" $2
36 37-2027    Washer, front brake cam levers $2
37 37-1991    Gauze, front brake air scoop $1
38 21-1998    Taptite screw, front brake air scoop gauze $3
39 70-2351    Washer, front brake air scoop gauze screws $3
17 37-1197 Balance weight, 1/2 oz. $AR
18 37-1198 Balance weight, 1 oz. $AR

*page 47
*title Rear Wheel
1  37-3607 Rear wheel, complete $1
2  37-3610    Rim, spokes & hub assembly $1
3  37-1007       Rim, rear wheel, WM3-18 $1
4  37-1107       Spoke, rear wheel $10
-- 37-3402       Spoke, rear wheel $10
5  37-1108       Spoke, rear wheel $20
6  37-4200       Spoke nipple $40
7  37-3586       Hub, rear wheel $1
8  37-1499       Sprocket & brake drum, 46T $1
9  21-2010       Bolt, brake drum to hub $8
10 70-1612       Serrated washer, brake drum to hub $8
11 37-3585       Brake drum, rear wheel $1
12 21-2011       Bolt, sprocket to hub $8
13 14-1202       Self-locking nut, sprocket to hub $8
14 37-3589       Wheel spindle, rear $1
15 37-1474       Grease retainer, L.H. rear wheel bearing $1
16 37-1654       Grease retainer, R.H. rear wheel bearing $1
17 37-1022       Backing ring, rear wheel bearing $1
18 37-0653       Wheel bearing, rear $2
19 37-3587       Retaining ring, rear wheel bearing $1
20 37-1710          Screw, rear wheel bearing retaining ring $1
21 37-1278       Distance tube, rear wheel spindle centre $1
22 37-1024       Distance piece, flanged, rear wheel spindle $1 
23 37-3590       Anchor plate, rear brake $1
24 21-2013       Nut, rear wheel spindle, T.S. inner $1
*variant_assembly_start
*variant_assembly LEADING
25 37-1406 Brake shoe, c/w lining, leading $1
*variant_assembly TRAILING
26 37-1407 Brake shoe, c/w lining, trailing $1
*common_assembly
27 NW243      Lining, brake $1
28 37-0129    Brass rivet, brake lining $8
29 37-1415    Thrust pad, brake shoe $1
*variant_assembly_end
30 37-0135    Spring, brake shoe return $2
31 37-3592    Cam, rear brake $1
32 37-2014    Cam lever, rear brake $1
33 37-2027    Washer, rear brake cam lever $1
34 60-4261    Nut, brake cam lever $1
35 37-1488    Spring, brake cam lever return $1
36 37-1635    Grease retainer, rear wheel, T.S. outer $1
37 37-3588    Speedometer adaptor, rear wheel $1
38 37-1477    Distance piece, rear wheel, T.S. $1
39 60-0373    Gearbox, speedometer $1
40 37-1280    Washer, rear wheel spindle nut $1
41 21-2014    Nut, rear wheel spindle, D.S. inner $1
42 37-2089 Adjuster, rear chain $2
43 37-1015 End plate, rear chain adjuster $2
44 14-1902 Self-locking nut, rear chain adjuster $2
45 21-0585 Nut, rear wheel spindle, outer $2
46 37-3468 Security bolt WM3, rear tyre $2
47 37-0011 Pivot pin, rear brake cam lever $1

*page 49
*title Mudguards
1  97-4532 Mudguard, front $1 
2  97-3663 Front stay, front mudguard $1
3  97-3664 Centre stay, front mudguard $1
4  97-3886 Bottom stay, front mudguard $1
5  14-0101 Bolt, stays to mudguard $6
6  60-4245 Washer, stays to mudguard $6
7  14-1201 Nut, stays to mudguard, Cleveloc $6
8  97-1685 Bracket, stays to fork leg $2
9  14-0113 Bolt, brackets to fork leg $2
-- 97-4071 Tab washer, brackets to fork leg $2
10 60-3025 Washer, brackets to fork leg $2
11 14-0115 Bolt, top & centre stays to bracket $2
12 82-4299 Washer, top & centre stays to bracket $2
13 14-1302 Nut, top & centre stays to bracket $2
14 14-0115 Bolt, bottom stay to fork leg, front mudguard $2
15 60-4247 Washer, bottom stay to fork leg, front mudguard $2
16 14-1302 Nut, bottom stay to fork leg, front mudguard $2
17 83-4820 Mudguard, rear $1 
18 82-6916 Bracket, rear mudguard lower front support $1
19 14-0101 Bolt, bracket to rear mudguard $1
20 82-6310 Washer, bracket to rear mudguard $1
21 60-4250 Washer, bracket to rear mudguard $1
22 14-1201 Nut, bracket to rear mudguard, cleveloc $1
23 82-6915 Bridge piece, rear mudguard $1
24 14-0102 Bolt, bridge piece to rear mudguard $2
25 82-6310 Washer, bridge piece to rear mudguard $2
26 60-4245 Washer, bridge piece to rear mudguard $2
27 14-1201 Nut, bridge piece to rear mudguard, Cleveloc $2
28 83-2879 Lifting handle, rear mudguard $1
29 14-0102 Bolt, lifting handle to rear mudguard $2
30 60-4245 Washer, lifting handle to rear mudguard $2
31 14-1201 Nut, lifting handle to rear mudguard, Cleveloc $2
32 82-5994 Clip, rear mudguard $1
33 82-6031 Backing plate, rear mudguard clip $1
34 14-0113 Bolt, rear mudguard clip $2
35 60-4247 Washer, rear mudguard clip $2
36 14-1302 Nut, rear mudguard clip, Cleveloc $2
37 82-7826 Wiring protector, rear mudguard $1
38 14-0102 Bolt, wiring protector to rear mudguard $2
39 60-4245 Washer, wiring protector to rear mudguard $2
40 14-1201 Nut, wiring protector to rear mudguard, Cleveloc $2
NI 60-0777 Cable clip $1

*page 51
*title Tail Lamp
1  83-4774 Tail lamp carrier, alloy $1
2  14-1401 Stud, tail lamp carrier $1
3  60-2329 Washer, tail light carrier $1
4  14-1301 Nut, tail light carrier $1
5  83-5001 Support plate, rear lamp unit $1
6  83-4784 Bracket, rear number plate, top $1
7  82-6850 Bracket, rear number plate, bottom $1
8  14-0102 Bolt, number plate brackets and support plate $4
9  60-2329 Washer, number plate brackets and support plate $4
10 14-1301 Nut, number plate brackets and support plate $4
11 99-1252 Stop/tail lamp lens unit L917 *Lucas_56513 #4- $1
12 99-1257    Stop/tail lamp lens *Lucas_54584930 $1
13 -------    Base assembly, bulb mounting & wires, rear lamp *Lucas_54534931 $1
14 -------    Rear lamp lens gasket *Lucas_54583924 $1
15 99-0542    Rear lamp bulb *Lucas_380 $1
NI 83-4806 Wiring protector, rear lamp $1


*page 53
*title Panels And Seat
1  83-1358 Left panel & toolbox $1
2  83-1357 Screw, toolbox catch $1
3  83-1377 Washer, toolbox catch screw $1
4  83-0222 Captive nut, toolbox catch screw $1
5  82-5673 Grommet, toolbox buffer $2
6  83-1573 Twinseat $1
7  82-9715    Cover, seat $1
8  60-0697 Sprag, seat cover fixing $4
9  60-0696 Trim strip (bright), seat $1
10 82-4898 Rubber buffer, seat, front $2
-- 82-7835 Rubber buffer, seat, rear $2
11 82-8026 Hinge, seat, front $1
12 82-7862 Hinge, seat, rear $1
13 60-4250 Spring washer, seat hinges $4
14 14-0101 Bolt, seat hinges $4
15 60-0374 Check wire, seat $1
16 60-2381 Self-tapping screw, seat check wire $2
17 71-3749 Washer, seat release knob $1   
18 82-4228 Spring, seat release knob $1
19 ------- Split pin, seat release knob, 3/32" x 1/2" $1
20 82-7560 Release knob, seat $1
NI 60-2106 Transfer, "Daytona" $1
NI 60-0052 Transfer, "Positive Earth" $1

*page 55
*title Petrol Tank
1  83-4871 Petrol tank, 2 1/2 US gallons $1
1  83-4870 Petrol tank, 3 1/2 US gallons \optional $1
2  82-9701 Motif, petrol tank, left $1
3  83-1339 Screw, petrol tank motif, front $2
4  82-7888 Screw, petrol tank motif, rear $2
5  82-9700 Motif, petrol tank, right $1
6  82-8192 Knee grip, petrol tank, left $1
7  82-8193 Knee grip, petrol tank, right $1
8  83-2903 Bracket, round side reflectors $2
9  99-1161 Reflector, amber, round *Lucas_57183 $2
10 60-2391 Washer, front reflector mounting $2
11 82-4717 Nut, front reflector mounting $2
12 82-7388 Bolt, petrol tank rear mounting $1
13 82-5336 Double spigot rubber, petrol tank rear mounting $1
14 82-0967 Rubber washer, petrol tank rear mounting $1
15 82-3814 Cup, petrol tank rear mounting $1
16 82-5228 Rubber washer, petrol tank front mounting $2
17 82-5229 Spigot rubber, petrol tank front mounting $2
18 82-3814 Cup, petrol tank front mounting spigot $2
19 21-1883 Stud, petrol tank front mounting $2
20 14-1302 Nut, petrol tank front mounting $2
21 83-3875 Filler cap, petrol tank $1
22 82-4048    Washer, petrol tank filler cap $1
23 82-3217 Jack chain, petrol filler cap $1
24 83-2801 Petrol tap, left $1
25 83-2800 Petrol tap, right $1
26 70-7351 Seal, petrol tap $2
27 83-0002 Steel washer, petrol tap $2
28 83-0006 Nut, petrol tap $2
NI 60-0056 Transfer, "World Speed Record" $1
NI 60-0061 Transfer, "Made in England" $1
NI 60-2106 Transfer, "Daytona" $1

*page 57
*title Oil Tank
1  83-3290 Oil tank $1 
2  82-9659 Filler cap, oil tank $1
3  82-4047    Washer, oil tank filler cap $1
4  82-5343 Drain plug, oil tank $1
5  99-0048 Fibre washer, oil tank drain plug $1
6  82-3179 Filter, oil tank $1
7  82-1713 Fibre washer, oil tank filter $1
8  82-3655 Feed pipe, upper, oil tank $1
9  82-3182 Union nut, oil tank feed $1
10 70-4594 Oil pipe, flexible, oil tank $2
11 70-6848 Clip, flexible oil pipes $4
12 70-7203 Junction block & oil pipe $1
13 71-3754 Gasket, crankcase oil junction block $1
14 70-3446 Washer, crankcase oil junction block stud $1
15 21-1908 Nut, crankcase oil junction block stud $1
16 82-6039 Grommet, bottom oil tank mounting $1
17 70-6849 Clip, rocker oil feed pipe $1
18 82-9255 Strap, oil tank & battery mounting, front $1
19 82-8028 Strap, oil tank & battery mounting, rear $1
20 82-6673 Rubber spigot, oil tank mounting $4
21 82-6968 Rubber washer, oil tank mounting $2
22 14-0103 Bolt, top oil tank mounting $2
23 14-0701 Self-locking nut, top oil tank mounting $2
24 97-3894 Screw, breather pipe clip $1    /* 4 in list ?
25 82-4717 Nut, breather pipe clip $1      /*
26 82-7510 Screwed peg, top oil tank mounting $2
27 60-4248 Washer, top oil tank mounting $4
28 14-1301 Nut, oil tank mounting screwed peg $2
29 70-6353 Flexible oil pipe, rocker feed $1
30 70-7576 Feed pipe, rockers $1
31 82-6898 Bracket, bottom oil tank mounting $1
32 70-8034 Spigot nut, front oil tank mounting strap $1 /* Shown as 22 in diagram ?
33 71-1149 Pipe, crankcase breather vent $1
34 60-2253 Clip, crankcase breather vent pipe $2
35 83-1610 'T'piece connector, froth tower vent to breather pipe $1
36 83-1613 Pipe, froth tower vent $1
37 83-1614 Pipe, crankcase breather to rear mudguard $1
38 60-2252 Clip, 'T'piece to rear breather pipe $1
39 83-1615 Clip, breather pipe to rear mudguard $1
NI 60-1816 Transfer, "Important Drain and Refill, etc." $1

*page 59
*title Battery, Toolkit And Air Filter
1  99-0719 Battery PUZ5A *Lucas_54027029 $1
2  82-7431 Vent pipe, battery $1
3  82-8033 Retaining strap, battery (rubber) $1
4  82-8032 Anchorage, battery retaining strap $1
5  82-8024 Carrier, battery $1
6  82-8031 Rubber pad, battery carrier $1
7  82-8091 Rubber tray, battery carrier $1
8  ------- Fuse assembly, *Lucas_54938986 $1
9  83-1609 Air filter assembly $2
10 82-6866    Element, air filter (cloth) $1
11 82-4810    Clip, air filter cover $1
12 71-2086    Adaptor, carburettor to filter $1
13 60-0708    Clip, filter to carburettor $1
-- 60-2110 Tool kit $1
14 60-0291    Tool roll $1
15 60-2251    Ring spanner $1
16 60-1907    Ring spanner $1
17 60-2084    Spanner, open ended $1
18 60-0016    Spanner, open ended $1
19 60-2184    'C' spanner $1
20 60-2185    Tappet spanner $1
21 60-0087    Box spanner, for spark plug $1
22 60-0767    Screwdriver, c/w double ended blade $1
23 60-1911    Tommy bar $1

*page 61
*title Handlebars
1  97-4251 Handlebar $1
1  97-4252 Handlebar, USA style \optional $1
2  97-1425 Packing piece, handlebar $4
3  99-0248 Twistgrip assembly *Amal_16/364 #5@6- $1
4  99-0245    Twistgrip body, top half *Amal_16/328 $1
5  99-0246    Twistgrip body, bottom half *Amal_16/329 #4+ $1
6  99-0238       Friction spring, twistgrip *Amal_16/008 $1
7  99-0239       Screw, twistgrip friction spring *Amal_16/009 $1
8  99-0240       Locknut, twistgrip friction spring *Amal_16/010 $1
9  99-0244    Twistgrip rotor *Amal_16/091 $1
10 99-0225    Screw, twistgrip body halves *Amal_11/013 $2
11 97-2125    Grip (black), twistgrip $1
12 99-0241 Cable stop, twistgrip *Amal_16/011 $1
13 97-2124 Grip, handlebar L.H. $1
14 60-3246 Air control lever assembly *Amal_12/608 #6@7- $1
15 -------    Lever, air control *Amal_12/556 $1
16 -------    Bolt, air control *Amal_12/607 $1
17 -------    Cap, air control *Amal_12/606 $1
18 -------    Spring washer, air control *Amal_12/033 $1
19 -------    Clamp, air control *Amal_12/040 $1
20 -------    Screw, air control mounting *Amal_11/014 $2
21 60-3980 Front brake lever blade $1
22 60-3994 Clutch lever blade $1
23 21-2048 Pivot pin, control lever $2
24 14-1301 Nut, control lever pivot pin $2
25 60-3585 Adjuster, control lever $2
26 60-3586 Lock ring, control lever adjuster $2
27 ------- Handlebar switch/body, left hand *Lucas_39595 ~reference_only $RO
28 -------    Handlebar switch half, left *Lucas_54033667 ~reference_only $RO
29 99-1215    Handlebar switch, lever half, left *Lucas_54340883 $1
30 99-1188    Screw, handlebar switch halves, left *Lucas_54115246 $4
31 ------- Handlebar switch half, right *Lucas_39785 ~reference_only $RO
32 -------    Handlebar switch half, right *Lucas_54033722 ~reference_only $RO
33 99-1261    Handlebar switch, lever half, right *Lucas_54343793 $1
34 99-1188    Screw, handlebar switch halves, right *Lucas_54115246 $4
*page 63
14 99-0347 Twin rotor twistgrip assembly *Amal_313/13 $1
15 -------    Bolt, twin rotor twistgrip body halves *Amal_18/084 $2
16 -------    Body, top half, twin rotor twistgrip *Amal_313/020 $1
17 -------    Body, bottom half, twin rotor twistgrip *Amal_313/021 $1
18 99-0238       Friction spring, twistgrip *Amal_16/008 $1
19 -------       Screw, twistgrip friction spring *Amal_210/007 $1
20 -------       Locknut, twistgrip friction spring *Amal_5/077 $1
21 -------    Rotor, twin rotor twistgrip *Amal_313/004 $1
22 -------    Stop screw, twistgrip rotor *Amal_210/008 $1
23 -------    Nut, rotor stop screw *Amal_5/077 $1
24 97-2125    Grip (black), twistgrip $1
25 -------    Stop, twistgrip cable *Amal_16/011 $1

*page 63
*title Cables
1  60-1822 Throttle cable, complete $1
2  60-1994 Clutch cable, complete $1
3  60-4118 Front brake cable $1  
4  60-4252    Pivot pin, front brake cable fork end $1 
5  -------    Split pin, front brake cable fork end, 1/16" x 1/2" $1 
6  60-3271 Air control cable $1
7  60-3272    Air control cable, lever to junction box $1
8  99-0341    Junction box, air control cable *Amal_244/104 $1
9  60-0745    Air control cable, junction box to carburettor $2
10 60-4254 Clip, control cables, metal $AR
11 60-4258 Clip, control cables, rubber $AR
12 82-9918 Clip, control cables, metal, long $AR
13 97-4112 Clip, handlebar control cables $4

*page 65
*title Ignition Coils, Horn, Rectifier And Zener Diode
1  60-2206 Ignition coil, type 17M12 *Lucas_45223 $2
2  60-0262 Cover, spark plug $2
3  83-1533 Bracket, ignition coils $2
4  14-0103 Bolt, ignition coil to bracket $4
5  60-4245 Washer, ignition coil to bracket $4
6  14-1301 Nut, ignition coil to bracket $4
7  14-0114 Bolt, ignition coil bracket to frame $2
8  60-4247 Washer, ignition coil bracket to frame $2
9  14-1302 Nut, ignition coil bracket to frame $2
-- ------- Lucar terminal, double spade, ignition coil *Lucas_54190108 $2 /* In diag., not list ?
10 70-2351 Washer, ignition coil LT terminal *Lucas_131023 $4
11 60-4256 Serrated washer, ignition coil LT terminal *Lucas_188330 $4
12 82-3799 Nut, ignition coil LT terminal *Lucas_166043 $4
13 ------- Lucar connector, female *Lucas_54942078 $AR
14 ------- Insulating cover, lucar connector *Lucas_54190042 $AR
15 ------- Spark plug *Champion_N4 $2
16 82-7552 Horn *Clearhooter_27899 $1
17 82-4771 Screw, horn mounting $2
18 82-3799 Nut, horn mounting $2               /* 3 in list ?
19 60-4256 Serrated washer, horn mounting $2   /*
20 99-0589 Rectifier, type 2DS506 *Lucas_49072 $1
21 82-5338 Nut, rectifier *Lucas_156596 $1
22 97-2237 Heat sink, zener diode $1
23 99-0590 Zener diode *Lucas_49345 $1
24 97-4262 Bracket, zener diode heat sink $1
25 14-6102 Bolt, bracket to zener diode $1
26 60-4250 Washer, bracket to zener diode $1
27 14-0113 Bolt, zener diode bracket to fork $1
28 60-4260 Washer, zener diode bracket to fork $1
29 97-2275 Plug, zener diode heat sink $1
30 99-1159 Earth blade, rectifier *Lucas_54190000 $1
31 99-1201 Flasher unit *Lucas_35048 $1
32 99-1204 Clip, flasher unit *Lucas_54385091 $1
33 60-3654 Spring, flasher unit mounting $1
34 83-0033 Screw, flasher unit clip to spring $1
35 70-2351 Washer, flasher unit mounting $2  /* 1 in list ?
36 82-4717 Nut, flasher unit mounting $2     /*
37 60-4248 Washer $1                            /* Not in diag. ?
38 ------- Condensor pack, type 2CP *Lucas_47638 $1
39 99-1043    Condensor *Lucas_54420128 $2
40 99-0767    Cover, condensor pack *Lucas_54418528 $1 
41 99-1160    Base plate, condensor pack *Lucas_54418526 $1 
42 82-8082 Bracket, condensor pack $1
43 70-4638 Bolt, condensor pack bracket to frame $2
44 83-0033 Bolt, condensor pack to bracket $2
45 60-4256 Spring washer, condensor pack to bracket $2
46 82-3799 Nut, condensor pack to bracket $2

*page 67
*title Headlamp, Wiring Harness, Switches And Tail Lamp
1  99-1155 Headlamp complete, SS700P *Lucas_60263 $1
2  99-0692    Rim, headlamp *Lucas_553248 $1
3  99-1156    Light unit, lens & reflector *Lucas_516801 $1
4  99-0683    Fixing wire, light unit *Lucas_504665 $6
5  -------    Screw, rim to headlamp shell *Lucas_14492 $1 /* 144921 as before ?
6  -------    Plate,rim to headlamp shell *Lucas_534296 $1 
7  99-1214    Bulb, 45/35W *Lucas_370 $1
8  -------    Bulbholder, main lamp *Lucas_554602 $1
9  99-0548    Bulb, pilot 6W *Lucas_989 $1
10 99-1213    Bulbholder, pilot light *Lucas_54573590 $1
11 99-1208    Warning light holder, red *Lucas_54363454 $1
12 99-1209    Warning light holder, green *Lucas_54363455 $1
13 99-1207    Warning light holder, amber *Lucas_54363453 $1
14 99-1210    Sealing washer, warning lights *Lucas_54140331 $3
15 99-0563    Light switch, type 57SA *Lucas_35710 $1
16 -------    Shield, warning light *Lucas_54525212 $3
17 99-0537    Bulb, warning light (2W.BA7S) *Lucas_281 $3
NI 99-1158 Wiring harness *Lucas_54959628 $1
18 99-0558 Ignition switch, type S45 *Lucas_31899 $1
19 -------    Nut, ignition switch *Lucas_54130041 $1
20 82-6981 Ignition lock, c/w keys $1
21 60-0622    Key, ignition (state serial number) $AR
22 97-2262 Rubber cover, ignition switch $1
23 99-1109 Flasher lamp *Lucas_56147 #6@7- $4    /* 99-1190 in T140 list ?
24 99-1191    Lens, flasher lamp *Lucas_54581638 $1
25 -------    Gasket, flasher lamp *Lucas_54580300 $1
26 -------    Bulbholder, flasher lamp *Lucas_554548 $1
27 -------    Interior assembly, flasher lamp *Lucas_573832 $1 /* 473832 in T140 list ?
28 99-1192    Bulb, flasher lamp *Lucas_382 $1
29 99-1193    Screw, flasher lamp lens *Lucas_54123401 $2
30 99-1246 Stanchion, front flasher lamp *Lucas_60600092 $4
31 ------- Grommet *Lucas_862217 $RO      /* ? Where, not in diag. ?
NI 37-2321 Shakeproof washer, flasher lamp $4   /* A guess as not in diag. ?

*page 69
*title Speedometer And Tachometer
1  60-2402 Speedometer head, mph *Smiths_SSM5007/02 $1
2  ------- Bulb holder, instruments, c/w bulb *Smiths_54953387 $1  /* Also for tacho ?
3  ------- Bulb, instruments, 2.2W *Lucas_987 $1
4  97-1946 Bracket, instrument mounting $1
5  97-1929    Metalastik bush, instrument mounting $2
6  ------- Washer, instrument mounting *Smiths_30-282-014-11 $2
7  ------- Nut, instrument mounting Smiths_30-276-037-11 $2
8  21-0590 Bolt, instrument mounting bracket $2
9  ------- Trip control, speedometer *Smiths_41-148-203 $1
10 60-0692 Cable, speedometer, 63" $1
-- 60-069+    Cable inner, speedometer, 63" `60-0690W $1
11 71-2476 Tachometer gearbox assembly #8+ $1
12 70-9332    Securing screw assembly, tachometer gearbox #3+ $1
13 70-5156       Bush, driving gear spindle, tachometer gearbox ~reference_only $1
14 70-5155       Flanged bush, driving gear spindle, tachometer gearbox ~reference_only $1
15 70-5157    Driving gear, tachometer gearbox $1
16 71-2480    End plug, tachometer gearbox $1
17 60-3355    'O' ring, tachometer gearbox $1
18 71-2653    Driven gear, tachometer gearbox $1
19 71-2481    Welch washer, tachometer gearbox $1
20 71-2482    Spacer, tachometer gearbox $1
21 70-7351 Sealing washer, tachometer gearbox $1
22 60-0648 Cable, tachometer $1
23 60-2396 Tachometer head *Smiths_RSM3003/13 $1
24 99-0173 Spade, tachometer gearbox *Smiths_31-371-398 $1
25 60-0494 Circlip, tachometer gearbox spade $1

*title Overhaul Items
*title Pistons
*variant_start LOW_CR
-- 70-6906 Piston assembly, CR 7.0 : 1, std.  $AR
-- 70-690+ Piston assembly, CR 7.0 : 1, +0.010" `70-6906/10 $AR
-- 70-690+ Piston assembly, CR 7.0 : 1, +0.020" `70-6906/20 $AR
-- 70-690+ Piston assembly, CR 7.0 : 1, +0.040" `79-6906/40 $AR
*variant STD
-- 70-6884 Piston assembly, CR 9.0 : 1, std.  $AR
-- 70-688+ Piston assembly, CR 9.0 : 1, +0.010" `70-6884/10 $AR
-- 70-688+ Piston assembly, CR 9.0 : 1, +0.020" `70-6884/20 $AR
-- 70-688+ Piston assembly, CR 9.0 : 1, +0.040" `70-6884/40 $AR
*variant T100P
-- 70-7603 Piston assembly, CR 7.5 : 1, std.  $AR
-- 70-760+ Piston assembly, CR 7.5 : 1, +0.010" `70-7603/10 $AR
-- 70-760+ Piston assembly, CR 7.5 : 1, +0.020" `70-7603/20 $AR
-- 70-760+ Piston assembly, CR 7.5 : 1, +0.040" `70-7603/40 $AR
*variant_end

*title Brake Linings
-- CP38/A+ Brake lining kit `CP38/AM2 $AR
-- NW243      Lining, brake $2
-- 37-0129    Brass rivet, brake lining $16
-- CP205   Brake lining kit $AR
-- 37-1734    Lining, brake $2
-- 37-0129    Brass rivet, brake lining $16

*title Valve Springs
-- CP177   Valve spring kit $AR
-- 70-5946    Valve spring, inner $4
-- 70-4011    Valve spring, outer $4

*title Steering Head Races
-- CP156   Steering head race kit $AR
-- 97-0111    Cup, steering head race $2
-- 97-0439    Bottom cone, fork yoke $1
-- 97-1018    Top cone & dust cover, steering head race $1
-- 60-2364    Ball, steering head race, 1/4" dia. $40

*title Gaskets
-- 99-1128 Gasket set, decoke $AR
-- 99-1167 Gasket set, overhaul $AR

*title Miscellaneous
-- 60-0524 Loctite sealant $AR

