*manufacturer Triumph
*major_model 500cc Unit Twin
*minor_model 3TA Twenty-One, 5TA Speed Twin, T90 Tiger 90, T100SS Tiger 100
*year 1965
*engine_number H35987
*publication_part_no CAT_NO_6

 /**************************************************
 /* This list has the following pages missing :
 /*	10 carton packs,
 /*	23 5TA/T100 head,
 /*	41 3TA/5TA front fork,
 /*	43 Nacelle,
 /*	67 3TA/5TA carb
 /**************************************************

*title Crankshaft and Connecting Rods
*page 13
1  E5869   Crankshaft & flywheel assembly #5@7- $1
2  E3998      Crankshaft c/w oil tube $1
3  E3999      Oil tube, crankshaft $1
4  E3711      Screwed plug, crankshaft $1
5  E5870      Flywheel $1
6  E3713      Flywheel bolt $3
*variant_assembly_start
*variant_assembly 350
7  E3702   Connecting rod $2
*variant_assembly 500
7  E4001   Connecting rod $2
*common_assembly
*in_assembly 350
8  E1762      Bush, small end $1
*in_assembly 500
8  E4003      Bush, small end $1
*common_assembly
9  E3705      Connecting rod bolt $2
10 E2922      Self locking nut, con-rod bolt $2
*variant_assembly_end
11 E3706   Big end bearing, half shell, std. $4
*variant_start 350
*variant_assembly_start
*variant_assembly 3TA
12 CP164   Piston assembly, CR 7.5 : 1, std. $2
*variant_assembly T90
12 CP198   Piston assembly, CR 9.0 : 1, std. $2
*common_assembly
*in_assembly 3TA
13 E3691      Plain compression ring, std. $1
*common_assembly
*variant_quantity 3TA/x1 T90/x2
14 E3690      Taper compression ring, std. $1
*variant_quantity_end
15 E3692      Oil control ring, std. $1
16 E1750      Gudgeon pin, piston $1
17 E1767      Circlip, pistons $2
*variant_assembly_end
*variant 500
*variant_assembly_start
*variant_assembly 5TA
12 CP174   Piston assembly, CR 7.0 : 1, std. $2
*variant_assembly T100SS
12 CP179   Piston assembly, CR 9.0 : 1, std. $2
*common_assembly
13 E3829      Taper compression ring, std. $2  /* Item 14 also shown as E3829
15 E3831      Oil control ring, std. $1
16 WE203E     Gudgeon pin, piston $1
17 WE479      Circlip, pistons $2
*variant_assembly_end
*variant_end
18 E4006   Distance collar, engine sprocket $1
19 E4141   Engine sprocket, 26T duplex $1
20 E3851   Rotor key $1
21 ------- Rotor *Lucas_54213901 $1
22 E3975   Tab washer, rotor nut $1
23 E3735   Nut, rotor $1
24 E1580   Key, timing pinion $1
25 E1771   Timing pinion $1
26 E398    Nut, crankshaft timing pinion $1
27 E2202   Intermediate wheel #2+ $1
28 E400       Intermediate wheel bush $1
29 E1486A  Camshaft pinion $2
30 E1558   Camshaft key $2
31 E1463   Nut, inlet camshaft $1
32 E4563   Nut, exhaust camshaft $1
33 E3838   Camshaft, inlet $1
33 E4678   Inlet camshaft $1
34 E5341   Camshaft, exhaust $1
34 E4786   Exhaust camshaft $1
35 E4700      Thimble, camshaft tachometer drive $1
36 E5316   Rotary valve, crankcase breather $1
37 E2256   Spring, crankcase breather $1
38 E3727   Retaining plate, camshafts $2
39 E3728   Screw, camshaft retaining plates $4

*title Crankcase
*page 15
1  E5868/+ Crankcase, c/w studs & RHS main bearing `E5868/4645 $1
2  E3716      Dowel, hollow, crankcase front top joint $1
3  E3859      Screw, crankcase mouth, inner $2
4  E3804      Stud, crankcase joint $1
5  E3803      Stud, crankcase joint $2
6  E3799      Bolt, crankcase joint $1
7  S25-3      Washer, crankcase joint studs $3
8  S1-51      Nut, crankcase joint studs $3
9  E1310      Nut, crankcase joint studs $1
10 E3822      Disc, crankcase breather $1
11 E3824      Bush, inlet camshaft $1
12 E3823      Bush, exhaust camshaft $1
13 E2724      Pipe, crankcase breather $1
14 E3884      Tube, chain oiler, primary chaincase $1  /* Primary or secondary chain ?
15 E3885      Jet, chain oiler, primary chaincase $1   /*               "
16 E4147      Abutment, primary chain tensioner $1
17 E3719      Pipe, crankcase oil scavenge $1
18 E1509      Clip, crankcase oil scavenge pipe $1
19 E1645      Screw, crankcase oil scavenge pipe clip $1
20 E3718      Stud, oil pump $2
21 E375       Spindle, intermediate timing pinion $1
22 E3717      Stud, oil junction block $1
23 E4322      Bearing, main R.H. (bush) $1
24 E4139      Locating plate, R.H. main bearing $1
25 E4140      Self-tapping screw, main bearing locating plate $1
26 E3820      Stud, cylinder base $6
27 E3819      Stud, cylinder base $2
28 E1534A     Dowel, hollow, cylinder base $2
29 E3835   Bearing, L.H. main (ball journal) $1
30 E3876   Oil seal, L.H. main bearing $1
31 E3724   Spring, crankcase oil filter $1
32 E3722   Element, crankcase oil filter $1
33 E3723   Sealing washer, crankcase oil filter $1
34 E1564   Cap, crankcase oil filter $1
35 E1577   Washer, crankcase oil filter $1
36 E3078   Rubber pipe, crankcase breather $1
37 T1399   Stud, crankcase to gearbox inner cover $2
38 T1112   Drain plug, with level tube, gearbox $1
39 WE170   Fibre washer, gearbox drain plug $1
40 T361    Level plug, gearbox drain plug $1
41 T1257   Fibre washer, gearbox level plug $3
42 E732    Filler plug, gearbox & chaincase $2
43 NE507   Fibre washer, filler plug $2
44 E4587   Plug, distributor hole $1
45 E4593   Fibre washer, distributor hole plug $1
46 E4706   Plug, tachometer drive $2

*title Oil Pump, Release Valve And Manifold
*page 17
1  E3878   Oil pump, complete #7@10- $1
2  E3731      Body, oil pump $1
3  S70-7      Ball, oil pump valve $2
4  E403       Spring, oil pump valve $2
5  E2360      Plug, oil pump body $2
6  GS153      Plunger, oil pump feed $1
7  E1476      Plunger, oil pump scavenge $1
8  E495       Slider block, oil pump driving $1
9  E3730   Gasket, oil pump to crankcase $1
10 E3887   Serrated washer, oil pump stud $2
11 E3732   Nut, oil pump stud $2
12 E5896   Valve assembly, oil pressure relief #5- $1
13 E2794      Body, oil pressure release valve $1
14 GS251      Piston, oil pressure release valve $1
15 E2304      Cap, oil pressure release valve $1
16 GS254      Washer, release valve to cap, fibre $1
17 E6062      Spring, oil pressure release valve $1
15 E1670   Washer, release valve to crankcase $1
  /* Inlet Manifold
1  E3796   Stud, inlet manifold $2
2  E3797   Stud, inlet manifold $2
3  E2967   Gasket, inlet manifold $2
*variant_start 3TA
4  E3761   Inlet manifold $1
*variant 5TA,T100SS
4  E4014   Inlet manifold $1
*variant T90
4  E4689   Inlet manifold $1
*variant_end
5  S25-13  Washer, inlet manifold studs $4
6  W103    Nut, inlet manifold studs $4
7  E3880   Stud, carburettor to manifold $2
*variant_start 3TA,5TA
8  NA43    Gasket, carburettor to manifold $1
9  E3834   Insulating block, carburettor to manifold $1
*variant T90,T100SS
8  NA43A   Gasket, carburettor to manifold $1
*variant_start T90
9  E4504   Insulating block, carburettor to manifold $1
*variant T100SS
9  E2968   Insulating block, carburettor to manifold $1
*variant_end
*variant_end
10 S25-3   Washer, inlet manifold studs $2
11 S1-51   Nut, carburettor to manifold studs $2

*title Cylinder Block And Head
*page 19
1  E3798   Gasket, cylinder base $1
2  E3698   Cylinder block $1
3  GS308   Washer, cylinder base studs $8
4  E2412   Nut, crankcase cylinder base studs $8
5  E4676   Guide block, valve tappets $2
6  H200    Lock screw, tappet guide block $2
7  E1612   Serrated washer, valve tappet block lock screw $2
8  E3753   Tappet, valves $4
*variant_assembly_start
*variant_assembly 3TA
9  E5956   Cylinder head, c/w guides $1
*variant_assembly T90
9  E4784   Cylinder head, c/w guides $1
*common_assembly
10 E3208      Valve guide, inlet & exhaust $4
11 E3209      Circlip, valve guides $4
*variant_assembly_end
12 E2961   Adaptor, cylinder head exhaust $2
*variant_start 3TA
13 E3738   Valve, inlet $2
*variant T90
13 E4640   Valve, inlet $2
*variant_end
14 E3739   Valve, exhaust $2
15 E3740   Cup, valve spring, bottom $4
*variant_start 3TA
16 E3942   Spring, valve, inner $4
17 E3741   Spring, valve, outer $4
*variant T90
16 E4010   Spring, valve, inner $4
17 E4011   Spring, valve,  outer $4
*variant_end
15 E3742   Collar, valve spring, top $4
19 WE259A  Cotter, valves, split $8
20 E4456   Bolt, cylinder head $4
21 F2184   Washer, cylinder head bolts $8
22 E4674   Gasket, cylinder head $1
23 E3745   Rocker box, inlet $1
24 E3744   Rocker box, exhaust $1
25 E3743   Gasket, rocker box $2
26 E3858   Stud, rocker box $4
27 E3302   Washer, rocker box studs $4
28 F879    Nut, rocker box stud $4
29 E3668   Screw, rocker box $4
30 E3857   Washer, rocker box screws $4
31 E3794   Bolt, cylinder head, long $2
32 E3795   Bolt & torque stay mounting, cylinder head $2
33 E3809   Oil feed bolt, rocker box $2
34 F1880   Copper washer, rocker box oil feed $6
35 H400    Domed nut, rocker box oil feed bolt $2
36 E4610   Inspection cap, rocker box $4
37 E3751   Washer, rocker box inspection cap $4
38 E3749   Rocker, R.H. exhaust & L.H. inlet valves $2
39 E3750   Rocker, L.H. exhaust & R.H. inlet valves $2
40 E3222      Pin, valve rocker ball $4
41 E3223   Adjuster, valve rocker ball $4
42 GS662   Lock nut, valve rocker ball adjuster $4
43 E1330   Thrust washer, valve rockers $2
44 E2534   Thrust washer, valve rockers $6
45 E3224   Thackeray washer, valve rockers $4
46 E3748   Spindle, valve rockers $2
47 E3253   Seal, rocker spindles $2
48 E1335   Copper washer, rocker spindles $2
*page 21
49 E1435   Domed nut, rocker spindles $2
50 E3759   Push rod $4
51 E4751   Cover tube, push rods $2
52 E4746   Bottom cup, push rod tube seal $2
53 E4752   Seal, push rod tube $4
54 E4671   Locking spring, rocker box inspection cap $4

*title Timing Cover And Contact Breaker
*page   25
1  E4630   Timing cover $1
2  E4016   Patent plate $1
3  D208-5  Rivet, patent plate $3
4  E4568   Oil seal, timing cover $1
5  E3800   Screw, timing cover, short $4
6  E3801   Screw, timing cover, long $4
7  ------- Contact breaker, type 4CA *Lucas_47605 $1
8  -------    Condenser, contact breaker *Lucas_425377 $2
9  -------    Cam, contact breaker *Lucas_54441729 $1
10 -------    Spring set, contact breaker *Lucas_54415642 $1
11 -------    Weight, contact breaker 425379 *Lucas_ $2
12 -------    Sleeve & action plate, contact breaker *Lucas_54415751 $1
13 -------    Base plate, contact breaker *Lucas_425370 $1
14 -------    Slotted nut, contact breaker *Lucas_169194 $4
15 -------    Contact set, contact breaker *Lucas_54415803 $2
16 E5451   Bolt, points mounting $1
17 S25-43  Washer, contact mounting bolt $1
18 E4707   Grommet, contact breaker leads $1
19 E4747   Pillar bolt, points plate $2
20 E2351   Washer, contact breaker pillar bolt $2
21 E4571   Cover, contact breakers $1
22 E5049   Gasket, contact breaker cover $1
23 GS299   Serrated washer, contact breaker cover $2
24 F4715   Screw, contact breaker cover $2
25 ------- Ignition coil, type MA6 *Lucas_45152 $2
26 ------- Terminal, Lucar, double spade, male *Lucas_54190108 $4
27 E2351   Washer, coil Lucar terminal fixing *Lucas_131023 $4
28 GS299   Serrated washer, coil Lucar terminal fixing *Lucas_188330 $4
29 F3799   Nut, coil Lucar terminal fixing *Lucas_166043 $4
30 ------- Cover, coil HT lead, rubber *Lucas_421554 $2
31 ------- Clip, coil to HT lead *Lucas_421863 $2
32 ------- Screw, coil to bracket *Lucas_1 $2
33 ------- Square nut, coil to bracket *Lucas_169160 $2
34 ------- "D" washer, coil to bracket *Lucas_422369 $4
35 ------- Connector, Lucar, female *Lucas_54942078 $4
36 ------- Insulating cover, female Lucar connector *Lucas_54190042 $4
37 F3809   Bolt, coil bracket to frame $2
38 F5466   Rubber grommet, coil mounting $2
39 F5467   Distance piece, coil mounting $4
40 E3290   Self-locking nut, coil mounting $2
41 ------- Spark plug *Champion_N4 $2
42 D297    Cover & suppressor, spark plug $2
42 D262    Cover, spark plug \optional $2
43 T989    Hollow dowel, timing cover $1

*title Gearbox Shafts, Bearings And Inner Cover
*page 27
1  T665    Bearing, high gear (ball journal) $1
2  T1478   Oil seal, high gear bearing $1
3  W680    Circlip, high gear bearing $1
*variant_start 3TA,5TA
4  T1367   Bush, layshaft $1
5  T912    Peg, layshaft $1
6  T981    Blanking disc, layshaft bush $1
*variant T90,T100SS
7  T1606   Bearing, layshaft (needle roller) $1
8  T1607   Thrust washer, layshaft bearing $1
*variant_end
9  T1947   High gear, mainshaft, 22T $1
10 T1405      Bush, mainshaft high gear $1
11 T1948   Mainshaft, c/w 3rd and low gear, 16/24T $1
12 T1391      Bush, mainshaft clutch rod $1
13 T1922   Gear, mainshaft 2nd, 21T $1
14 T1411   Distance piece, R.H. mainshaft $1
*variant_start 3TA,5TA
15 T1965   Layshaft, c/w 2nd & high gears, 15/23T $1
*variant T90,T100SS
15 T1949   Layshaft, c/w 2nd & high gears, 15/23T $1  /* 25/23T in list ?
*variant_end
16 T1839   Gear, layshaft 3rd, 20T $1
17 T1950   Gear, layshaft low, 27T $1
18 T1393      Bush, layshaft low gear $1
19 T1426   Pawl retaining disc $1
20 T1471   Index plunger, camplate $1
21 T373    Spring, camplate index plunger $1
22 T1457   Spindle, gear selector forks $1
23 T1480   Selector fork, mainshaft $1
24 T1481   Selector fork, layshaft $1
25 T1768   Camplate, gear selection $1
26 T1418   Spindle, gear selection camplate $1
27 ------- Split pin, gear selection camplate spindle, 1/8" x 1 3/4" $1
28 T1416   Pointer, gear indicator $1
29 H688    Screw, gear indicator pointer $1
30 T1448   Inner cover, gearbox $1
31 T417    Plate, gear indication $1
32 D208-5  Rivet, gear indication plate $2
33 T1440   Hollow dowel, gearbox inner to outer covers $2
34 T1157   Stop plate, kickstarter $1
35 T1390   Anchor screw, kickstart stop plate $1
*variant_assembly_start
*variant_assembly 3TA,5TA
36 T1445   Spindle assembly, kickstart $1
*variant_assembly T90,T100SS
36 T1981   Spindle assembly, kickstart $1
*common_assembly
37 T1431      Pawl, kickstarter spindle $1
38 T1282      Plunger, kickstarter spindle $1
39 T1161      Spring, kickstarter spindle plunger $1
*in_assembly T90,T100SS
40 T1897      Bearing, kickstarter spindle $1
*in_assembly 3TA,5TA
40 T1446      Floating bush, kickstarter spindle $1
*variant_assembly_end
41 T1469   Bearing, mainshaft T.S. (ball journal) $1
42 T280    Circlip, T.S. mainshaft bearing $1
43 T732    Tab washer, mainshaft nut $1
44 T2009   Nut, mainshaft T.S. $1
45 T1464   Distance piece, kickstarter spindle $1
46 T1441   Spring, kickstart return $1
47 T1422   Plate, kickstart return spring $1
48 E3204   Screw, gearbox inner cover $2

*title Gearbox Outer Cover
*page 29
1  T1870   Outer cover, gearbox $1
2  T1395      Bush, gear change lever $1
3  T1944   Stud, gearbox outer to inner covers $2
4  T1875   Screw, return spring housing to outer cover $1
5  T1942   Quadrant assembly, gear change $1
6  T1474      Retaining pin, gear selector plunger spring $2
7  T1436      Spring, gear selector plunger $2
8  T1396      Plunger, gear selector $2
9  -------    Split pin, gear selector, 5/64" x 5/8" $2
10 E3309   Sealing ring, gear lever shaft $1
11 T1871   Housing, gear lever return springs $1
12 T1877   Spring, gear lever return $2
13 T1878   Thrust button, gear lever return spring $2
14 T1977   Cover, gear lever return spring housing $1
15 W103    Nut, gear lever return spring housing cover $3
16 T1876   Distance piece, gear lever return spring housing, top $2
17 T1874   Distance piece, gear lever return spring housing $1
18 T1880   Clutch lever, 3 ball type $1
19 T1771   Ball, clutch lever, 3/8" dia. $3
20 T1710   Shaft, clutch lever $1
21 T1712   Spring, clutch lever shaft $1
22 GS127   Washer, clutch lever shaft $1
23 ------- Split pin, clutch lever shaft, 5/64" x 1/2" $1
24 T1945   Spoke, clutch lever operation $1
25 T1946   Connector, clutch lever operating spoke $1
26 T1937   Nut, clutch lever operating spoke $1
27 T1644   Abutment, outer cover clutch cable entry $1
28 T1645   Adaptor, clutch cable $1
29 T1646   Rubber cover, clutch cable abutment $1
30 S1-51   Nut, gearbox outer cover $2
31 S25-3   Washer, gearbox outer cover $2
32 T1401   Screw, gearbox outer cover $2
33 T1402   Screw, gearbox outer cover $2
34 T1435   Lever, gearchange $1
35 T449    Rubber, gearchange lever $1
36 W932    Bolt, gearchange lever $1
37 T1677   Kickstarter lever, complete $1
38 T1678      Lever, kickstart $1
39 T1272      Pedal, kickstart $1
40 S70-3      Ball, kickstart pedal $1
41 T1167      Spring, kickstart pedal $1
42 T1273      Bolt, kickstart pedal pivot $1
43 T1439      Bolt, kickstart lever clamp $1
44 F1814   Rubber, kickstart pedal $1
*variant_start 3TA
45 T1456   Clutch operating rod $1
*variant ALL-3TA
45 T1970   Clutch operating rod $1
*variant_end

*title Clutch
*page 31
*variant_assembly_start
*variant_assembly 3TA
1  T1933   Clutch, complete $1
*variant_assembly T90,5TA,T100SS
1  T1935   Clutch, complete $1
*common_assembly
2  T1751      Hub, clutch $1
3  T1735      Thrust washer, clutch hub $1
4  T394       Roller, clutch hub $20
*in_assembly 3TA
5  T1442      Sprocket & housing, clutch $1
6  T1718      Centre, shock absorber body, clutch $1
*in_assembly T90,5TA,T100SS
5  T1570      Sprocket & housing, clutch $1
6  T1719      Centre, shock absorber body, clutch $1
*common_assembly
7  T1720      Inner plate, clutch $1
8  T1040      Screw, clutch outer plate, countersunk $6
9  T1721      Spider, clutch shock absorber $1
10 T1722      Drive rubber, clutch, large $3
11 T1723      Rebound rubber, clutch, small $3
12 T1724      Outer plate, clutch $1
*in_assembly 3TA
13 T423       Screwed pin, clutch $3
*in_assembly T90,5TA,T100SS
13 T423A      Screwed pin, clutch $3
*variant_quantity 3TAx5 T90,5TA,T100SSx6
14 T1362      Clutch plate, driving bonded $1
15 T1363      Clutch plate, driven plain $1
*variant_quantity_end
16 T1929      Pressure plate, clutch $1
17 T1256      Adjuster pin, clutch $1
18 GS662      Nut, clutch adjuster pin $1
19 T1934      Cup, clutch springs $3
19 T1931      Cup, clutch springs $3
20 T1752      Spring, clutch $3
20 T1560      Spring, clutch, strong $3
21 T427       Brass nut, clutch spring pin $3
*variant_assembly_end
22 S66-1   Key, clutch hub $1
23 T1045   Cupped washer, clutch centre $1
24 T1046   Tab washer, clutch centre $1
25 T1047   Nut, clutch centre $1

*title Chaincase And Chains
*page 33
*variant_start 3TA,T100SS
1  T1476   Sprocket, gearbox, 18T $1
*variant T90
1  T1558   Sprocket, gearbox, 17T $1
*variant 5TA
1  T1569   Sprocket, gearbox, 20T $1
*variant_end
1  T1476/+ Sprocket, gearbox, 19T `T1476/19 \optional $1
2  T1434   Nut, gearbox sprocket $1
*variant_start 5TA
3  D530    Chain, rear, 5/8" x 3/8" 104L $1
*variant ALL-5TA
3  D444    Chain, rear, 5/8" x 3/8" 102L $1
*variant_end
4  E3789   Cover plate, inner chaincase $1
5  E3833   Oil seal, mainshaft, inner chaincase $1
6  E3832   Gasket, inner chaincase cover plate $1
7  E3821   Countersunk screw, inner chaincase cover plate $6
8  D358    Primary chain, 3/8" duplex 78L $1
9  E4149   Blade, primary chain tensioner $1
10 E4152   Tie rod, primary chain tensioner $1
11 E4148   Trunnion, primary chain tensioner $1
12 E3811   Stud, stator mounting $3
*variant_start STD_IGN
13 ------- Stator, RM 19 *Lucas_47162 $1
*variant_end
14 E3810   Distance piece, stator studs $3
15 S25-3   Washer, stator mounting $3
16 E5324   Nut, stator mounting $3
17 E4144   Rubber grommet, alternator leads $1
18 E5872   Sleeve nut, alternator leads $1
19 E1509   Clip, alternator leads $1
20 T361    Bolt, alternator leads clip $1
21 E4156   Gasket, primary chaincase $1
22 E4122   Chaincase, outer $1
23 DS57    Drain & level plug, primary chaincase $1
24 WE170   Fibre washer, chaincase drain plug $2
25 E732    Filler plug, primary chaincase $1
26 NE507   Fibre washer, primary chaincase filler plug $1
27 E3802   Screw, primary chaincase, long $3
28 E3668   Screw, primary chaincase, short $7
29 E4153   Sleeve nut, primary chain tensioner $1
30 E4154   Drain plug, primary chaincase $1
31 T1738   Fibre washer, primary chaincase drain plug $1
32 T1979   Felt washer, gearbox sprocket nut $1

*title Engine Fittings And Exhaust System
*page 35
1  F4275   Engine plate, L.H. front $1
2  F4276   Engine plate, R.H. front $1
3  F2825   Stud, front engine plates to frame $1
4  S26-1   Spring washer, engine plates $8
5  PO172A  Nut, front engine plates $2
6  E3804   Stud, front engine plates $3
7  S26-3   Spring washer, engine plates $8
8  S1-51   Nut, engine plates $3
9  F4229   Engine plate, L.H. rear $1
10 F4230   Engine plate, R.H. rear $1
11 E3665   Stud, rear engine plates $1
12 PO172A  Nut, engine plates $4
13 E3695   Stud, rear engine plates to frame $2
14 S1-51   Nut, engine plates $5
15 E4778   Torque stay, engine to frame $2
16 E5072   Distance piece, engine torque stays $2
17 S1-52   Nut, engine torque stays $2
18 F5532   Washer, engine to frame, bottom stud $2
19 E4165   Bolt, torque stay bolt $1
20 E3812   Stud, engine to frame, bottom $1
21 F4197   Distance piece, bottom engine to frame stud $2
22 E3992   Exhaust pipe, L.H. $1
23 E3994   Exhaust pipe, R.H. $1
22 E5325   Exhaust pipe, L.H. $1
23 E5327   Exhaust pipe, R.H. $1
24 E4947   Finned clip, exhaust pipes $2
25 E410A   Hemispherical washer, exhaust pipe clip $2
26 E409    Bolt, exhaust pipe finned clip $2
27 F4707   Bracket, exhaust pipe L.H. $1
28 F4283   Bracket, exhaust pipe R.H. $1
29 DS57    Bolt, exhaust pipe bracket $2
30 E1612   Serrated washer, exhaust pipe bracket $2
31 F879    Nut, crankcase undershield $2
32 E3935   Silencer, L.H. $1
33 E3936   Silencer, R.H. $1
34 E4155   Mute, silencer $2
35 H689    Screw, silencer mute \optional $2
36 H691    Nut, silencer mute \optional $2
37 E2271   Clip, exhaust pipe to silencer \optional $2
38 F3430   Bolt, silencer clip $2
39 E3768   'D'washer, silencer clip $4
40 S26-3   Spring washer, silencer clip $2
41 E1310   Nut, silencer clip $2

*title Frame
*page  37
1  F5406   Frame, front $1
2  H1130   Cup, steering head race $2
3  S70-4   Ball, steering head race $48
4  H1140   Top cone & dust cover, steering head race $1
5  NW100   Grease nipple, swinging arm $1
6  WE170   Fibre washer, grease nipple $1
7  F6223   Frame, rear $1
8  F4510   Stud, rear to front frame, top $1
9  S26-1   Spring washer, top rear to front frame stud $2
10 S1-52   Nut, top rear to front frame stud $2
11 F3780   Bolt, lower rear to front frame $2
12 PCW73A  Spring washer, lower rear to front frame $2
*variant_start 3TA,5TA
13 F5529   Centre stand $1
*variant T90,T100SS
13 F5153   Centre stand $1
*variant_end
14 T449    Rubber, centre stand pedal $1
15 F3619   Pivot bolt, centre stand $2
16 F4484   Tab washer, centre stand pivot bolt $2
17 F2725   Nut, centre stand pivot bolt $2
18 F3617   Spring, centre stand return $1
*variant_start 3TA,5TA
19 F4388   Prop stand $1
*variant T90,T100SS
19 F3723   Prop stand $1
*variant_end
20 F3097   Pivot bolt, prop stand $1
21 F3096   Tab washer, prop stand pivot bolt $1
22 F2610   Spring, prop stand return $1
23 F4214   Footrest, L.H. $1
24 F4215   Footrest, R.H. $1
25 NF704   Rubber, footrest $2 /* 82-9279 in FS ?
26 F4369   Bolt, footrests $2
27 F4370   Washer, footrest bolt $2
28 DS47    Nut, footrest $2
29 F5087   Bracket, L.H. pillion footrest $1
30 F5088   Bracket, R.H. pillion footrest $1
31 E1396   Stud, pillion footrest bracket to frame $4
32 S26-3   Spring washer, pillion footrest bracket bolts $4
33 S1-51   Nut, pillion footrest pivot bolt $4
34 F4327   Pillion footrest, complete #9- $2
35 F2268      Hanger, pillion footrest $1
36 F4309      Stud, bracket to hanger, pillion footrest $1
37 S26-1      Spring washer, bracket to hanger, pillion footrest $1
38 PO172A     Nut, bracket to hanger, pillion footrest $1
39 F1694      Pedal, pillion footrest $1
40 F2271      Pivot bolt, pillion footrest $1
41 F2277      Spring washer, pillion footrest pivot bolt $1
42 S1-51      Nut, pillion footrest pivot bolt $1
43 F1695      Rubber, pillion footrest $1
44 F4284   Spindle, brake pedal $1
45 SCZ45   Spring washer, brake pedal spindle, inner $1
46 DS48    Nut, brake pedal spindle, inner $1
47 F4314   Brake pedal $1
48 S26-16  Spring washer, brake pedal spindle, outer $1
49 S25-2   Washer, brake pedal spindle, outer $1
50 S1-52   Nut, brake pedal spindle, outer $1
51 F1149   Screw, rear footrest pedal stop $1
52 F879    Nut, rear footrest pedal stop $1

*title Swinging Arm, Suspension Units And Chaingua
*page  39
1  F4190   Swinging Arm, rear $1
2  F4076      Bush, rear swinging arm $2
3  F4195   Spindle, rear swinging arm $1
4  F4078   Thrust washer, swinging arm spindle, right $1
5  F4385   Shim, rear swinging arm, 0.003" $AR
5  F4386   Shim, rear swinging arm, 0.005" $AR
6  F3797   Retainer rod, rear swinging arm spindle $1
7  F4196   Cap, rear swinging arm spindle $2
8  F3799   Nut, rear swinging arm retaining rod $2
9  ------- Suspension unit *Girling_64053946 $2
10 -------    Bonded bush, rear suspension unit *Girling_9054/316A $2
11 -------    Spring retainer, rear suspension unit *Girling_9054/171 $2
12 -------    Outer dirt shield, rear suspension unit *Girling_9054/151 $1
13 -------    Inner dirt shield, rear suspension unit *Girling_9054/47 $1
14 -------    Spring, 130lbs red/orange, rear suspension unit *Girling_64539963 $1
14 -------    Spring, 110lbs red/red, rear suspension unit *Girling_9054/277 \optional $1
14 -------    Spring, 145lbs blue/yellow, rear suspension unit *Girling_SA253/5 \optional $1
15 E2113   Bolt, rear suspension unit mounting $4
16 F2184   Plain washer, rear suspension unit mounting $2
17 S26-1   Spring washer, rear suspension unit mounting $2
18 PO172A  Nut, rear suspension unit mounting $2
19 F5409   Chainguard, main $1
20 DS57    Bolt, chainguard front bracket to swinging arm $1
21 S26-2   Spring washer, chainguard front bracket to swinging arm $1
22 F4134   Bracket, main chainguard, front $1
23 F4135   Pivot bolt, main chainguard, front $1
24 F2277   Spring washer, main chainguard, front $1
25 S25-13  Plain washer, main chainguard & brake rod $2
26 E5269   Nut, main chainguard, front $1
27 F4136   Stepped bolt, rear chainguard mounting $1
28 S25-3   Plain washer, rear chainguard mounting $1
29 S1-51   Nut, rear chainguard mounting $1
30 F4199   Brake torque arm & lower chainguard $1
*variant_start 3TA,5TA
31 W840    Bolt, brake torque arm $1
*variant_end
32 E2286   Serrated washer, brake torque arm to swinging arm $1
33 DS47    Nut, brake torque arm to anchor plate $1
34 PCW73A  Spring washer, brake torque arm to anchor plate $1
35 F3597   Operating rod, rear brake $1
36 ------- Split pin, rear brake operating rod, 1/16" x 3/8" $1
37 F4585   Adjuster nut, rear brake rod $1
*variant_start T90,T100SS
38 F4201   Torque stay, rear brake $1
39 F6046   Chainguard, front $1
*variant_end
40 ------- Switch, stop lamp, type 22B *Lucas_31383 $1  /* 99-0725 in FS ?
41 T1076   Bolt, stop lamp switch mounting $3
42 F4717   Self-locking nut, stop lamp switch mounting $5
43 F5687   Lever, rear stop lamp switch $1
44 ------- Split pin, rear stop lamp switch, 3/32" x 7/8" $1
45 F5413   'D'washer, stop lamp switch lever $1

*title Forks
*page 45
1  H1918   Fork assembly, complete $1
2  H1328      Bottom yoke & stem, forks $1
3  H1110      Bottom cone, fork yoke $1
4  H941       Pinch bolt, bottom fork yoke $2
5  S25-2      Plain washer, fork yoke pinch bolt $2
6  H1335      Nut, bottom fork yoke pinch bolt $2
6  H1329      Nut, bottom fork yoke pinch bolt $2
7  H405       Sleeve nut, fork stem $1
8  H1287      Top lug, forks, c/w caps $1
9  H506       Cap, handlebar mounting $2
10 S25-3      Washer, top fork yoke handlebar cap $4
11 H1340      Bolt, top fork yoke handlebar cap $4
12 F1760      Pinch bolt, fork stem $1
13 H379       Seated nut, fork stem pinch bolt $1
14 H1888      Cover, fork top, left $1
15 H1887      Cover, fork top, right $1
16 F4047      Cork washer, stanchion cap nut $2
17 H1657      Abutment, spring top, front forks $2
18 H1891      Spring (yellow/blue), front forks $2
19 H1656      Plain washer, fork spring lower end $2
20 H1645      Gaitor, front forks $2
21 D340       Clip, fork gaitors $4
22 H1654      Dust excluder sleeve nut, front forks $2		/* Todo: make assembly #2+
23 H1500      Oil seal, front fork sleeve nut $1			/*
24 H431       Plain washer, front fork sleeve nut $2
25 H441       Top bearing, front forks (slider) $2
26 H1896      Damping sleeve, front forks $2
27 H1890      Stanchion, c/w bearing $2
28 H443       Lower bearing, front forks (stanchion) $2
29 H1058      Bearing nut, stanchion bottom $2
30 H1658      Cap nut, stanchion top $2
*variant_assembly_start
*variant_assembly LEFT
31 H1842   Fork slider, left, c/w cap $1
*variant_assembly RIGHT
32 H1843   Fork slider, right, c/w cap $1
*common_assembly
33 H1844      Spindle cap, fork slider $1
34 S26-3      Spring washer, fork slider cap $2
35 H1070      Bolt, fork slider cap $2
*variant_assembly_end
36 H1071      Drain plug, forks $2
37 H430       Fibre washer, forks drain plug $2
38 H1499      Restrictor cone, forks $2
39 H1063      Flanged bolt, lower fork slider to restrictor cone $2
40 H1062      Aluminium washer, restrictor rod fixing bolt, front forks $2
41 H1142      Steering damper, c/w knob $1
42 H565       Plain washer, steering damper $1
43 H408       Adjuster sleeve, steering damper $1
44 H1286      Locating pin, steering damper $1
45 H95        Spring plate, steering damper $1
46 H1111A     Anchor plate, steering damper $1
47 H435       Friction disc, steering damper $1
48 H1618      Rubber sleeve, steering damper $1
49 F3468   Bolt, steering damper anchor plate $1
50 S1-51   Nut, steering damper anchor plate $1

*title Front Wheel
*page 47
 *variant_assembly_start						//Todo: nested variant assemblies not allowed
 *variant_assembly 3TA,5TA
1  W1660   Front wheel, complete $1
 *variant_assembly T90,T100SS
1  W1664   Front wheel, complete $1
 *common_assembly
*variant_assembly_start
*variant_assembly 3TA,5TA
2  W1273   Rim, spokes & hub assembly, front wheel $1
*variant_assembly T90,T100SS
2  W1370   Rim, spokes & hub assembly, front wheel $1
*common_assembly
*in_assembly 3TA,5TA
3  W1274      Rim, front wheel, WM2-17 $1
4  W1275      Spoke, c/w nipple $40
*in_assembly T90,T100SS
3  W1373      Rim, front wheel, WM2-18 $1
4  W1497      Spoke, c/w nipple $40
*common_assembly
5  S79-2      Nipple, wheel spoke $40
6  W1231      Hub & brake drum $1
*variant_assembly_end
7  W1641      Wheel spindle $1
8  W653       Wheel bearing, front $2
9  W1237      Dust cover, front wheel bearing $1
10 T280       Circlip, front wheel bearing $1
11 W1481      Grease retainer, L.H. front wheel bearing $1
12 W1474      Grease retainer, R.H. front wheel bearing $1
13 W1238      Backing ring, front wheel bearing $1
14 W582       Retaining ring, front wheel bearing $1
15 W1334      Cover plate, front wheel $1
 16
 17
18 W1301      Anchor plate, front brake $1
19 W1639      Fulcrum pin, front brake $1
20 S25-2      Washer, front brake fulcrum pin $1
21 S1-52      Nut, front brake fulcrum pin & lever $2
*variant_assembly_start
*variant_assembly LEAD
22 W1406   Brake shoe, c/w lining, leading $1
*variant_assembly TRAIL
23 W1407   Brake shoe, c/w lining, trailing $1
*common_assembly
24 NW243      Lining, brake $1
25 W129       Brass rivet, brake lining $8
26 W1415      Thrust pad, brake shoe $1
*variant_assembly_end
27 W135       Spring, brake shoe return $2
28 W1243      Brake cam, front brake $1
29 W1331      Cam lever, front brake $1
30 S25-6      Washer, front brake cam lever $1
31 W592       Spring, front brake cam lever return $1
32 W1246      Nut, front brake anchor plate $1
33 W1640      Abutment, front brake anchor plate, 9/16" deep $1
 *variant_assembly_end
16 W1197   Balance weight, 1/2 oz. $AR
17 W1198   Balance weight, 1 oz. $AR

*title Rear Wheel
*page 49
 *variant_assembly_start						//Todo: nested variant assemblies not allowed
 *variant_assembly 3TA,5TA
1  W1579   Rear wheel, complete $1
 *variant_assembly T90,T100SS
1  W1484   Rear wheel, complete $1
 *common_assembly
*variant_assembly_start
*variant_assembly 3TA,5TA
2  W1483   Rim, spokes & hub assembly $1
*variant_assembly T90,T100SS
2  W1470   Rim, spokes & hub assembly $1
*common_assembly
*in_assembly 3TA,5TA
3  W1435      Rim, rear wheel, WM2-17 $1
4  W1271      Spoke, c/w nipple $20
5  W1377      Spoke, c/w nipple $20
*in_assembly T90,T100SS
3  W1471      Rim, rear wheel, WM2-18 $1
4  W1107      Spoke, rear wheel $20
5  W1108      Spoke, rear wheel $20
*common_assembly
6  S79-2      Spoke nipple $40
7  W1472      Hub, rear wheel $1
*variant_assembly_end
8  W951       Sprocket & brake drum, 46T $1
9  W62        Bolt, brake drum to hub $8
10 W1495      Self-locking nut, brake drum to hub $8
11 W1281      Wheel spindle, rear $1
12 W1474      Grease retainer, L.H. rear wheel bearing $1
13 W1654      Grease retainer, R.H. rear wheel bearing $1
14 W1022      Backing ring, rear wheel bearing $1
15 W653       Wheel bearing, rear $2
16 W1021      Retaining ring, rear wheel bearing $1			/*Todo: make assembly #2+
17 W1079      Screw, rear wheel bearing retaining ring $1	/*
18 W1278      Distance tube, rear wheel spindle centre $1
19 W1024      Distance piece, flanged, rear wheel spindle $1
20 W1112      Anchor plate, rear brake $1
21 W1282      Nut, rear wheel spindle, inner $2
*variant_assembly_start
*variant_assembly LEAD
22 W1406   Brake shoe, c/w lining, leading $1
*variant_assembly TRAIL
23 W1407   Brake shoe, c/w lining, trailing $1
*common_assembly
24 NW243      Lining, brake $1
25 W129       Brass rivet, brake lining $8
26 W1415      Thrust pad, brake shoe $1
*variant_assembly_end
27 W135       Spring, brake shoe return $2
28 W1083      Cam, rear brake $1
29 W1466      Cam lever, rear brake $1
30 W1467      Pivot pin, rear brake cam lever $1
31 S1-52      Nut, brake cam lever $1
32 W1090      Spring, brake cam lever return $1
33 W1476      Speedometer adaptor, rear wheel $1
34 W1477      Distance piece, rear wheel, T.S. $1
 *in_assembly 3TA,5TA
35 D544       Speedometer gearbox, green washer, rear wheel $1
 *in_assembly T90,T100SS
35 D373       Gearbox, speedometer $1
 *common_assembly
36 W1280      Washer, rear wheel spindle nut $1
 *variant_assembly_end
37 W1134   Adjuster, rear chain $2
38 W1015   End plate, rear chain adjuster $2
39 W1058   Self-locking nut, rear chain adjuster $2
40 F1747   Nut, rear wheel spindle $2
*variant_start T90,T100SS
41 D106    Security bolt, rear tyre $2
*variant_end

*title Quickly Detachable Rear Wheel
*page 51
 *variant_assembly_start						//Todo: nested variant assemblies not allowed
 *variant_assembly 3TA,5TA
1  W1601   Q.D. rear wheel, complete $1
 *variant_assembly T90,T100SS
1  W1602   Q.D. rear wheel, complete $1
 *common_assembly
*variant_assembly_start
*variant_assembly 3TA,5TA
2  W1604   Rim, spokes & hub assembly $1
*variant_assembly T90,T100SS
2  W1603   Rim, spokes & hub assembly $1
*common_assembly
*in_assembly 3TA,5TA
3  W1435      Rim, rear wheel, WM2-17 $1
4  W1271      Spoke, c/w nipple $20
5  W1377      Spoke, c/w nipple $20
*in_assembly T90,T100SS
3  W1007      Rim, rear wheel, WM3-18 $1
4  W1107      Spoke, rear wheel $20
5  W1108      Spoke, rear wheel $20
*common_assembly
6  S79-2      Spoke nipple $40
7  W1593      Hub, rear wheel $1
*variant_assembly_end
8  W1595      Grease retainer, Q.D. rear wheel bearings $2
9  W1509      Backing ring, Q.D. rear wheel bearing $2
10 S35-7      Wheel bearing, Q.D. rear wheel $2
11 W1596      Dust cap, Q.D. rear wheel bearing $1
12 W1614      Bearing sleeve, Q.D. rear wheel spindle, right $1
13 W1598      Distance piece, Q.D. rear wheel spindle, inner $2
14 W1477      Distance piece, rear wheel, T.S. outer $1
 *in_assembly 3TA,5TA
15 D544       Speedometer gearbox, green washer, rear wheel $1
 *in_assembly T90,T100SS
15 D373       Gearbox, speedometer $1
 *common_assembly
16 W1280      Washer, T.S. rear wheel spindle nut $1
17 W1282      Nut, rear wheel spindle, T.S. inner $1
18 W1091      Rubber sealing ring, Q.D. rear wheel $1
19 W1040      Sprocket & brake drum, Q.D. 46T $1
20 W1143      Grease retainer, rear wheel $1
21 W1041      Wheel bearing, rear wheel $1
22 W1042      Felt washer, rear wheel bearing $1
23 W1043      Retainer, bearing & felt washer, rear wheel $1
24 W1044      Circlip, rear wheel bearing $1
25 W1045      Bearing sleeve, rear wheel spindle, left $1
26 W1395      Anchor plate, rear brake $1
*variant_assembly_start
*variant_assembly LEAD
27 W1406   Brake shoe, c/w lining, leading $1  /* W1046 in list ?
*variant_assembly TRAIL
28 W1407   Brake shoe, c/w lining, trailing $1
*common_assembly
29 NW243      Lining, brake $1
30 W129       Brass rivet, brake lining $8
31 W1415      Thrust pad, brake shoe $2
*variant_assembly_end
32 W135       Spring, brake shoe return $2
33 W1083      Cam, rear brake $1
34 W1466      Cam lever, rear brake $1
35 W1467      Pivot pin, rear brake cam lever $1
36 S1-52      Nut, brake cam lever $1
37 W1090      Spring, brake cam lever return $1
38 W1052      Nut, rear wheel spindle $1
39 W1392      Distance piece, rear wheel spindle, inner $1
40 W1170      Distance piece, rear wheel spindle, outer $1
41 W1055      Spindle, rear wheel $1
 *variant_assembly_end
42 W1135   Adjuster, rear chain $2
43 W1015   End plate, rear chain adjuster $2
44 W1058   Self-locking nut, rear chain adjuster $2
*variant_start T90,T100SS
45 WM3     Security bolt, rear tyre WM3 $1
*variant_end

*title Mudguards
*page  53
*variant_start 3TA,5TA
1  H1901   Mudguard, front $1
*variant T90,T100SS
8  H1675   Blade, front mudguard $1
*variant_end
2  F929    Bolt, stays to fork leg $2
3  F4299   Washer, stays to fork leg $5
*variant_start 3TA,5TA
4  H1964   Stay, mudguard front $2
5  H1904   Nut, front mudguard bottom stay fixing $1
6  S25-3   Washer, front mudguard $2     /* Not in diag ?
*variant_end
7  NS362   Spigot nut, front mudguard bottom stay fixing $1
 8
*variant_start 3TA,5TA
9  H1878   Bracket, stays to fork leg $2
10 H1579   Clip, fork stay bracket $2
*variant T90,T100SS
 11
12 H1681   Front stay, front mudguard $1
13 H1685   Bracket, stays to fork leg $2
14 H1683   Centre stay, front mudguard $1
15 WE170   Fibre washer, mudguard centre stay $2
19 T224    Nut, stays to bracket & fork leg, front mudguard $2
20 DS55    Bolt, stays to bracket, front mudguard $2
21 H1482   Bottom stay, front mudguard, squared $1
22 H424    Bolt, bottom stay to fork leg $2
23 S25-71  Washer, bottom stay to fork leg $2
*variant_end
11 D261    Licence holder $1
*variant_quantity 3TA,5TA/x12 T90,T100SS/x10
16 DS57    Bolt, front & rear mudguard fixings $1
*variant_quantity_end
*variant_quantity 3TA,5TA/x7 T90,T100SS/x6
17 S25-1   Washer, front & rear mudguard fixings $1
*variant_quantity_end
*variant_quantity 3TA,5TA/x17 T90,T100SS/x12
18 F879    Nut, front & rear mudguard fixings $1
*variant_quantity_end
*variant_quantity 3TA,5TA/x2 T90,T100SS/x3
24 S1-51   Nut, front & rear mudguard fixings  $1
*variant_quantity_end
*variant_start 3TA,5TA
25 F6469   Number plate, front $1
*variant_end
26 F5924   Number plate, rear $1
*variant_start 3TA,5TA
27 F1369   Bolt, stays to bracket, front mudguard $2
*variant_end
28 S26-2   Spring washer, rear mudguard fixings $6
*variant_start T90,T100SS
29 F6470   Number plate, front $1
*variant_end
30 H741    Clip assembly, front number plate $2
31 H687    Screw, front number plate clip assembly $2
32 H745    Nut, front number plate clip assembly $2
*variant_start 3TA,5TA
33 F5963   Blade, rear mudguard $1
*variant T90,T100SS
33 F5984   Blade, rear mudguard $1
*variant_end
34 F4860   Bridge, rear mudguard $1
*variant_start 3TA,5TA
35 F5995   Packing strip, rear mudguard clip $1
*variant_end
36 F5424   Lifting handle $1
37 F5994   Clip, rear mudguard $1
38 F6031   Backing plate, rear mudguard clip $1
*variant_quantity 3TA,5TA/x4 T90,T100SS/x2
39 S26-3   Spring washer, rear mudguard clip backing plate $1
*variant_quantity_end
*variant_start 3TA,5TA
40 F5962   Bracket, rear mudguard, lower front fixing $1
41 DS55    Bolt, mudguard fixing $2
*variant T90,T100SS
40 F3599   Bracket, rear mudguard, lower front fixing $1
41 H590    Bolt, rear mudguard clip $2
*variant_end

*title Panels And Seat
*page 55
*variant_start 3TA,5TA
1  F5978   Side panel, bikini type, left $1
2  F5362   Side panel, bikini type, right $1
3  F6104   Beading, side panel, left $1
4  F6105   Beading, side panel, right $1
5  F5323   Valance, rear side panel, left $1
6  F5324   Valance, rear side panel, right $1
*variant 3TA
7  F4312   Motif, "Twenty One" $2
*variant 5TA
7  F4523   Motif, "Speed Twin" $2
*variant T90
7  F5372   Motif, "Tiger 90" $2
*variant T100SS
7  F4524   Motif, "Tiger 100" $2
*variant_end
*variant_quantity 3TA,5TA/x6 T90,T100SS/x3
8  F4317   Spire nut, side panel motifs $1
*variant_quantity_end
*variant_start 3TA,5TA
9  F5538   Rubber pad, side panel $2
10 S25-2   Plain washer, side panel fixing, front $2
11 S1-52   Nut, side panel fixing, front $2
12 F4715   Screw, side panel fixing, front $2
13 F4717   Self-locking nut, side panel fixing, front $2
14 GS308   Plain washer, side panel fixing, rear $2
15 E4329   Domed nut, side panel fixing, rear $2
*variant T90,T100SS
16 F5559   Side panel, switch mounting, left $1
17 F5976   Link, side panels $1
18 F5466   Grommet, side panel bottom mounting $1
19 F1756   Bolt, side panel link to panel $1
20 S25-43  Washer, side panel link $1
21 E3290   Self-locking nut, side panel link to panel $1
22 F1369   Bolt, side panel link $1
23 E1612   Serrated washer, side panel top fixing $1
24 F879    Nut, side panel link $1
*variant_end
25 F4239   Twinseat, grey top $1
26 F4244   Cover, twinseat, grey top, c/w clips $1
27 F4475   clip, seat cover $AR
28 F4898   Rubber buffer, seat $1
29 F4222   Hinge, seat $2
30 DS57    Bolt, hinge to seat $4
31 S26-2   Spring washer, seat hinges $4
32 D374    Check wire, seat $1
33 F4483   Self-tapping screw, seat check wire $1
34 F4226   Plunger, seat catch $1
35 F4228   Spring, seat release knob $1
36 E1719A  Washer, seat release knob $1
37 ------- Split pin, seat catch plunger, 3/32" x 1/2" $1
38 F4227   Knob, seat catch $1
39 F4361   Safety strap, seat \optional $1
40 F4365   Self-tapping screw, seat safety strap $4

*title Petrol Tank
*page 57
1  F6140   Petrol tank $1
2  F4235   Styling strip, petrol tank, left front \optional (for -3TA,5TA) $1
3  F4127   Motif, petrol tank, left $1
4  F4129   Screw, petrol tank motif, front $4
5  F4323   Styling strip, petrol tank, left rear \optional ( for -3TA,5TA) $1
6  F2551   Knee grip, petrol tank, left $1
7  F1953   Screw, knee grip, petrol tank, $4
8  F4237   Styling strip, petrol tank, right front \optional (for -3TA,5TA) $1
9  F4128   Motif, petrol tank, right $1
10 F4324   Styling strip, petrol tank, right rear \optional (for -3TA,5TA) $1
11 F2552   Knee grip, petrol tank, right $1
12 F6313   Styling strip, petrol tank centre $1
13 F4019   Serrated washer, petrol tank styling strip rear mounting $1
14 H919    Nut, petrol tank styling strip rear mounting $1
15 F3220   Filler cap, petrol tank $1
16 F4048      Washer, petrol tank filler cap $1
17 F1717   Petrol tap $1
18 F1511   Fibre washer, petrol taps $1
19 F3917   Parcel grid, petrol tank $1
20 F2936   Screw, parcel grid $4
21 F4862   Strut, frame headstock $1
22 E327    Bolt, headstock strut $2
23 F3955   Self-locking nut, headstock strut $2
24 F6143   Bracket, petrol tank underside $2
25 F6144   Saddle, petrol tank lower bracket mounting $2
26 F6145   'U'bolt, petrol tank lower bracket mounting $2
27 S26-3   Spring washer, petrol tank lower bracket mounting $4
28 S1-51   Nut, petrol tank lower bracket mounting $4
29 F5228   Rubber washer, petrol tank front mounting $4
30 F5229   Spigot rubber, petrol tank front mounting $4
31 F3814   Cup, petrol tank mounting $4
32 F1808   Bolt, petrol tank mounting $4
33 F4770   Steady rubber, petrol tank, frame strut $1

*title Oil Tank
*page  59
1  F5381   Oil tank $1
2  F5343   Drain plug, oil tank $1
3  PT104B  Fibre washer, oil tank drain plug $1
4  F3216   Filler cap, oil tank $1
5  F4047      Washer, oil tank filler cap $1
6  F3179   Filter, oil tank $1
7  F1713   Fibre washer, oil tank filter $1
8  F3162   Union nut, oil tank feed $1
9  F6103   Feed pipe, upper, oil tank $1
10 E3353   Oil pipe, tank to junction block, flexible, long $1
11 MF119   Pipe, oil tank return, flexible, short $1
12 E5473   Clip, oil pipes $4
13 E5434   Junction block & pipes, oil feed $1
14 E3763   Gasket, crankcase oil junction block $1
15 E3446   Washer, crankcase oil junction block stud $1
16 E1310   Nut, crankcase oil junction block stud $1
17 E3383   Oil pipe, rocker box, flexible $1
18 E3805   Oil feed pipe, rocker box $1
19 T1579   Vent pipe, oil tank $1
20 F5378   Bracket, oil tank, bottom $1
21 F5332   Rubber grommet, bottom oil tank bracket $1
22 F5328   Strap, battery mounting, front $1
23 F5329   Strap, battery mounting, rear $1
24 F5247   Spigot rubber, battery mounting straps $6
25 F5248   Rubber washer, battery mounting straps $2
26 W932    Bolt, battery mounting straps $4
27 S25-13  Washer, top oil tank mounting $4
*variant_start 3TA,5TA
28 F6307   Distance tube, battery mounting straps, 13/32" O.A. $2
*variant T90,T100SS
30 F6309   Distance tube, battery mounting straps, 15/32" O.A.$2
*variant_end
29 F6308   Distance tube, battery mounting straps, 17/32" O.A. $2
31 F6310   Plain washer, battery mounting straps, large $4
32 F879    Nut, oil tank mounting screwed peg $4

*title Battery, Toolkit And Air Filter
*page 61
1  F5333   Battery carrier $1
2  F4661   Strap, battery carrier, top $1
3  F4662   Packing rubber, battery carrier $1
4  E3200   Screw, battery carrier, top strap $1
5  E3728   Screw, battery carrier to strap $1
6  DS57    Bolt, tool tray mounting $3
7  S25-1   Washer, battery retainer $3
8  F879    Nut, battery retainer $3
9  ------- Battery, c/w lid *Lucas_MLZ9E $1
10 F4816   Vent pipe, battery, plastic $1
11 F5665   Tool tray $1
12 D446    Tool kit, complete $1
13 D360       Open spanner, 1/8" x 5/32" Whit. $1
14 NA55       Open spanner, 1/4" x 5/16" Whit. $1
15 DA16       Open spanner, 3/8 x 7/16" Whit. $1
16 D370       Ring spanner, 3/16" x 1/4" Whit. $1
17 PA57       Ring spanner, 1/2" x 9/16" Whit. $1
18 D311       Ring spanner, 5/8" x 11/16" Whit. $1
19 D87        Plug spanner $1
20 D363       Tyre lever & tommy bar $1
21 D364       Tyre lever & clutch key $1
22 D362       'C'spanner & tappet key $1
23 D336       Screwdriver, Phillips No.3 $1
24 -------    Ignition screwdriver & feeler gauge *Lucas_400935 $1
25 WA58       Toolkit roll $1
26 DA50/1  Extractor, clutch hub $AR
27 D527    Fork spanner, for sleeve nut $AR
28 D220    Fork spanner, for cap nut $AR
29 D484    Extractor, contact breaker $AR
30 D486    Assembly pilot, contact breaker $AR
31 D296    Tyre pump $1
32 F5432   Bracket, tyre pump, top $1
33 F1369   Bolt, battery mounting bracket $1
34 S25-43  Washer, tyre pump top bracket $1
35 S1-40   Nut, tyre pump top bracket $1
36 F5433   Bracket, tyre pump, bottom $1
37 S25-3   Washer, tyre pump bottom bracket $1
*variant_start 3TA,5TA
38 E5194   Adaptor, carburrettor to air filter $1
*variant T90,T100SS
38 F4812   Adaptor, carburrettor to air filter $1
*variant_end
39 F5625   Clip, air filter adaptor $1
40 F6430   Air filter assembly $1
41 F4811      Element, air filter (felt) $1

*title Handlebars
*page 63
*variant_start UK
*variant_start 3TA,5TA
1  H1871   Handlebar $1
*variant T90,T100SS
1  H1872   Handlebar $1
*variant_end
*variant USA
*variant_start 3TA,5TA
1  H1869   Handlebar $1
*variant T90,T100SS
1  H1873   Handlebar $1
*variant_end
*variant_end
2  H1425   Packing piece, handlebar $4
3  ------- Twistgrip asembly *Amal_16/417 $1
4  -------    Twistgrip body, top half *Amal_16/328 $1
5  -------    Twistgrip body, bottom half *Amal_16/329 $1
6  -------    Twistgrip rotor *Amal_16/091 $1
7  99-0238    Friction spring, twistgrip *Amal_16/008 $1
8  99-0239    Screw, twistgrip friction spring *Amal_16/009 $1
9  99-0240    Locknut, twistgrip friction spring *Amal_16/010 $1
10 99-0225    Screw, twistgrip body halves *Amal_11/014 $2
11 -------    Grip, handlebar, throttle *Amal_16/070 $1
12 99-0241    Cable stop, twistgrip *Amal_16/011 $1
13 ------- Brake lever assembly, front *Amal_18/999 $1
14 -------    Front brake lever *Amal_18/535 $1
15 -------    Bracket, front brake lever *Amal_18/1013 $1
16 99-0230    Clamp, clutch lever handlebar bracket *Amal_12/595 $1
17 99-0226    Screw, front brake handlebar bracket *Amal_11/014 $2
18 99-0252    Fulcrum screw, front brake lever *Amal_18/087 $1
19 99-0250    Self-locking nut, brake lever fulcrum screw *Amal_18/053 $1
20 -------    Adjuster, control cable *Amal_18/1005 $1
21 -------    Thumb nut, front brake cable adjuster *Amal_18/1006 $1
22 ------- Clutch lever assembly *Amal_18/1000 $1
23 -------    Clutch lever *Amal_18/528 $1
24 -------    Bracket, handlebar, clutch lever *Amal_18/1009 $1
25 -------    Clamp, clutch lever bracket *Amal_12/595 $1
26 99-0226    Screw, clutch lever handlebar bracket *Amal_11/014 $2
27 99-0252    Fulcrum screw, clutch lever *Amal_18/087 $1
28 99-0250    Self-locking nut, clutch lever fulcrum screw *Amal_18/053 $1
29 -------    Cable adjuster, front brake *Amal_18/1005 $1
30 -------    Thumb nut, front brake cable adjuster *Amal_18/1006 $1
31 ------- Horn push &  dip switch *Lucas_31563 $1
32 ------- Backing rubber, horn & dip switch *Lucas_380459 $1
33 H1876   Screw, horn & dip switch $2
34 ------- Grip, handlebar, left *Amal_16/069 $1
35 ------- Brake lever assembly, front, ball-end *Amal_18/951 $1
36 -------    Front brake lever, ball-end *Amal_18/754 $1
37 -------    Handlebar bracket, front brake lever *Amal_18/777 $1
38 -------    Cable adjuster, front brake cable *Amal_181838 $1
39 -------    Thumb nut, front brake cable adjuster *Amal_18/839 $1
40 ------- Clutch lever assembly, ball-end *Amal_18/952 $1
41 -------    Clutch lever, ball-end *Amal_18/752 $1
42 -------    Bracket, clutch lever *Amal_18/773 $1

*title Cables
*page 65
*variant_start UK
*variant_start 3TA,5TA
1  D531    Throttle cable, complete $1
*variant T90,T100SS
1  D495    Throttle cable, complete $1
*variant_end
*variant USA
1  D532    Throttle cable, complete $1
*variant_end
2  D101       Ferrule, cable casing $3
3  D83        Nipple, control cable $1
4  D104       Adjuster, cable $1
5  -------    Ferrule, control cable *Amal_6/132A $1
6  NS191      Nipple, control cable $1
*variant_assembly_start
*variant_assembly 3TA,5TA
7  D561    Brake cable, front, complete $1
*variant_assembly T90,T100SS
7  D560    Front brake cable $1
*common_assembly
8  D103       Ferrule, cable casing $2
9  D506       Nipple, control cable $1
10 W593       Fork end, front brake cable $1
*variant_assembly_end
11 WF32    Pivot pin, front brake cable fork end $1
12 ------- Split pin, 1/16" x 3/8", front brake cable $1
*variant_assembly_start
*variant_assembly UK
13 D566    Clutch cable, complete $1
*variant_assembly USA
13 D565    Clutch cable, complete $1
*common_assembly
14 D103       Ferrule, cable casing $2
15 D506       Nipple, control cable $1
16 DS73       Nipple, control cable $1
*variant_assembly_end
17 XA69    Clip, control cables $AR

*title Carburettor
*page  69
*variant_assembly_start
*variant_assembly T90
1  ------- Carburettor, complete, 15/16" choke *Amal_376/300 $1
*variant_assembly T100SS
1  ------- Carburettor, complete, 1" choke *Amal_376/273 $1
*common_assembly
*in_assembly T90
2  -------    Mixing chamber, 15/16" choke *Amal_376/001 $1
3  -------    Jet block, 15/16" choke *Amal_376/055 $1
*in_assembly T100SS
2  -------    Mixing chamber, 1" choke *Amal_376/002 $1
3  -------    Jet block, 1" choke *Amal_376/056 $1
*common_assembly
4  -------    Gasket, jet block to body, carburettor *Amal_376/067 $1
5  -------    Peg screw, carburettor *Amal_376/070 $1
6  -------    Top, mixing chamber *Amal_376/158 $1
7  -------    Air valve *Amal_376/197 $1
8  -------    Control rod & lever, air valve *Amal_376/402 $1
9  -------    Spring, air valve control rod *Amal_376/109 $1
10 -------    Friction washer, air valve control rod *Amal_376/409 $1
11 -------    Spring, mixing chamber cap, hairpin type *Amal_30/064 $1
12 -------    Cap, mixing chamber *Amal_376/065 $1
13 -------    Spring, mixing chamber cap *Amal_29/308 $1
14 -------    Screw, mixing chamber cap spring *Amal_4/241 $1
*in_assembly T90
15 -------    Throttle valve, 3 cutaway *Amal_376/060 $1
*in_assembly T100SS
15 -------    Throttle valve, 3 1/2 cutaway *Amal_376/060 $1
*common_assembly
16 -------    Spring, throttle return *Amal_376/061 $1
17 -------    Needle, type C *Amal_376/063 $1
18 -------    Clip, needle *Amal_4/230 $1
19 -------    Needle jet, 0.105 *Amal_376/072 $1
*in_assembly T90
20 -------    Main jet, 100 *Amal_376/100 $1
*in_assembly T100SS
20 -------    Main jet, 160 *Amal_376/100 $1
*common_assembly
21 -------    Jet holder *Amal_376/073 $1
22 -------    Fibre washer, main jet holder *Amal_376/074 $1
23 -------    Cover nut, main jet *Amal_376/075 $1
*in_assembly T90
24 -------    Pilot jet, 20 *Amal_376/076 $1
*in_assembly T100SS
24 -------    Pilot jet, 25 *Amal_376/076 $1
*common_assembly
25 -------    Fibre washer, pilot jet holder *Amal_116/162 $1
26 -------    Cover nut, pilot jet holder *Amal_376/095 $1
27 -------    Air adjusting screw *Amal_332/017 $1
28 -------    Spring, air adjusting screw *Amal_4/148 $1
29 -------    Screw, throttle stop *Amal_376/068 $1
30 -------    Spring, throttle stop screw *Amal_376/069 $1
31 -------    Spindle, float *Amal_376/085 $1
32 -------    Float, carburettor *Amal_376/083 $1
33 -------    Bush, float spindle *Amal_376/094 $1
34 -------    Gasket, float chamber *Amal_376/078 $1
35 -------    Cover, float chamber *Amal_376/077 $1
36 -------    Screw, float chamber cover *Amal_376/079 $3
37 -------    Seating, carburettor needle *Amal_376/088 $1
38 -------    Needle, float *Amal_376/089 $1
39 -------    Filter, fuel inlet *Amal_376/093 $1
40 -------    Bolt, fuel pipe attachment *Amal_376/091 $1
41 -------    Fibre washer, fuel pipe attachment bolt *Amal_376/092 $1
42 -------    Plunger, tickler *Amal_376/086 $1
43 -------    Spring, tickler *Amal_376/087 $1
44 -------    Body, carburettor tickler *Amal_343/011 $1
45 -------    'O'ring, carburettor outlet *Amal_244/1048 $1
*variant_assembly_end
46 F4308   Petrol pipe assembly $1
47 ------- Funnel, carburettor air intake *Amal_376/066 \optional $1

*title Headlamp, Wiring Harness, Switches And Tail
*page  71
1  ------- Headlamp, complete, type SS700P *Lucas_58934 $1
2  99-0692    Rim, headlamp *Lucas_553248 $1
3  99-0686    Light unit, lens & reflector *Lucas_516798 $1
4  99-0683    Fixing wire, light unit *Lucas_504665 $6
5  -------    Screw, rim to headlamp shell *Lucas_144921 $1
6  -------    Plate, headlamp rim attachment *Lucas_534296 $1
7  -------    Bulb, 30/24W, vert.dip, pre-focus *Lucas_312 $1
8  -------    Bulbholder, main *Lucas_554602 $1
9  -------    Bulb, pilot, 3W MCC *Lucas_988 $1
10 99-0695    Bulbholder, pilot light *Lucas_554710 $1
11 -------    Ammeter, type 2AR *Lucas_36296 $1
12 -------    Grommet, headlamp leads *Lucas_862217 $1
13 -------    Bolt, headlamp mounting *Lucas_112201 $2
14 -------    Washer, headlamp mounting *Lucas_137499 $2
15 ------- Wiring harness *Lucas_54936415 $1
16 ------- Ignition switch, c/w key, type 88SA *Lucas_34427 $1
17 ------- Key, ignition *Lucas_54336176 $1
18 ------- Cover, ignition switch *Lucas_54336178 $1
19 ------- Switch, lighting, type 88SA *Lucas_34289 $1
20 ------- Knob c/w screw, light switch *Lucas_54330934 $1
21 F5983   Bracket, handlebar mounted $2
22 F5988   Rubber band, handlebar mounted bracket $2
23 ------- Bezel plate, light switch *Lucas_54330576 $2
24 ------- Socket & harness, lighting *Lucas_54930007 $1
25 ------- Socket & harness, ignition switch *Lucas_54930008 $1
26 ------- Horn, type 8H *Lucas_70163 $1
27 F6632   Bracket, horn $1
28 T1076   Bolt, horn to bracket $2
29 F3799   Nut, horn to bracket $2
30 ------- Lucar connector, female *Lucas_54942078 $5
31 ------- Insulating cover, lucar connector *Lucas_54190042 $5
32 ------- Bullet connector, male *Lucas_900269 $AR
33 ------- Bullet connector, female, 1-way *Lucas_900288 $AR
34 ------- Bullet connector, female, 2-way *Lucas_850641 $AR
35 ------- Bullet connector, female, 3-way *Lucas_850844 $AR
36 ------- Bullet connector, female, 5-way *Lucas_850832 $AR
37 ------- Rectifier, type 2DS506 *Lucas_49072 $1
38 F5338   Nut, rectifier *Lucas_156596 $1
39 H1932   Distance piece, headlamp mounting $2
*page 87
20 ------- Stop & tail lamp assembly, type 564 *Lucas_53432 $1
21 -------    Lens, tail lamp *Lucas_573839 $1
22 -------    Window, tail lamp *Lucas_575200 $1
23 -------    Gasket, tail lamp lens *Lucas_575308 $1
24 -------    Sleeve nut, tail lamp *Lucas_575219 $2
25 -------    Base assembly, tail lamp *Lucas_576002 $1
26 -------    Bulbholder, tail lamp *Lucas_575209 $1
27 -------    Grommet, tail lamp bulb holder *Lucas_575207 $1
28 -------    Contact assembly, tail lamp *Lucas_573828 $1
29 -------    Grommet, contact assembly, tail lamp *Lucas_573825 $1
30 -------    Bulb, stop & tail lamp, 6/12W offset pin *Lucas_384 $1
31 ------- Lead assembly, stop & tail lamp *Lucas_838604 $1

*title Speedometer And Tachometer
*page 73
*variant_start 3TA,5TA
*variant_start UK
1  ------- Speedometer head, mph *Smiths_SSM5002/00 $1
*variant EURO
1  ------- Speedometer head, kph *Smiths_SSM5002/01 $1
*variant_end
*variant T90,T100SS
*variant_start UK
1  ------- Speedometer head, mph *Smiths_SSM5001/00 $1
*variant EURO
1  ------- Speedometer head, kph *Smiths_SSM500l/0l $1
*variant_end
*variant_end
2  ------- Bulb holder *Lucas_554734 $1
3  ------- Bulb, instruments, 3W M.E.S. *Lucas_990 $1
*variant_start 3TA,5TA
4  ------- Trip control *Smiths_41-118-127-7Trip control $1
5  ------- Rubber ring, instrument seal *Smiths_31-753-778 $1
6  ------- Fixing strap, instrument *Smiths_31-674-188-0Fixing strap, instrument $1
7  ------- Washer, instrument to strap *Smiths_30-283-014-1Washer, instrument to strap $2
8  ------- Nut, instrument to strap *Smiths_30-277-023-1Nut, instrument to strap $2
16 H1698   Bracket, speedometer cable holder $1
*variant T90,T100SS
9  ------- Trip control, speedometer *Smiths_41-148-203-10 $1
10 H1702   Distance piece, instrument mounting $2
11 H1701   Sleeve nut, instrument mounting $2
12 H1668   Bracket, instrument mounting $1
13 DS57    Bolt, instrument mounting bracket $2
14 S26-2   Spring washer, instrument mounting bracket $2
17 F3098   Clip, cable $1		/* In list shown for all models, but nut & bolt not ?
18 F3468   Bolt, cable clip $1
19 S1-51   Nut, cable clip $1
*variant_end
15 D490    Speedometer cable, 58" $1
 20
 31
*variant_start T90,T100SS
32 D494    Circlip, tachometer gearbox spade $1
33 T1257   Fibre washer, speedometer cable adapter $1
34 D493    Spade, speedometer cable $1
35 E5731   Adapter, speedometer cable $1
36 E4803   "O"ring, speedometer cable adapter $1
37 E5733   Nylon bush, speedometer cable adapter $1
38 D529    Tachometer cable, 34" $1
39 ------- Tachometer *Smiths_RSM3001/02 $1
40 H1596   Bracket, speedometer & tachometer mounting $1
41 ------- Washer, instrument mounting *Smiths_30-282-014-1 $4
42 ------- Nut, instrument to bracket *Smiths_30-276-037-1 $4
43 H1087   Metalastik bush, instrument mounting $2
44 H1086   Bolt, instrument bracket $2
*variant_end
*end

