*manufacturer Triumph
*major_model 150/200cc Single
*minor_model 150cc Terrier
*minor_model 200cc Tiger Cub
*year 1956
*engine_number >=17389
*publication_part_no No_4

*page 5
*title Carton Packs
-- CP148   Big end assembly, 1 E3341 Connecting rod c/w bushes, 1 E3414 Crankpin c/w plug $1
-- CP149   Big end assembly, 1 E3343 Bush, big end, 1 E1762 Bush, small end, 1 E3414 Crankpin c/w plug Export only $1
-- CP155   Big end assembly, 1 E3624 Connecting rod c/w bushes, 1 E3600 Crankpin c/w plug $1
-- CP128   Brake linings, 2 W978 Linings, 14 W979 Rivets $1
-- CP120   Piston assembly, 1 E3148 Piston body, 2 E3153 Ring, compression, 1 E3154 Ring, scraper, 1 E1750 Pin, gudgeon, 2 E1767 Circlip $1
-- CP120/+ Piston assembly, 1 E3148/20 Piston body +020", 2 E3153/20 Ring, compression +020", 1 E3154/20 Ring, scraper +020", 1 E1750 Pin, gudgeon, 2 E1767 Circlip `CP120/20 $1
-- CP120/+ Piston assembly, 1 E3148/40 Piston body +040", 2 E3153/40 Ring, compression +040", 1 E3154/40 Ring, scraper +040", 1 E1750 Pin, gudgeon, 2 E1767 Circlip `CP120/40 $1
-- CP141   Piston assembly, 1 E3358 Piston body, 1 E3380 Ring, chrome comp, 1 E656 Ring, comp, 1 E3387 Ring, scraper, 1 E1750 Pin, gudgeon, 2 E1767 Circlip, gudgeon pin $1
*page 6
-- CP141/+ Piston assy, 1 E3358/20 piston +20", 1 E3380/20 Ring, chrome comp, 1 E656/20 Ring, comp +20", 1 E3387/20 Ring, scraper +20", 1 E1750 Pin, gudgeon, 2 E1767 Circlip, gudgeon pin `CP141/20 $1
-- CP141/+ Piston assy, 1 E3358/40 piston +40", 1 E3380/40 Ring, chrome comp, 1 E656/40 Ring, comp +40", 1 E3387/40 Ring, scraper +40", 1 E1750 Pin, gudgeon, 2 E1767 Circlip, gudgeon pin `CP141/40 $1
-- CP121   Piston rings, 2 E3153 Ring, compression, 1 E3154 Ring, scraper $1
-- CP121/+ Piston rings, 2 E3153/20 Ring, compression +020", 1 E3154/20 Ring, scraper +020" `CP121/20 $1
-- CP121/+ Piston rings, 2 E3153/40 Ring, compression +040", 1 E3154/40 Ring, scraper +040" `CP121/40 $1
-- CP150   Piston rings, 1 E3380 Ring, chrome compression, 1 E656 Ring, compression, 1 E3387 Ring, scraper $1
-- CP150/+ Piston rings, 1 E3380/20 Ring, chrome compression, 1 E656/20 Ring, compression, 1 E3387/20 Ring, scraper `CP150/20 $1
-- CP150/+ Piston rings, 1 E3380/40 Ring, chrome compression, 1 E656/40 Ring, compression, 1 E3387/40 Ring, scraper `CP150/40 $1
-- CP130   Rear suspension spring set, 2 F3425 Spring, main, 2 F3426 Spring, rebound $1
-- CP129   Steering races, 2 H835 Cup, steering race, 2 H833 Cone, steering race, 30 S70-3 Ball, steering race $1
-- CP124   Valves, 1 E3146 Valve, inlet, 1 E3147 Valve, exhaust $1
-- CP122   Valve Guides, 2 E3208 Valve guide, inlet and exhaust, 2 E3209 Circlip $1
-- CP123   Valve springs, 2 E3214 Spring, valve inner, 2 E3215 Spring, valve outer $1

*page 7
*title Cylinder Block and Piston
1  E3142   Barrel, cylinder $1
2  E3385   Barrel, cylinder $1
3  E3216   Washer, cylinder base $1
4  E3368   Washer, cylinder base $1
5  E3386   Dowel, cylinder barrel to head $1
6  CP120   Piston c/w rings, gudgeon pin, etc $1
7  CP141   Piston c/w rings, gudgeon pin, etc $1
8  E3153   Ring, compression $2
9  E3380   Ring, chrome compression $1
10 E656    Ring, compression $1
11 E3153/+ Ring, compression `E3153/20 $2
12 E3380/+ Ring, chrome compression `E3380/20 $1
13 E656/2+ Ring, compression `E656/20 $1
14 E3153/+ Ring, compression `E3153/40 $2
15 E3380/+ Ring, chrome compression `E3380/40 $1
16 E656/4+ Ring, compression `E656/40 $1
17 E3154   Ring, scraper $1
18 E3387   Ring, scraper $1
19 E3154/+ Ring, scraper `E3154/20 $1
20 E3387/+ Ring, scraper `E3387/20 $1
21 E3154/+ Ring, scraper `E3154/40 $1
22 E3387/+ Ring, scraper `E3387/40 $1
23 E1750   Pin, gudgeon $1
24 E1767   Circlip, gudgeon pin $2

*page 7
*title Cylinder Head
25 E3143   Head, cylinder c/w guides and adaptor $1
26 E3217   Gasket, cylinder head $1
27 E3207   Adaptor, cylinder head exhaust $1
28 E3210   Stud, rocker inspection cover $2
29 E1987   Stud, cylinder head to carburetter $2
30 E3230   Nut, cylinder head to barrel $4
31 E3446   Washer, cylinder head to barrel $4  /* E34446 in list? */
*page 8
1  E3146   Valve, inlet $1
2  E3147   Valve, exhaust $1
3  E3208   Guide, inlet and exhaust $2
4  E3209   Circlip, inlet and exhaust guide $2
5  E3214   Spring, valve inner $2
6  E3215   Spring, valve outer $2
7  E3301   Collar, valve spring top $2
8  E3213   Cup, valve spring bottom $2
9  WE259A  Cotter, valve split $4
10 E3251   Rocker, inlet assembly $1
11 E3252   Rocker, exhaust assembly $1
12 E3222   Ball pin, rocker $2
13 E3223   Adjuster, rocker $2
14 GS662   Locknut, rocker adjuster pin $2
15 E3225   Spindle, rocker inlet and exhaust $2
16 E3253   Sealing ring, rocker spindle $2
17 E2534   Thrust washer, rocker spindle DS 7/16" $4
18 E2594   Thrust washer, rocker spindle TS 3/8" $2
19 E3224   Thackeray washer, rocker spindle (spring) $2
20 E3227   Cover, rocker inlet inspection $1
21 E3228   Cover, rocker exhaust inspection $1
22 E3226   Washer, rocker cover joint $2
23 E3290   Nut, rocker cover to head $2
24 E2441   Washer, rocker cover to head nut $2
25 E3235   Rod, push $2
26 E3372   Rod, push $2
27 E3536   Cover, push rod $1
28 E3537   Cover, push rod $1
29 E3172   Peg, cover to crankcase locating $1
30 E3540   Washer, push rod cover joint (upper) $1
31 E3391   Washer, push rod cover joint (lower) $1
32 E3285   Tappet $2
33 E3244   Pipe, rocker oil $1
34 H400    Nut, rocker oil pipe to spindle $2
*page 9
1  E1335   Washer, rocker oil pipe inner joint $2
2  E3249   Washer, rocker oil pipe outer joint $2
3  E3383   Connection, oil tank to oil pipe (Rubber) $1

*page 9
*title Crankcase and Crankshaft
4  E3639   Flywheel and connecting rod assembly $1
5  E3653   Flywheel and connecting rod assembly $1
6  E3336   Flywheel c/w mainshaft LH $1
7  E3596   Flywheel c/w mainshaft LH $1
8  E3419   Flywheel c/w plugs RH $1
9  E3598   Flywheel c/w plugs RH $1
10 E3420   Plug, TS Flywheel $2
11 E3624   Rod, connecting (complete) $1
12 E3623   Bush, big end $1
13 E1762   Bush, small end $1
14 E3414   Crankpin c/w plugs $1
15 E3600   Crankpin c/w plugs $1
16 E3292   Plug, crankpin $2
17 E3566   Flywheel c/w mainshaft LH (Tiger Cub from Engine number 17389 up to 18596) $1
18 E3569   Flywheel c/w plugs RH (Tiger Cub from Engine number 17389 up to 18596) $1
19 E3414   Crankpin c/w plugs (Tiger Cub from Engine number 17389 up to 18596) $1
20 E3558   Crankcase assembly c/w bushes $1
21 E3563   Crankcase assembly c/w bushes $1
22 E3170   Stud, crankcase to cylinder head $4
23 E3365   Stud, crankcase to cylinder head $4
24 E3171   Stud, crankcase to oil pipe junction block $1
25 T989    Dowel, crankcase to RH inner cover $2
26 E3169   Dowel, crankcase to oil junction block $1
27 E3560   Pipe, crankcase oil return $1
28 T1076   Screw, crankcase oil return pipe $1
29 E2615   Plug, crankcase oil gauge test hole $1
30 E1335   Washer, crankcase plug $1
31 E3173   Bearing, RH (Plain) $1
32 E3172   Peg, RH bearing $1
33 E3175   Bush, camshaft $1
34 E3518   Bush, distributor and oil pump shaft $1
*page 12
1  E3178   Pinion, timing and distributor drive $1
2  E3421   Bolt, timing and distributor pinion $1
3  E3185   Pinion, camshaft (50T) $1
4  E3184   Key, camshaft pinion $1
5  E3183   Camshaft, inlet and exhaust $1
6  E3186   Pinion and shaft, distributor and oil pump drive $1

*page 12
*title Oil Pump
7  E3393   Oil pump assembly $1
8  E3409   Body, oil pump $1
9  E3410   Plunger, oil feed $1
10 E3194   Plunger, oil scavenge $1
11 E3195   Rod, connecting drive $1
12 E3412   Pin, connecting drive rod $1
13 E3413   Circlip, connecting drive rod $1
14 S70-4   Ball, oil pump body $2
15 E3191   Spring, oil pump body and auxiliary valves $4
16 T1124   Ball, auxiliary valve $2
17 E3192   Plug, oil pump body $2
18 E3197   Bolt, oil pump to crankcase $2
19 GS299   Lockwasher, oil pump to crankcase (serrated) $2
20 E3188   Washer, oil pump to crankcase joint $1
21 E3177   Filter, crankcase $1
22 E3176   Spring, crankcase filter $1
23 E3302   Washer, crankcase filter spring $1
24 E1564   Cap, crankcase filter $1
25 E1577   Washer, crankcase filter joint $1

*page 12
*title Crankcase Covers
26 E3577   Cover, crankcase DS inner & $1
27 E3199   Dowel, inner cover to crankcase front $1
28 T989    Dowel, inner cover to outer cover rear $1
29 E3152   Bearing, engine flywheel mainshaft $1
30 E3379   Oil seal, mainshaft bearing $1
31 E3460   Sealing washer, gearbox shaft (rubber) $1
32 E3603   Backing washer, sealing washer $1
33 E3204   Screw, inner cover to crankcase (top front) $1
34 E3445   Screw, inner cover to crankcase $2
35 DS57    Plug, oil level and drain $2
36 WE170   Washer, oil level and drain plugs $2
*page 13
4  E3582   Cover, crankcase DS outer $1
5  E3580   Cover, crankcase DS outer $1
6  E3579   Washer, cover joint $1
7  E3205   Screw, outer cover, long $4
8  E3200   Screw, outer cover, short $4
9  E3204   Screw, outer cover, medium $1
10 E732    Plug, oil filler $1
11 NE507   Washer, oil filler joint $1
12 E3416   Cover, inner TS c/w bushes and clutch lever $1
13 E3293   Bush, camshaft $1
14 E3172   Peg, camshaft bush $1
15 T1147   Bush, gearbox mainshaft $1
16 T1149   Plate, inner cover $1
17 T1148   Washer, inner cover plate (Cork) $1
18 T1150   Screw, inner cover plate $2
19 E3204   Screw, inner cover to crankcase (front and rear) $2
20 E3220   Screw, inner cover to crankcase (short) $1
21 E3221   Screw, inner cover to crankcase (long) $1
22 F3775   Vent pipe, inner cover breather (PVC) $1
23 XA69    Clip, vent pipe to clutch cable $1
24 E3151   Cover, outer TS $1
25 E3345   Washer, cover joint $1
26 E3221   Screw, outer TS cover (long) $1
27 E3231   Screw, outer TS cover (medium) $7
28 E3220   Screw, outer TS cover (short) $1
29 GST15/+ Gasket set `GST15/55 $1
30 GST20/+ Gasket set `GST20/55 $1

*page 13
*title Engine Sprocket
1  E3201   Engine sprocket, 19 teeth $1
2  E3581   Engine sprocket, 18 teeth $1
3  W954    Distance piece, sprocket and rotor $1

*page 14
*title Gearbox
1  T1083   Gear cluster, mainshaft (3rd and low) (sold as assembly only) $1
2  T1085   Bush, mainshaft clutch rod $1
3  T1078   Gear, mainshaft high c/w bush $1
4  T1080   Bush, mainshaft high $1
5  T1089   Gear, mainshaft 2nd $1
6  T1090   Thrust ring, mainshaft 2nd gear $1
7  T1091   Gear, cluster, layshaft (top and 2nd) (sold as assembly only) $1
8  T1094   Gear, layshaft 3rd $1
9  T1095   Gear, layshaft low c/w bush $1
10 T1097   Bush, layshaft low gear $1
11 T1098   Fork, mainshaft and layshaft selector $2
12 T1102   Spindle, selector fork $1
13 T1066   Camplate assembly $1
14 T1069   Spindle, camplate $1
15 ------- Split pin, camplate to spindle 3/32"x1" $1
16 T1248   Spring, camplate index $1
17 T1249   Spring, camplate index (supplementary) $1
18 T1076   Screw, camplate index spring $2
19 T1180   Lockwasher, camplate index spring $1
20 T1164   Pedal, footchange $1
21 F1369   Bolt, footchange pedal $1
22 T1259   Spindle, quadrant and plunger assembly $1
23 T1181   Feltwasher, footchange spindle $1
24 T1184   Plunger, footchange gear selector $2
25 T1278   Spring, footchange gear selector plunger $2
26 ------- Split pin, footchange gear selector plunger 5/64"x3/4" $2
27 T1109   Spring, footchange return $1
28 T1077   Pin, footchange return spring anchorage $1
29 E2287   Washer, footchange return spring anchorage $1
30 T449    Rubber, footchange pedal $1
*page 15
1  T1070   Bearing, DS gearbox mainshaft (ball) $1
2  T1071   Oil seal, DS bearing (felt) $1
3  T1072   Plate, DS bearing seal retaining $1
4  T1073   Bearing, DS gearbox layshaft (plain) $1
5  E3172   Peg, layshaft bearing locating $1
6  T1269   Disc, DS gearbox layshaft bearing $1
*page 16
1  T1165   Kickstarter assembly, folding $1
2  T1166   Crank, kickstarter $1
3  T1168   Pedal kickstarter crank $1
3  F1814   Rubber, kickstarter pedal (REF NUM 3a) $1
4  T1169   Bolt, kickstarter crank to pedal $1
5  S70-3   Ball, kickstarter crank to pedal $1
6  T1167   Spring, kickstarter crank to pedal $1
7  S52-1   Cotter, kickstarter crank c/w nut and washer $1
8  T1279   Spindle, kickstarter c/w bush $1
9  T1118   Bush, kickstarter spindle $1
10 T1281   Pawl, kickstarter $1
11 T1282   Plunger, kickstarter pawl $1
12 T1161   Spring, kickstarter plunger $1
13 T1274   Disc, pawl retaining $1
14 T1162   Spring, kickstarter return $1
15 T1163   Plate, kickstarter return spring anchor $1
16 T1157   Plate, kickstarter stop $1
17 T1158   Screw, kickstarter stop plate $1
18 T1081   Sprocket, gearbox, 17 teeth $1
19 T1082   Nut, gearbox sprocket $1
20 T1110   Plug, gearbox filler $1
21 E697    Washer, gearbox filler plug $1
22 T1112   Plug, gearbox drain $1
23 T1257   Washer, gearbox drain plug $1
24 T361    Plug, gearbox level $1
25 WE170   Washer, gearbox level plug $1

*page 16
*title Clutch
26 T1365   Clutch, complete $1
27 T1341   Clutch, complete $1
28 T1119   Key, clutch to mainshaft $1
29 T1347   Lockwasher, clutch nut $1		/* Nut in '55?
30 T1348   Nut, clutch to mainshaft $1		/* Washer in '55?
31 T1310   Housing and sprocket complete with linings (48 teeth) $1
32 T1343   Housing and sprocket complete with linings (36 teeth) $1
33 T1124   Ball, clutch sprocket bearing $16
34 T1264   Bearing ring, clutch sprocket $1
*page 18
1  T1345   Shock absorber assembly comprising lines 2 to 8 $1
2  T1314   Clutch centre $1
3  T1128   Backplate $1
4  T1364   Cup, centre driving $3
5  T1350   Pin, driving cup $3
6  T1346   Spider $1
7  T1132   Rubber, drive $3
8  T1318   Rubber, rebound $3
9  T1315   Driven Plate $3
10 T1294   Driving plate complete with linings $3
11 T1253   Pressure plate $1
12 T1256   Adjuster, pressure plate $1
13 GS662   Locknut, pressure plate adjuster $1
14 T1144   Spring cup $3
15 T1145   Spring, clutch pressure $3
16 T1146   Nut, clutch pin $3
17 T1233   Lever, clutch operating assembly $1
18 T1235   Lever, clutch operating $1
19 T1236   Pin, operating lever fulcrum $1
20 T1155   Cup, operating lever thrust $1
21 T1124   Ball, cup to rod $1
22 ------- Split-pin, cup to lever 1/16"x1/2" $1
23 T1234   Fulcrum, clutch operating lever $1
24 T1140   Rod, clutch operating $1

*page 18
*title Exhaust
25 E3257   Pipe, exhaust $1
26 E3259   Clip, exhaust pipe to cylinder head $1
27 E3260   Bolt, exhaust pipe to cylinder head $1
28 S25-13  Washer, exhaust pipe to cylinder head clip bolt $1
29 E3261   Silencer $1
30 E3269   Clip, silencer to exhaust pipe $1
31 TE164E  Bolt, silencer to exhaust pipe clip $1
32 TE164D  'D' Washer, silencer to exhaust pipe clip bolt $1
33 TE164C  'D' Nut, silencer to exhaust pipe clip bolt $1
34 F929    Bolt, silencer to frame $1
35 S1-51   Nut, silencer to frame bolt $1
36 S26-2   Washer, silencer to frame bolt $1

*page 19
*title Frame
1  F3926   Frame, only $1
2  F3953   Bolt, front and rear engine mounting $2
3  F3954   Bolt, lower engine mounting $1
4  F3955   Nut, engine mounting bolt $3
5  F3929   Distance piece, engine bolts $3

*page 19
*title Rear Suspension
6  F4038   Fork end, RH c/w grease nipple $1
7  F4037   Fork end, LH c/w pin and grease nipple $1
8  NW100   Nipple, fork end grease $2
9  F3781   Pin, fork end brake anchorage $1
10 F3422   Backing washer, plunger lug (top) $2
11 F3577   Cup, plunger lug (bottom) $2
12 F3423   Gaiter, plunger lug bottom (rubber) $2
13 F3425   Spring, suspension main $2
14 F3426   Spring, suspension rebound $2
15 F3427   Cover, suspension spring (lower) $2
16 F3428   Cover, suspension spring (upper) $2
17 F3853   Rod, plunger guide $2
18 F3854   Nut, plunger guide rod $2
19 F3430   Bolt, plunger guide to lug clamp $2
20 E470    Nut, plunger guide to lug clamp $2
21 S25-3   Washer, plunger guide to lug clamp $2

*page 19
*title Centre Stand
22 F3762   Stand c/w fittings $1
23 F3956   Stand c/w fittings $1
24 F3763   Stand only $1
25 F3957   Stand only $1
26 F3747   Spring, stand return $1
27 F3960   Spring, stand return $1
28 F3520   Bolt, stand pivot $2
29 DS47    Nut, pivot bolt $2
30 F3681   Prop stand c/w fittings $1
31 F3937   Prop stand c/w fittings $1
32 F3097   Pin, stand pivot $1
33 F3096   Lockwasher, pivot pin $1
34 F2610   Spring, return $1

*page 24 
*title Telescopic Front Fork
1  H827    Fork, assembly $1
2  H828    Lug, fork stem and middle $1
3  H834    Bolt, middle lug pinch $2
4  H518    Nut, middle lug pinch bolt $2
5  F3098   Clip, for front brake cable $1
6  S25-3   Washer, middle lug pinch bolt $4
7  H837    Lug, fork top $1
8  H570    Bolt, fork top lug clamp $1
9  S1-51   Nut, fork top lug clamp bolt $1
10 S25-3   Washer, fork top lug clamp bolt $1
11 H840    Sleeve nut, fork stem $1
12 H843    Stanchion fork c/w bush $2
13 NW100   Grease nipple, stanchion $2
14 H845    Bush, stanchion bottom $2
15 H846    Nut, stanchion to top lug $2
16 E2287   Washer, stanchion to top lug nut $2
17 H903    Buffer, stanchion rubber $2
18 H902    Washer, stanchion rubber buffer $2
19 H847    Spring, fork c/w studs, etc $2
20 H850    Stud, fork spring (short) top $2
21 H851    Stopnut, fork spring (bottom) $2
22 H852    Rod, fork spring anchor (bottom) $2
23 S1-51   Nut, fork spring (short) stud $2
24 H853    Member, outer lower c/w cap LH $1
25 H948    Member, outer lower c/w cap RH $1
26 H856    Cap, outer lower member lug spindle $2
27 W932    Bolt, outer lower member lug spindle $4
28 E1612   Washer, outer lower member lug spindle $4
29 H860    Bush, outer lower member top $2
*page 25 
1  H861    Sleeve nut, outer lower member $2
2  H862    Washer, sleeve nut (steel) $2
3  H863    Washer, sleeve nut (felt) $2
4  H8231   Nacelle, bottom unit $1
5  H822    Nacelle, top unit $1
6  H877    Flash, LH (Motif) $1
7  H878    Flash, RH (Motif) $1
8  H688    Screw, flash and top and bottom unit $2
9  H691    Nut, flash and top and bottom unit $2
10 E2880   Washer, flash and top and bottom unit $2
11 H916    Screw, flash and top and bottom unit (centre) $2
12 H689    Screw, top and bottom unit (rear) $2
13 H691    Nut, top and bottom unit (rear) $2
14 E2880   Washer, top and bottom unit (rear) $2
15 H961    Grommet, control cables $2
16 H835    Cup, steering race (top and bottom) $2
17 H833    Cone, steering race (top and bottom) $2
18 S70-3   Ball, steering race (top and bottom) $30
19 H836    Cover, steering race dust $1
20 D261    Holder, licence $1

*page 27
*title Front Wheel
1  W1001   Wheel, front, complete $1
2  W1171   Wheel, front complete $1
3  W960    Rim, spokes and hub assembly $1
4  W1172   Rim, spokes and hub assembly $1
5  W1002   Rim, front wheel, WM1-19 $1
6  W1173   Rim, front wheel, WM2-16 $1
7  W963    Spoke and nipple, LH, 8 1/2" 90 $20
8  W964    Spoke and nipple, RH, 6 7/8" 90 $20
9  W1174   Spoke and nipple, LH, 6 29/32" 90 $20
10 W1175   Spoke and nipple, RH, 5 11/32" 90 $20
11 W965    Nipple, spoke $40
12 W961    Hub and brake drum assembly $1
13 W967    Spindle, front wheel $1
14 W1093   Nut, front wheel spindle to anchor plate $1
15 T530    Bearing, front wheel LH $1
16 W966    Dust cap, front wheel LH $1
17 T532    Circlip, front wheel LH dust cap $1
18 H826    Bearing, front wheel RH $1
19 W968    Ring, front wheel RH locking $1
20 W969    Plate, front brake anchor $1
21 W1065   Plate, front brake anchor $1
22 W1128   Cam assembly, front brake $1
23 W1130   Lever, front brake $1
24 T224    Nut, front brake lever $1
25 S25-71  Washer, front brake lever $1
*page 29
1  W977    Shoe, front brake c/w lining $2
2  W978    Lining, front brake $2
3  W979    Rivet, front brake lining $12
4  W200    Spring, front brake shoe $2
5  S1-52   Nut, front brake anchorage to clip $1
6  S26-1   Washer, front brake anchorage to clip $1

*page 29
*title Rear Wheel
7  W1207   Wheel, rear, complete $1
8  W1211   Wheel, rear, complete $1
9  W1208   Rim, spokes and hub assembly $1
10 W1212   Rim, spokes and hub assembly $1
11 W1002   Rim, rear wheel WM1-19 $1
12 W1173   Rim, rear wheel WM2-16 $1
13 W963    Spoke and nipple RH 8 1/2" 90 $20
14 W1174   Spoke and nipple RH 6 29/32" 90 $20
15 W1205   Spoke and nipple LH butted 6 7/8" 100 $10
16 W1206   Spoke and nipple LH butted 6 7/8" 80 $10
17 W1213   Spoke and nipple LH butted 5 15/32" 100 $10
18 W1214   Spoke and nipple LH butted 5 15/32" 80 $10
19 W965    Nipple $40
20 W1209   Hub and brake drum $1
21 W984    Sprocket, 48 teeth $1
22 W1076   Sprocket, 54 teeth $1
23 W985    Bolt, sprocket to brake drum $8
24 W1122   Washer, sprocket bolt $8
*page 30
1  W989    Spindle, rear wheel $1
2  W1000   Nut, rear wheel spindle $2
3  H826    Bearing, rear wheel RH and LH $2
4  W987    Backing ring, rear wheel bearing RH $1
5  W988    Locking ring, rear wheel bearing LH $1
6  W954    Distance piece, rear wheel spindle, inner, RH $1
7  W995    Distance piece, rear wheel spindle, outer, RH $1
8  W1183   Distance piece, rear wheel spindle, outer, RH $1
9  W990    Plate, rear brake anchor $1
10 W1179   Plate, rear brake anchor $1
11 W1128   Cam, rear brake $1
12 W1131   Lever, rear brake $1
13 W1181   Lever, rear brake $1
14 T224    Nut, rear brake lever $1
15 S25-71  Washer, rear brake lever $1
16 W977    Shoe, rear brake c/w lining $2
17 W978    Lining, rear brake $2
18 W979    Rivet, rear brake $12
19 W200    Spring, rear brake shoe $2
20 W996    Adjuster, rear chain $2
21 W999    End plate, rear chain adjuster $2
22 F879    Nut, rear chain adjuster $2

*page 31
*title Front Mudguard
1  H868    Mudguard, front $1
2  H929    Mudguard, front $1
3  H871    Stay, front mudguard, LH $1
4  H872    Stay, front mudguard, RH $1
5  DS57    Bolt, front mudguard stay $4
6  F879    Nut, front mudguard stay $4
7  E1612   Washer, front mudguard stay $4
8  H873    Clip, fork leg centre bridge $2
9  GS218   Bolt, clip $2
10 F879    Nut, clip $2
11 E1612   Washer, clip $2
12 F3023   Distance piece, stay bolt $2
13 GS218   Bolt, stay to fork lug bottom $2
14 E1612   Washer, stay to fork lug bottom $2

*page 31
*title Rear Mudguard
15 F3479   Mudguard, rear $1
16 F3939   Mudguard, rear $1
17 F3484   Stay, rear mudguard, LH $1
18 F3942   Stay, rear mudguard, LH $1
19 F3488   Stay, rear mudguard, RH $1
20 F3944   Stay, rear mudguard, RH $1
21 DS57    Bolt, rear mudguard stays $4
22 F879    Nut, rear mudguard stays $4
23 E1612   Washer, rear mudguard stays $4
24 E470    Nut, rear mudguard stays to plunger clamp bolt $2
25 F1369   Bolt, rear mudguard to bridge $1
26 E1612   Washer, rear mudguard to bridge $1
27 F879    Nut, rear mudguard to bridge $1
28 F3483   Backing strip, mudguard to frame bridge $1
29 DS57    Bolt, backing strip $2
30 E1612   Washer, backing strip bolt $2
31 F879    Nut, backing strip bolt $2
32 E3203   Grommet for mudguard holes $2

*page 33
*title Front Number Plate
1  H874    Plate, front number $1
2  H741    Clip, assembly, front number plate $2
3  H687    Screw, front number plate to clip $2
4  H745    Nut, clip screw $2

*page 33
*title Rear Number Plate
5  F3508   Plate, rear number $1
6  F929    Bolt, number plate top $1
7  S1-51   Nut, top bolt $1
8  S26-3   Washer, top bolt $1
9  F1369   Bolt, number plate bottom $2
10 F879    Nut, bottom bolt $2
11 S26-2   Washer, bottom bolt $2
12 D68     Transfer, number plate motif $1
13 ------- Reflector, c/w nut and washer *Lucas_57080 $1

*page 34
*title Rear Chainguard
1  F3431   Chainguard, rear $1
2  F3934   Chainguard, rear $1
3  DS57    Bolt, chainguard to crankcase $1
4  S26-2   Washer, crankcase bolt $1
5  F3436   Screw, chainguard to mudguard $1
6  F3961   Screw, chainguard to mudguard $1
7  F3437   Distance piece, mudguard screw $1
8  F3962   Distance piece, mudguard screw $1
9  H745    Nut, mudguard screw $1
10 DS57    Bolt, chainguard to mudguard stay $1
11 E3203   Grommet, stop/tail light lead $1

*page 34
*title Toolbox, Battery Carrier and Air Cleaner
12 F3491   Toolbox, battery and air cleaner assembly casing $1
13 F3470   Pad, battery, rubber moulded $2
14 F3418   Container, air cleaner $1
15 H251    Beading, air cleaner container, rubber $1
16 F3492   Element, air cleaner $1
17 F3656   Stud, air cleaner to case $1
18 H745    Nut, air cleaner to case $1
19 F3473   Strap, battery case $1
20 F3472   Hook-bolt, battery case strap and lid $1
21 F879    Nut, battery case hook bolt $1
22 F3493   Lid, casing c/w knob $1
23 F3474   Knob, casing lid $1
24 F3475   Circlip, casing lid knob $1
25 F3478   Connector, air cleaner to carburetter $1
26 E3203   Grommet, oil tank vent $1
27 ------- Grommet, wiring harness *Lucas_199002 $1

*page 35
*title Tools
1  D290    Tool kit, complete $1
2  D291    Tool bag $1
3  D299    Spanner, open ended, 3/8" x 7/16" Whit $1
4  D292    Spanner, open ended, 1/8" x 3/16 x 1/4" 5/16" Whit $1
5  D293    Spanner, combination square x 3/16" x 5/16" x 1/2" Whit $1
6  D294    Spanner, screwdriver and box, 1/4" Whit $1
7  DA70    Key, clutch adjusting $1
8  NA14A   Lever, tyre $1
9  D335    Screwdriver, Phillips No 2 $1
10 D296    Inflator, tyre (not included in D290) $1

*page 37
*title Petrol Tank
1  F3505   Tank, petrol, less fittings $1
2  F3963   Tank, petrol, less fittings $1
3  F3220   Cap, petrol tank $1
4  F3494   Styling band, petrol tank, LH $1
5  F4032   Styling band, petrol tank, LH $1
6  F3495   Styling band, petrol tank, RH $1
7  F4033   Styling band, petrol tank, RH $1
8  F3496   Name plate, petrol tank $2
9  F3497   Screw, name plate and band to tank $4
10 F3498   Bolt, petrol tank to frame $2
11 S1-51   Nut, petrol tank to frame bolt $2
12 S25-3   Washer, petrol tank to frame bolt $3
13 F3098   Clip, LH front bolt $1
14 F3506   Tap, petrol tank $1
15 E697    Washer, petrol tank tap joint $1
16 F3499   Pipe, petrol feed $1
17 F1605   Knee grip, petrol tank RH $1
18 F1606   Knee grip, petrol tank LH $1

*page 37
*title Oil Tank
19 F3464   Tank, oil, less fittings $1
20 F3216   Cap, oil tank $1
21 F3876   Filter, oil tank $1
22 F1511   Washer, oil tank filter joint $1
23 F2596   Bolt, oil tank to frame bottom $1
24 F3477   Distance piece, oil tank bottom $1
*page 39
1  S1-51   Nut, oil tank bolt $2
2  F3468   Bolt, oil tank to frame top $1
3  F3476   Distance piece, oil tank top $2
4  S25-3   Washer, oil tank top bolt $1
5  E3270   Pipes, oil tank to engine $1
6  F3503   Pipe, oil tank feed, top half $1
7  F3504   Nut, oil tank feed, top half union $1
8  F3077   Connection, oil tank feed and return pipes $2
9  E3274   Washer, oil pipe junction block joint $1
10 F879    Nut, junction block to crankcase $1
11 S25-13  Washer, junction block to crankcase nut $1
12 A3      Transfer (minimum oil level) $1

*page 39
*title Footrests
13 F3449   Footrest, rider LH $1
14 F3450   Footrest, rider RH $1
15 F1695   Rubber, footrest $2
16 F3448   Rod, footrest hanger $1
17 H193    Nut, footrest hanger rod $2
18 F3514   Footrest, pillion complete $2
19 F1694   Pedal, footrest $2
20 F1695   Rubber, footrest pedal $2
21 F2271   Bolt, footrest pedal pivot $2
22 S1-51   Nut, footrest pedal pivot bolt $2
23 F2277   Washer, footrest pedal pivot bolt $2
24 F2268   Hanger, footrest pedal $2
25 F3515   Stud, footrest pedal $2
26 PO172A  Nut, footrest pedal stud $2
27 S26-1   Washer, footrest pedal stud $2

*page 40
*title Rear Brake Pedal
1  F3456   Pedal, rear brake $1
2  F3459   Spindle, rear brake pedal $1
3  F3933   Spindle, rear brake pedal $1
4  S1-51   Nut, brake pedal spindle to frame $1
5  S26-3   Washer, brake pedal spindle to frame $1
6  T224    Nut, brake pedal to spindle $1
7  S25-3   Washer, brake pedal to spindle $1
8  F3460   Rod, rear brake operating $1
9  F3461   Washer, rear brake rod to pedal $1
10 F3594   Washer, rear brake rod to pedal (for stop lamp) $1
11 ------- Split-pin, rear brake rod to pedal, 1/16"x1/2" $1
12 F3463   Adjuster, rear brake rod $1

*page 40
*title Handlebar and Control Levers
13 H866    Handlebar c/w control levers and twistgrip $1
14 70/510  Handlebar c/w control levers and twistgrip $1
15 H867    Handlebar bend only $1
16 91/314  Handlebar bend only $1
17 H881    Grommet, handlebar to nacelle $2
18 H864    Support, handlebar to top lug $2
19 H865    'U' bolt, handlebar to top lug $2
20 F879    Nut, handlebar to top lug $4
21 S25-13  Washer, handlebar to top lug $4
22 H885    Grip, handlebar, rubber $1
23 16/069+ Grip, handlebar rubber `16/069CE $1
24 H879    LH Lever, clutch control $1
25 70/009  LH Lever, clutch control $1
26 H879    RH Lever, front brake control $1
27 70/009  RH Lever, front brake control $1
28 H880    Screw, lever to bracket $2
29 100/006 Screw, lever to bracket $2
30 F879    Nut, lever to bracket screw $2
31 18/717  Nut, lever to bracket screw $2
32 S26-2   Washer, lever to bracket nut $2
33 70/016  Washer, lever to bracket nut $2
34 70/005  Stop, clutch and brake cable $2

*page 42
*title Twistgrip
1  H883    Twistgrip complete $1
2  306/1   Twistgrip complete $1
3  H905    Body, twistgrip $1
4  306/001 Body, twistgrip $1
5  H906    Grub screw, body fixing $3
6  306/003 Grub screw, body fixing $3
7  H907    Spring, body to rotor tension $1
8  306/004 Spring, body to rotor tension $1
9  H908    Rivet, body to rotor tension spring $1
10 306/005 Screw, tension spring $1
11 16/010  Locknut, tension spring screw $1
12 H909    Rotor sleeve, twistgrip $1
13 306/010 Rotor sleeve, twistgrip $1
14 H910    Clip, twistgrip body $1
15 H911    Screw, twistgrip body clip $2
16 H912    Adjuster, throttle cable $1
17 H913    Locknut, throttle cable adjusting $1
18 306/007 Cable stop, twistgrip $1
19 H884    Grip, twistgrip rubber $1
20 16/070  Grip, twistgrip rubber $1

*page 42
*title Front Brake Cable
21 D323    Cable assembly, front brake $1
22 D323C   Casing, front brake cable $1
23 D323W   Wire, front brake cable $1
24 D103    Ferrule, front brake cable casing $2
25 18/107  Nipple, front brake cable wire (Handlebar end) $1
26 DS73    Nipple, front brake cable wire (Brake end) $1
27 D279    Adjuster, front brake cable $1
28 F879    Nut, front brake cable adjuster $1
29 D280    Clevis, front brake cable wire $1
30 D281    Pin, front brake cable clevis $1
31 ------- Split-pin, clevis pin 1/16"x1/2" $1

*page 41
*title Throttle Cable
32 D315    Cable assembly, throttle $1
33 D316    Cable assembly, throttle $1
34 D315C   Casing, throttle cable $1
35 D316C   Casing, throttle cable $1
*page 43
1  D315W   Wire, throttle cable $1
2  D316W   Wire, throttle cable $1
3  12/083  Ferrule, throttle casing $2
4  306/008 Nipple, throttle wire (Twistgrip) $1
5  D285    Nipple, throttle wire (Twistgrip) $1
6  1482/0+ Nipple, throttle wire (Carburetter) `1482/050 $1

*page 43
*title Gear Indicator Cable
7  D282    Cable assembly, gear indicator $1
8  D282C   Casing, gear indicator cable $1
9  D282W   Wire, gear indicator cable $1
10 12/083  Ferrule, gear indicator casing $2
11 D285    Nipple, gear indicator cable (Engine end) $1
12 18/115  Nipple, gear indicator casing (Indicator end) $2
13 E3280   Abutment, gear indicator cable c/case $1
14 H1019   Spring, gear indicator cable $1
15 D284    Adjuster, gear indicator cable $1
16 H745    Locknut, gear indicator cable adjuster $1

*page 43
*title Clutch Cable
17 D331    Cable assembly, clutch $1
18 D331C   Casing, clutch cable $1
19 D331W   Wire, clutch cable $1
20 D103    Ferrule, clutch cable casing $2
21 18/706  Nipple, clutch wire (Handlebar end) $1
22 D334    Nipple, clutch cable (Clutch end) $1
23 D319    Adjuster, clutch cable $1
24 D268    Locknut, clutch cable $1
25 D288    Abutment, clutch cable (Handlebar end) $1
26 D333    Abutment, clutch cable (Clutch end) $1

*page 43
*title Handlebar and Control Levers (USA)
27 H933    Handlebar c/w control lever and Twistgrip $1
28 H934    Handlebar bend only $1
29 16/069  Grip, handlebar rubber $1
30 18/557  Lever assembly, clutch control $1
31 18/556  Lever assembly, front brake control $1
32 18/528  Lever only, clutch and brake $2
33 18/234  Bracket, lever fulcrum $2

*page 44
*title Handlebar and Control Levers (USA)
1  12/040  Clamp, lever bracket $2
2  11/014  Screw, lever bracket to clamp $4
3  18/087  Screw, lever fulcrum pin $2
4  18/053  Nut, lever fulcrum pin $2

*page 44
*title Front Brake Cable (USA)
5  D321    Cable assembly, front brake $1
6  D321C   Casing, front brake cable $1
7  D321W   Wire, front brake cable $1
8  D103    Ferrule, front brake casing $2
9  D81     Nipple, front brake wire (Handlebar) $1
10 DS73    Nipple, front brake wire (Clevis) $1
11 D279    Adjuster, front brake cable $1
12 F879    Locknut, front brake cable adjuster $1
13 D280    Clevis, front brake cable $1

*page 44
*title Throttle Cable (USA)
14 D317    Cable assembly, throttle $1
15 D317C   Casing, throttle cable $1
16 D317W   Wire, throttle cable $1
17 12/083  Ferrule, throttle cable casing $2
18 D285    Nipple, throttle wire (Twistgrip) $1
19 1482/0+ Nipple, throttle wire (Carburetter) `1482/050 $1

*page 44
*title Clutch Cable (USA)
20 D332    Cable assembly, clutch $1
21 D332C   Casing, clutch cable $1
22 D332W   Wire, clutch cable $1
23 D103    Ferrule, clutch cable casing $2
24 D81     Nipple, clutch wire (Handlebar) $1
25 D334    Nipple, clutch wire (Gearbox) $1
26 D288    Abutment, clutch cable handlebar end $1
27 D319    Adjuster, clutch cable $1
28 D268    Locknut, clutch cable adjuster $1
29 D333    Abutment, at clutch end $1

*page 45
*title Nacelle Gear Indicator
1  H1020   Rack and pinion assembly $1
2  H689    Screw, rack and pinion to nacelle $2
3  H937    Spindle assembly $1
4  H939    Finger, indicator $1
5  H688    Screw, finger to spindle $1
6  H904    Plate, gear indicator $1
7  H921    Plate, gear indicator $1

*page 47
*title Electrical Equipment
1  ------- Alternator assembly (RM13) *Lucas_047518 $1
2  ------- Stator, complete *Lucas_47119A $1
3  ------- Rotor *Lucas_465904 $1
4  E3475   Grommet, alternator cable $1
5  E3204   Screw, alternator stator to cover $5
6  E1612   Washer, alternator stator to cover screw $5
7  E1580   Key, rotor to mainshaft $1
8  ------- Nut, rotor to mainshaft *Lucas_465909 $1
9  ------- Washer, rotor to mainshaft *Lucas_465910 $1
10 ------- Rectifier (FSW 1500A) *Lucas_47111A $1
11 F3527   Bracket, rectifier mounting $1
12 F929    Bolt, bracket to seat lug (front) $1
13 S25-3   Washer, bracket to seat lug (front) $1
14 DS57    Bolt, bracket to top bridge seat stays $1
15 F879    Nut, bracket to top bridge seat stays $1
16 E1612   Washer, bracket to top bridge seat stays $1
17 F3600   Nut, rectifier to bracket $1
18 ------- Coil (CQ6) *Lucas_45036A $1
19 DS57    Bolt, coil to mudguard $2
20 E1612   Washer, coil to mudguard bolt $2
21 F879    Nut, coil to mudguard bolt $2
22 F3687   Backing strip, coil to mudguard $1
23 ------- Sleeve, HT cable *Lucas_414965 $1
24 ------- Sleeve, LT cable *Lucas_236741 $2
25 ------- Distributor (15D1) *Lucas_40529 $1
26 ------- Clamping plate assembly *Lucas_406105 $1
27 ------- Contact set *Lucas_421106 $1
28 ------- Condenser *Lucas_421327 $1
29 ------- Cam *Lucas_421206 $1
30 ------- Spring, auto advance *Lucas_421415 $1
31 ------- Weights assembly *Lucas_421407S $1
32 ------- Shaft and action plate *Lucas_421054 $1
33 ------- Sundry parts set *Lucas_419645 $1
34 DS57    Bolt, lever to crankcase $1
35 S25-13  Washer, lever to crankcase bolt $1
36 E3309   Sealing ring, distributor $1
37 ------- Battery (PU5E) *Lucas_408200 $1
*page 48
1  ------- Headlamp assembly (MCF 575) *Lucas_51519A $1
2  ------- Rim, headlamp *Lucas_516723 $1
3  ------- Wire, light unit fixing *Lucas_500291 $4
4  ------- Light unit *Lucas_516728 $1
5  ------- Adaptor assembly *Lucas_554946 $1
6  ------- Bulbholder, pilot *Lucas_554710 $1
7  ------- Interior, pilot *Lucas_553780 $1
8  ------- Bulb, main *Lucas_312 $1
9  ------- Bulb, pilot *Lucas_988 $1
10 H876    Adjuster screw, headlamp $1
11 H745    Locknut, adjuster screw $1
12 H875    Spring, adjuster screw $1
13 ------- Switch (PRS8) *Lucas_31443 $1
14 ------- Key, ignition *Lucas_318341 $1
15 ------- Switch, dipper *Lucas_380521 $1

*page 47
*title Stop and Tail Lamp	
16 ------- Lamp, tail (529) *Lucas_53256A $1
17 ------- Lens *Lucas_526404 $1
18 ------- Window, number plate *Lucas_526406 $1
19 ------- Screw, fixing lens *Lucas_133551 $2
20 ------- Grommet, screw *Lucas_161385 $2
21 ------- Bulb holder *Lucas_554719 $1
22 ------- Base, rubber *Lucas_526408 $1
23 ------- Bulb *Lucas_951 $1
24 ------- Screw, lamp to number plate *Lucas_526410 $3
25 ------- Nut, lamp to number plate *Lucas_166103 $3
26 ------- Washer, lamp to number plate *Lucas_188366 $3

*page 48
*title  Wiring Harness	
27 ------- Harness wiring *Lucas_838121 $1

*page 47
*title  Horn	
28 D300    Horn (Clear Hooter) $1
29 H886    Button, horn (No 15) $1
30 D314    Bracket, horn $1

*page 49
*title Carburetter
1  ------- Carburetter, complete *Amal_332/2 $1
2  ------- Carburetter, complete *Amal_332/3 $1
3  ------- Body, mixing chamber *Amal_332/023 $1
4  ------- Body, mixing chamber *Amal_332/001 $1
5  ------- Cap, mixing chamber *Amal_332/012 $1
6  ------- Spring, mixing chamber cap *Amal_332/013 $1
7  ------- Screw, mixing chamber cap spring and throttle locating *Amal_332/014 $1
8  ------- Top, mixing chamber *Amal_332/011 $1
9  ------- Adjuster, throttle cable *Amal_52/068 $1
10 ------- Valve, throttle *Amal_332/005 $1
11 ------- Spring, throttle valve *Amal_332/021 $1
12 ------- Screw, throttle adjusting *Amal_332/018 $1
13 ------- Nut, throttle adjusting screw *Amal_332/020 $1
14 ------- Screw, air adjusting *Amal_332/017 $1
15 ------- Spring, air adjusting screw *Amal_4/148 $1
16 ------- Jet for needle *Amal_332/002 $1
17 ------- Needle for jet *Amal_332/003 $1
18 ------- Clip, jet needle *Amal_332/004 $1
19 ------- Jet, main (size 90) *Amal_4/042 $1
20 ------- Jet, main (size 100) *Amal_4/042 $1
21 ------- Jet, pilot (size 20) *Amal_376/076 $1
22 ------- Nut, pilot jet cover *Amal_$1
23 ------- Washer, cover nut *Amal_116/162 $1
24 ------- Screw, mixing chamber plug *Amal_333/016 $1
25 ------- Washer, plug screw *Amal_14/189 $1
26 ------- Bolt, holding *Amal_4/043 $1
27 ------- Washer, holding bolt *Amal_4/053 $1
28 ------- Float chamber complete *Amal_3EB $1
29 ------- Body, float chamber *Amal_62/214 $1
30 ------- Cover, float chamber complete *Amal_62/212 $1
31 ------- Screws, float chamber cover *Amal_62/204 $2
32 ------- Float *Amal_22/016 $1
33 ------- Needle, float *Amal_22/013 $1
34 ------- Tickler *Amal_62/207 $1
35 ------- Spring, tickler *Amal_352/208 $1
36 ------- Screw, tickler spring fixing *Amal_352/207 $1
37 ------- Locknut, seating *Amal_14/178 $1
38 ------- Washer, seating locknut *Amal_14/175 $1
*page 51
1  E3254   Block, insulating carb to head $1
2  E3250   Joint washer, carb to head $2
3  F879    Nut, carburetter flange $2
4  S25-13  Washer, carburetter flange nuts $2

*page 51
*title Speedometer
5  ------- Speedometer 70 mph non-trip *Smiths_80421/16/2 $1
6  ------- Speedometer 80 mph non-trip *Smiths_80421/36/2 $1
7  ------- Speedometer 120 kph non-trip *Smiths_80421/17/2 $1
8  ------- Speedometer 140 kph non-trip *Smiths_80421/37/2 $1
9  ------- Fixing strap, speedometer to nacelle *Smiths_31/4/2/1 $1
10 ------- Nut, fixing strap *Smiths_31/1/7 $1
11 D286    Cable assembly speedometer drive, 49" long (53395) $1
12 D286C   Casing, speedometer drive (53398) $1
13 D286W   Wire, speedometer drive (52108/1) $1
14 D175    Gearbox, speedometer drive (52283/64/3) $1

*page 52
*title Sparking Plug
1  HN      Plug, sparking (Lodge) $1
2  F80     Plug (single point), sparking (KLG) $1
3  L10S    Plug, sparking (Champion) $1
4  D297    Cover, sparking plug $1

*page 52
*title Seats
5  F3946   Twinseat c/w attachments $1
6  F3863   Twinseat, only $1
7  F3948   Bracket, twinseat centre $1
8  F3865   Bracket, twinseat rear $1
9  F879    Nut, centre and rear bracket to pan $4
10 E1612   Washer, bracket nuts $4
11 F3536   Stud, centre bracket to frame $2
12 W76     Nut, frame stud $2
13 S26-1   Washer, frame stud nuts $2
14 E667A   Bolt, front bracket to frame $1
15 S26-3   Washer, front bracket bolt $1
16 S1-51   Nut, front bracket bolt $1
17 F3866   Stud, rear bracket to mudguard $2
18 F879    Nut, rear bracket to stud $2
19 E1612   Washer, stud nut $2
20 F3949   Valance, coil $1
21 H713    Screw, valance to centre bracket $4
22 E2338   Washer, valance screw $4
23 H691    Nut, valance screw $4
24 DS57    Bolt, coil to pan $2
25 E1612   Washer, coil to pan $2

*page 52
*title Chains 
26 D276    Chain, primary 110038, 3/8" x 7/32" x 62 links $1
27 D338    Chain, primary 110044, 1/2" x 3/16" x 48 links $1
28 D277    Chain, rear 110044, 1/2" x 3/16" x 112 links $1
29 D341    Chain, rear 110044, 1/2" x 3/16" x 116 links $1
*end
