*manufacturer Triumph
*major_model 150/200cc Single
*minor_model 200cc Tiger Cub
*year 1957
*engine_number >=26276
*publication_part_no No_5

*page 5
*title Carton Packs
-- CP155   Big end assembly, 1 E3624 Connecting rod c/w bushes, 1 E3600 Crankpin c/w plug $1
-- CP128   Brake linings, 2 W978 Linings, 14 W979 Rivets $1
-- CP141   Piston assembly, 1 E3358 Piston body, 1 E3380 Ring, chrome comp, 1 E656 Ring, comp, 1 E3387 Ring, scraper, 1 E1750 Pin, gudgeon, 2 E1767 Circlip, gudgeon pin $1
-- CP150   Piston rings, 1 E3380 Ring, chrome compression, 1 E656 Ring, compression, 1 E3387 Ring, scraper $1
-- CP129   Steering races, 2 H835 Cup, steering race, 2 H833 Cone, steering race, 30 S70-3 Ball, steering race $1
-- CP124   Valves, 1 E3146 Valve, inlet, 1 E3147 Valve, exhaust $1
-- CP122   Valve Guides, 2 E3208 Valve guide, inlet and exhaust, 2 E3209 Circlip $1
-- CP123   Valve springs, 2 E3214 Spring, valve inner, 2 E3215 Spring, valve outer $1

*page 6
*title Cylinder Block and Piston
1  E3385   Barrel, cylinder $1
2  E3386   Dowel, cylinder barrel to head $2
3  E3368   Washer, cylinder base $1
4  CP141   Piston c/w rings, gudgeon pin, etc $1
5  E656    Ring, compression (top) $1
6  E3048   Ring, compression (taper) $1
7  E3387   Ring, oil control $1
8  E1750   Pin, gudgeon $1
9  E1767   Circlip, gudgeon pin $2

*page 6
*title Cylinder Head
10 E3661   Head, cylinder c/w guides and adaptor $1
11 E3217   Gasket, cylinder head $1
12 E3207   Adaptor, cylinder head exhaust $1
13 E3210   Stud, rocker inspection cover $2
14 E1987   Stud, cylinder head to carburetter $2
15 E3230   Nut, cylinder head to barrel $4
16 E3446   Washer, cylinder head to barrel $4
17 E3251   Rocker, inlet assembly $1
18 E3252   Rocker, exhaust assembly $1
19 E3222   Ball pin, rocker $2
20 E3223   Adjuster, rocker $2
21 GS662   Locknut, rocker adjuster pin $2
22 E3225   Spindle, rocker inlet and exhaust $2
23 E3253   Sealing ring, rocker spindle $2
24 E2534   Thrust washer, rocker spindle LH 7/16" $4
25 E2594   Thrust washer, rocker spindle RH 3/8" $2
26 E3224   Thackeray washer, rocker spindle (spring) $2
27 E3227   Cover, rocker inlet inspection $1
28 E3228   Cover, rocker exhaust inspection $1
29 E3226   Washer, rocker cover joint $2
30 E3290   Nut, rocker cover to head $2
31 E2441   Washer, rocker cover to head nut $2
*page 7
1  E3146   Valve, inlet $1
2  E3147   Valve, exhaust $1
3  E3208   Guide, inlet and exhaust $2
4  E3209   Circlip, inlet and exhaust guide $2
5  E3214   Spring, valve inner $2
6  E3215   Spring, valve outer $2
7  E3301   Collar, valve spring top $2
8  E3213   Cup, valve spring bottom $2
9  WE259A  Cotter, valve split $4
10 E3372   Rod, push $2
11 E3537   Cover, push rod $2
12 E3172   Peg, cover to crankcase locating $1
13 E3540   Washer, push rod cover joint (upper) $1
14 E3391   Washer, push rod cover joint (lower) $1
15 E3285   Tappet $2
16 E3244   Pipe, rocker oil $1
17 H400    Nut, rocker oil pipe to spindle $2
18 E1335   Washer, rocker oil pipe inner joint $2
19 E3249   Washer, rocker oil pipe outer joint $2
20 E3383   Connection, oil tank to oil pipe (Rubber) $1

*page 7
*title Crankcase and Crankshaft
21 E3653   Flywheels and connecting rod assembly $1
22 E3596   Flywheels c/w mainshaft LH $1
23 E3598   Flywheels c/w plugs RH $1
24 E3420   Plug, RH Flywheel $2
25 E3624   Rod, connecting with bushes $1
26 E3623   Bush, big end $1
27 E1762   Bush, small end $1
28 E3600   Crankpin c/w plugs $1
29 E3292   Plug, crankpin $2
30 E3909   Flywheel and connecting rod assembly (engine no > 35847) $1
31 E3910   Flywheel, c/w mainshaft LH (engine no > 35847) $1
*page 8
1  E3563   Crankcase assembly c/w bushes $1
2  E3365   Stud, crankcase to cylinder head $4
3  E3171   Stud, crankcase to oil pipe junction block $1
4  T989    Dowel, crankcase to RH inner cover $2
5  E3169   Dowel, crankcase to oil junction block $1
6  E3560   Pipe, crankcase oil return $1
7  T1076   Screw, crankcase oil return pipe $1
8  E2615   Plug, crankcase oil gauge test hole $1
9  E1335   Washer, crankcase plug $1
10 E3930   Crankcase assembly c/w bushes (engine no > 35847) $1
11 E3655   Bearing, RH (Plain) $1
12 E3172   Peg, RH bearing $1
13 E3175   Bush, camshaft $1
14 E3518   Bush, distributor and oil pump shaft $1
15 E3152   Bearing, LH (ball journal) $1
16 E3379   Oil Seal, LH bearing $1
17 E3178   Pinion, timing and distributor drive $1
18 E3421   Bolt, timing and distributor pinion $1
19 E3185   Pinion, camshaft (50T) $1
20 E3184   Key, camshaft pinion $1
21 E3183   Camshaft, inlet and exhaust $1
22 E3186   Pinion and shaft, distributor and oil pump drive $1

*page 8
*title Oil Pump
23 E3393   Oil pump assembly $1
24 E3409   Body, oil pump $1
25 E3410   Plunger, oil feed $1
26 E3194   Plunger, oil scavenge $1
27 E3195   Rod, connecting drive $1
28 E3412   Pin, connecting drive rod $1
29 E3413   Circlip, connecting drive rod $1
30 S70-4   Ball, oil pump body $2
31 E3191   Spring, oil pump body and auxiliary valves $4
32 T1124   Ball, auxiliary valve $2
*page 9
1  E3192   Plug, oil pump body $2
2  E3197   Bolt, oil pump to crankcase 15/16" UH $2
3  GS299   Lockwasher, oil pump to crankcase (serrated) $2
4  E3188   Washer, oil pump to crankcase joint $1
5  E3177   Filter, crankcase $1
6  E3176   Spring, crankcase filter $1
7  E3302   Washer, crankcase filter spring $1
8  E1564   Cap, crankcase filter $1
9  E1577   Washer, crankcase filter joint $1

*page 9
*title Crankcase Covers
10 E3664   Cover, crankcase inner c/w dowels $1
11 E3199   Dowel, inner cover to crankcase front $1
12 T989    Dowel, inner cover to outer cover rear $1
13 E3460   Sealing washer, gearbox shaft (rubber) $1
14 E3603   Backing washer, sealing washer $1
15 E3204   Screw, inner cover to crankcase 1" UH $1
16 E3445   Screw, inner cover to crankcase 11/16" UH $2
17 DS57    Plug, oil level and drain $2
18 WE170   Washer, oil level and drain plugs $2
19 E3915   Cover, crankcase LH inner c/w dowels (engine no > 35847) $1
20 T1492   Dowel, inner cover to crankcase front (engine no > 35847) $1
21 E3932   Sealing washer, gearbox shaft (rubber) (engine no > 35847) $1
22 E3933   Retainer, sealing washer (engine no > 35847) $1
27 E3667   Cover, LH outer $1
28 E3579   Washer, cover joint $1
29 E3205   Screw, outer cover, 1 1/2" UH $4
30 E3200   Screw, outer cover, 11/16" UH $2
31 E3668   Screw, outer cover 15/16" UH $2
32 E3204   Screw, outer cover, 1" UH $1
*page 12
1  E2386   Domed nut, middle screws $2
2  E2441   Washer, copper $2
3  E732    Plug, oil filler $1
4  NE507   Washer, oil filler plug $1
5  E3917   Cover, LH outer (engine no > 35847) $1
6  E3914   Screw, outer cover 1 3/4" UH (engine no > 35847) $4
7  E3205   Screw, outer cover 1 1/2" UH (engine no > 35847) $2
8  E3476   Cover, inner c/w bushes and clutch lever $1
9  E3293   Bush, camshaft $1
10 E3172   Peg, camshaft bush $1
11 T1147   Bush, gearbox mainshaft $1
12 T1149   Plate, inner cover $1
13 T1148   Washer, inner cover plate (Cork) $1
14 T1150   Screw, inner cover plate 0.41" UH $2
15 E3204   Screw, inner cover to crankcase 1" UH $2
16 E3220   Screw, inner cover to crankcase 13/16" UH $1
17 E3221   Screw, inner cover to crankcase 1 7/8" UH $1
18 F3775   Vent pipe, inner cover breather (PVC) $1
19 XA69    Clip, vent pipe to clutch cable $1
20 E3151   Cover, outer RH $1
21 E3345   Washer, cover joint $1
22 E3221   Screw, outer RH cover 1 7/8" UH $1
23 E3231   Screw, outer RH cover 1 3/8" UH $7
24 E3220   Screw, outer RH cover 13/16" UH $1
25 GST20/+ Gasket set `GST20/56 $1

*page 9
*title Engine Sprocket
23 E3581   Engine sprocket, 18 teeth $1
24 W954    Distance piece, sprocket and rotor $1
25 E3912   Engine sprocket, 19 teeth Duplex (engine no > 35847) $1
26 E3913   Distance piece sprocket and rotor (engine no > 35847) $1

*page 13
*title Gearbox
1  T1083   Gear cluster, mainshaft (3rd and low) (sold as assembly only) $1
2  T1085   Bush, mainshaft clutch rod $1
3  T1078   Gear, mainshaft high c/w bush $1
4  T1080   Bush, high gear $1
5  T1089   Gear, mainshaft 2nd $1
6  T1090   Thrust ring, mainshaft 2nd gear $1
7  T1091   Gear, cluster, layshaft (top and 2nd) (sold as assembly only) $1
8  T1094   Gear, layshaft 3rd $1
9  T1095   Gear, layshaft low c/w bush $1
10 T1097   Bush, layshaft low gear $1
11 T1514   Gear, mainshaft high c/w bush (engine no > 35847) $1
12 T1515   Bush, high gear (engine no > 35847) $1
13 T1098   Fork, mainshaft and layshaft selector $2
14 T1102   Spindle, selector fork $1
15 T1066   Camplate assembly $1
16 T1069   Spindle, camplate $1
17 ------- Split pin, camplate to spindle 3/32"x1" $1
18 T1248   Spring, camplate index $1
19 T1249   Spring, camplate index (supplementary) $1
20 T1076   Screw, camplate index spring $2
21 T1180   Lockwasher, camplate index spring $1
22 T1164   Pedal, gear change $1
23 F1369   Bolt, gear change pedal $1
24 T1259   Spindle, quadrant and plunger assembly $1
25 T1181   Feltwasher, gear change spindle $1
26 T1184   Plunger, gear change selector $2
27 T1278   Spring, gear change selector plunger $2
28 ------- Split pin, gear change selector plunger 5/64"x3/4" $2
29 T1109   Spring, gear change return $1
30 T1077   Pin, gear change return spring anchorage $1
31 E2287   Washer, gear change return spring anchorage $1
32 T449    Rubber, gear change pedal $1
*page 14
1  T1070   Bearing, LH gearbox mainshaft (ball) $1
2  T1071   Oil seal, LH bearing (felt) $1
3  T1072   Plate, LH bearing seal retaining $1
4  T1073   Bearing, LH gearbox layshaft (plain) $1
5  E3172   Peg, layshaft bearing locating $1
6  T1269   Disc, LH gearbox layshaft bearing $1
7  H1168   Oil seal, LH bearing (engine no > 35847) $1
*page 15
1  T1165   Kickstarter assembly, folding $1
2  T1166   Crank, kickstarter $1
3  T1168   Pedal, kickstarter crank $1
4  F1814   Rubber, kickstarter pedal $1
5  T1169   Bolt, kickstarter crank to pedal $1
6  S70-3   Ball, kickstarter crank to pedal $1
7  T1167   Spring, kickstarter crank to pedal $1
8  S52-1   Cotter, kickstarter crank c/w nut and washer $1
9  T1279   Spindle, kickstarter c/w bush $1
10 T1118   Bush, kickstarter spindle $1
11 T1281   Pawl, kickstarter $1
12 T1282   Plunger, kickstarter pawl $1
13 T1161   Spring, kickstarter plunger $1
14 T1274   Disc, pawl retaining $1
15 T1162   Spring, kickstarter return $1
16 T1163   Plate, kickstarter return spring anchor $1
17 T1157   Plate, kickstarter stop $1
18 T1158   Screw, kickstarter stop plate $1
19 T1081   Sprocket, gearbox, 17 teeth $1
20 T1369   Sprocket, gearbox 16 teeth $1
21 T1513/+ Sprocket, gearbox 18 teeth `T1513/18 (engine no > 35847) $1
22 T1513/+ Sprocket, gearbox 16 teeth `T1513/16 (engine no > 35847) $1
23 T1082   Nut, gearbox sprocket $1
24 T1110   Plug, gearbox filler $1
25 E697    Washer, gearbox filler plug $1
26 T1112   Plug, gearbox drain $1
27 T1257   Washer, gearbox drain plug $1
28 T361    Plug, gearbox level $1
29 WE170   Washer, gearbox level plug $1

*page 15
*title Clutch
30 T1341   Clutch, complete (1/2" pitch chain) $1
31 T1119   Key, clutch to mainshaft $1
32 T1347   Tabwasher, clutch nut $1
33 T1348   Nut, clutch to mainshaft $1
*page 16
1  T1343   Housing and sprocket (36 teeth) $1
2  T1124   Ball, clutch sprocket bearing $16
3  T1264   Bearing ring, clutch sprocket $1
4  T1345   Shock absorber assembly comprising lines 6 to 12 $1
5  T1314   Clutch centre $1
6  T1128   Backplate $1
7  T1364   Cup, centre driving $3
8  T1350   Pin, driving cup $3
9  T1346   Spider $1
10 T1132   Rubber, drive $3
11 T1318   Rubber, rebound $3
12 T1315   Driven Plate $3
13 T1294   Driving plate complete with linings $3
14 T1253   Pressure plate $1
15 T1256   Adjuster, pressure plate $1
16 GS662   Nut, for adjuster $1
17 T1144   Cup pressure spring $3
18 T1145   Spring, clutch pressure $3
19 T1146   Nut, clutch pin $3
20 T1493   Clutch complete (3/8" pitch duplex chain) (engine no > 35847) $1
21 T1509   Housing and sprocket (48 teeth duplex) (engine no > 35847) $1
22 T1503   Driving plate complete with linings (engine no > 35847) $3
23 T1233   Lever, clutch operating assembly $1
24 T1235   Lever, clutch operating $1
25 T1236   Pin, operating lever fulcrum $1
26 T1155   Cup, operating lever thrust $1
27 T1124   Ball, cup to rod $1
28 ------- Split-pin, cup to lever 1/16"x1/2" $1
29 T1234   Fulcrum, clutch operating lever $1
30 T1140   Rod, clutch operating $1

*page 18
*title Exhaust
1  E3257   Pipe, exhaust $1
2  E3883   Pipe, exhaust $1
3  E3259   Clip, pipe to head $1
4  E3260   Bolt, pipe clip $1
5  S25-13  Washer, clip bolt $1
6  E3637   Silencer $1
7  E3840   Silencer $1
8  E3928   Silencer (engine no > 35847) $1
9  E3269   Clip, silencer to pipe $1
10 TE164E  Bolt, silencer clip $1
11 TE164D  'D' Washer, clip bolt $1
12 TE164C  'D' Nut, clip bolt $1
13 F929    Bolt, silencer to bracket $1
14 S26-1   Washer, spring $1
15 PO172A  Nut, silencer bolt $1

*page 18
*title Frame
16 F4050   Frame, front $1
17 F4252   Frame, front $1
18 F4418   Frame, front (engine no > 35847) $1
19 F4420   Frame, front (engine no > 35847) $1
20 D402/3  Lock, steering head c/w keys $1
21 F4051   Frame, rear $1
22 F4253   Frame, rear $1
23 F3929   Collar, engine bolts $2
24 E3843   Collar, engine bolts $2
25 S25-2   Distance washer, rear bolt $1
26 F3953   Bolt, engine mountings 1 27/32" UH $2
27 F3954   Bolt, engine mounting 2 15/32" UH $1
28 S25-2   Washer, rear and bottom nut $2
29 F3955   Nut, engine bolts $3
*page 19
1  E1023   Stud, seat stays 3 5/8" OA $1
2  S26-1   Washer, spring $2
3  PO172A  Nut, seal stays stud $2

*page 19
*title Rear Suspension
4  F4068   Swinging fork c/w bushes $1
5  F4076   Bush, fork pivot $2
6  F4079   Spindle, fork pivot $1
7  F4079   Washer, spacing RH $1
8  F4385   Shim, 0.003" $AR
9  F4386   Shim, 0.005" $AR
10 KW194   Grease nipple, pivot lug $1
11 WE170   Washer, fibre $1

*page 19
*title Pillion Footrests
12 F4080   Bracket, pillion footrest LH $1
13 F4278   Bracket, pillion footrest LH $1
14 F4081   Bracket, pillion footrest RH $1
15 F4087   Bolt, bracket to spindle 1 1/2" UH $2
16 PCW73A  Washer, spring $2
17 E1396   Stud, bracket to frame 1 1/16" OA $2
18 S26-3   Washer, spring $2
19 S1-51   Nut, bracket stud $2

*page 19
*title Crankcase Shield
20 F4258   Shield, crankcase $1
21 F4260   Clip, shield $1
22 DS57    Bolt, clip 7/16" UH $2
23 E1612   Washer, shakeproof $2
24 F879    Nut, clip bolt $2

*page 19
*title Stands
25 F3957   Stand, centre $1
26 F3960   Spring, stand return $1
27 F3520   Bolt, stand pivot $2
28 H193    Nut, pivot bolt $2
29 F3681   Prop stand, c/w fittings $1
30 F4277   Prop stand, c/w fittings $1
31 F3097   Pin, stand pivot $1
32 F3096   Tab washer $1
33 F2610   Spring, stand return $1

*page 26 
*title Telescopic Front Fork
1  H1230   Fork assembly $1
2  H1173   Fork assembly $1
3  H1232   Fork assembly (engine no > 35847) $1
4  H1231   Middle lug and stem $1
5  H1233   Middle lug and stem $1
6  H834    Bolt, middle lug pinch $2
7  S25-3   Washer, bolt and nut $4
8  F3098   Clip, brake cable $1
9  H518    Nut, pinch bolt $2
10 H837    Lug, fork top $1
11 H1133   Lug, fork top $1
12 H570    Bolt, top lug pinch $1
13 S1-51   Nut, pinch bolt $1
14 S25-3   Washer, pinch bolt $1
15 H840    Sleeve nut, fork stem $1
16 H1137   Sleeve nut, fork stem $1
17 H1035   Stanchion, c/w bush $2
18 H1190   Stanchion, c/w bush $2
19 H519A   Plug, oil filler 3/16" UH $2
20 H430    Washer, fibre $2
21 H845    Bush, stanchion bottom $2
22 H846    Nut, stanchion to top lug $2
23 H1037   Spring, c/w restrictor rod and stud $2
24 H1191   Spring, c/w restrictor rod and stud $2
25 H850    Stud, top 1 9/16" OA $2
26 H1153   Stud, top 2 9/16" OA $2
27 S1-51   Nut, top stud $2
28 E2287   Washer, shakeproof $2
29 H1047   Rod, restrictor $2
30 H1048   Stud, restrictor rod 1 7/32" OA $2
31 H1040   Member, outer, c/w cap LH $1
32 H1149   Member, outer, c/w cap LH $1
*page 27 
1  H1043   Member, outer, c/w cap RH $1
2  H1150   Member, outer, c/w cap RH $1
3  H1042   Stud, oil drain 27/32" OA $2
4  WE170   Washer, fibre $2
5  H856    Cap, wheel spindle $2
6  E1612   Washer, shakeproof $4
7  W932    Bolt, spindle cap 1" UH $4
8  H1046   Bush, fork top $2
9  H862    Washer, sleeve nut, steel $2
10 H1045   Sleeve nut, dust excluder $2
11 H1151   Sleeve nut, dust excluder $2
12 H1044   Oil seal, rubber $2
13 H1221   Shim, oil seal (prior to Engine No 34214) $AR
14 H1152   Washer, felt $1
15 H823    Nacelle, bottom unit $1
16 H824    Nacelle, bottom unit $1
17 H1222   Gaiter, telescopic $2
18 D404    Clip, gaiter $2
19 H822    Nacelle, top unit $1
20 H877    Flash, LH (motif) $1
21 H878    Flash, RH (motif) $1
22 H688    Screw, flash and top and bottom unit 5/16" UH $2
23 H691    Nut, flash and top and bottom unit $2
24 E2880   Washer, flash and top and bottom unit $2
25 H916    Screw, flash and top and bottom unit (centre) 9/32" UH $2
26 H689    Screw, top and bottom unit (rear) 1/4" UH $2
27 H691    Nut, top and bottom unit (rear) $2
28 E2880   Washer, top and bottom unit (rear) $2
29 H961    Grommet, control cables $3
30 H835    Cup, steering race (top and bottom) $2
31 H833    Cone, steering race (top and bottom) $2
32 S70-3   Ball, steering race (top and bottom) $30
33 H836    Cover, steering race, dust $1

*page 29
*title Front Wheel
1  W1171   Wheel, front complete $1
2  W1303   Wheel, front complete $1
3  W1172   Rim, spokes and hub assembly $1
4  W1285   Rim, spokes and hub assembly $1
5  W1173   Rim, front wheel, WM2-16 $1
6  W1002   Rim, front wheel, WM1-19 $1
7  W1174   Spoke and nipple, LH 6 3/8" 90° $20
8  W1175   Spoke and nipple, RH, 5 11/32" 90° $20
9  W1289   Spoke and nipple LH, 8 1/2" 90° $20
10 W1205   Spoke and nipple, RH 6 7/8" 100° $10
11 W1206   Spoke and nipple, RH 6 7/8" 80° $10
12 W965    Nipple, spoke $40
13 W961    Hub and brake drum $1
14 W1286   Hub and brake drum $1
15 W967    Spindle, front wheel $1
16 W1093   Nut, front wheel spindle to anchor plate $1
17 T530    Bearing, front wheel LH $1
18 W966    Dust cap, front wheel LH $1
19 T532    Circlip, front wheel LH dust cap $1
20 H826    Bearing, front wheel RH $1
21 W968    Ring, front wheel RH locking $1
22 W1065   Plate, front brake anchor $1
23 W1128   Cam assembly, front brake $1
24 W1133   Lever, front brake $1
25 T224    Nut, front brake lever $1
26 S25-71  Washer, front brake lever $1
*page 31
1  W977    Shoe, front brake c/w lining $2
2  W978    Lining, front brake $2
3  W979    Rivet, front brake lining $12
4  W200    Spring, front brake shoe $2
5  S1-52   Nut, front brake anchorage to clip $1
6  S26-1   Washer, front brake anchorage to clip $1

*page 31
*title Rear Wheel
7  W1217   Wheel, rear, complete $1
8  W1304   Wheel, rear, complete $1
9  W1256   Rim, spokes and hub assembly $1
10 W1290   Rim, spokes and hub assembly $1
11 W1173   Rim, rear wheel WM2-16 $1
12 W1296   Rim, rear wheel WM2-19 $1
13 W1213   Spoke and nipple LH 5 15/32" 100° $10
14 W1214   Spoke and nipple LH 5 15/32" 80° $10
15 W1259   Spoke and nipple RH 6 15/16" 90° $20
16 W1294   Spoke and nipple LH 6 3/8" 100° $10
17 W1295   Spoke and nipple LH 6 3/8" 80° $10
18 W1293   Spoke and nipple RH 8" 90° $20
19 W965    Nipple, spoke $40
20 W1257   Hub and brake drum $1
21 W1076   Sprocket, 54 teeth $1
22 W1321   Wheel, rear, complete (engine no > 35847) $1
23 W1335   Wheel, rear, complete (engine no > 35847) $1
24 W1320   Sprocket, 46 teeth (engine no > 35847) $1
*page 32
1  W1322   Bolt, sprocket to drum, 5/8" UH $8
2  W1122   Washer, spring $8
3  W989    Spindle, rear wheel $1
4  H826    Bearing, rear wheel, LH and RH $2
5  W987    Backing ring, LH bearing $1
6  W988    Locking ring, LH bearing $1
7  W954    Distance piece, RH inner $1
8  W1223   Distance piece, RH outer $1
9  W1219   Plate, brake anchor $1
10 W1128   Cam, brake $1
11 W1221   Lever, rear brake $1
12 T224    Nut, brake lever $1
13 S25-71  Washer, plain $1
14 W977    Shoe, brake c/w lining $2
15 W978    Lining, brake $2
16 W979    Rivet, brake lining $12
17 W200    Spring, shoe return $2
18 H211    Bolt, brake anchor, 15/16" UH $1
19 F2184   Washer, plain $1
20 F3955   Nut, anchor bolt $1
21 W1224   Adjuster, rear chain $2
22 W1227   End plate, adjuster $2
23 F879    Nut, adjuster $2
24 W1000   Nut, wheel spindle $2

*page 33
*title Front Mudguard
1  H929    Mudguard, front $1
2  H1156   Mudguard, front $1
3  H871    Stay, mudguard, LH $1
4  H872    Stay, mudguard, RH $1
5  H1157   Stay assembly $1
6  H1161   Bridge, mudguard support $1
7  DS57    Bolt, mudguard stay, 7/16" UH $4
8  E1612   Washer, shakeproof $4
9  S25-1   Washer, plain $6
10 F879    Nut, mudguard $4
11 F879    Nut, stay to fork lug $2
12 E1612   Washer, shakeproof $2
13 H873    Clip, bridge to fork leg $2
14 GS218   Bolt, clip and bridge 9/16" UH $2
15 E1612   Washer, shakeproof $2
16 F879    Nut $2
17 D261    Licence holder $1

*page 33
*title Rear Mudguard
18 F4094   Mudguard, rear $1
19 F4391   Mudguard, rear (engine no > 35847) $1
20 F4270   Mudguard, rear $1
21 F4097   Stay, guard to frame front $2
22 F4262   Stay, guard to frame front $2
23 DS57    Bolt, guard to stay and frame, 7/16" UH $4
24 S25-1   Washer, plain $4
25 F879    Nut, guard bolts $4
26 DS55    Bolt, stay to bracket 13/16" UH $1
27 S26-3   Washer, spring $1
28 S1-51   Nut, bracket bolt $1
29 PF204   Clip, centre $1
30 F444    Backing plate $1
31 S25-1   Washer, plain $2
32 S23-42  Bolt, centre clip $2
33 E3203   Grommet, wiring harness $2

*page 35
*title Front Number Plate
1  H874    Plate, front number $1
2  F2996   Plate, front number $1
3  H741    Clip, assembly, front number plate $2
4  H687    Screw, front number plate to clip $2
5  H745    Nut, clip screw $2

*page 35
*title Rear Number Plate
6  F3508   Plate, rear number $1
7  F929    Bolt, number plate top 1/2" UH $1
8  S1-51   Nut, top bolt $1
9  S26-3   Washer, top bolt $1
10 F1369   Bolt, number plate bottom 5/8" UH $2
11 F879    Nut, bottom bolt $2
12 S26-2   Washer, bottom bolt $2
13 D68     Transfer, number plate motif $1
14 ------- Reflector, c/w nut and washer *Lucas_57080 $1

*page 36
*title Rear Chainguard
1  F4089   Chainguard, rear $1
2  F4269   Chainguard, rear $1
3  DS57    Bolt, front and rear $2
4  S26-2   Washer, spring (front) $1
5  S25-1   Washer, plain (rear) $1
6  F4265   Clip, to swinging fork $1
7  E2818   Bolt, clip 1 5/16" UH $1
8  F4263   Distance piece $1
9  E1612   Washer, shakeproof $1
10 F879    Nut, clip bolt $1
11 F4152   Chainguard, front portion $1
12 DS57    Bolt, to crankcase 7/16" UH $1
13 S25-13  Washer, plain $1
14 S26-2   Washer, spring $1

*page 36
*title Toolbox, Battery Carrier and Air Cleaner
15 F3491   Toolbox, battery and air cleaner assembly casing $1
16 F3470   Pad, battery, rubber moulded $2
17 F3418   Container, air cleaner $1
18 H251    Beading, air cleaner container, rubber $1
19 F3492   Element, air cleaner $1
20 F3656   Stud, air cleaner to case $1
21 H745    Nut, air cleaner to case $1
22 F3473   Strap, battery case $1
23 F3472   Hook-bolt, battery case strap and lid $1
24 F879    Nut, battery case hook bolt $1
25 F3493   Lid, casing c/w knob $1
26 F3474   Knob, casing lid $1
27 F3475   Circlip, casing lid knob $1
28 F3478   Connector, air cleaner to carburetter $1
29 E3203   Grommet, oil tank vent $1
30 ------- Grommet, wiring harness *Lucas_199002 $1

*page 37
*title Tools
1  D290    Tool kit, complete $1
2  D291    Tool bag $1
3  D299    Spanner, open ended, 3/8" x 7/16" Whit $1
4  D292    Spanner, open ended, 1/8" x 3/16 x 1/4" 5/16" Whit $1
5  D293    Spanner, combination square x 3/16" x 5/16" x 1/2" Whit $1
6  D294    Spanner, screwdriver and box, 1/4" Whit $1
7  DA70    Key, clutch adjusting $1
8  NA14A   Lever, tyre $1
9  D335    Screwdriver, Phillips No 2 $1
10 D296    Inflator, tyre (not included in D290) $1

*page 39
*title Petrol Tank
1  F3963   Petrol tank, less fittings $1
2  F3505   Petrol tank, less fittings $1
3  F3220   Cap, filler c/w washer $1
4  F4048   Washer, filler cap $1
5  F4032   Styling band, LH $1
6  F4033   Styling band, RH $1
7  F3494   Styling band, LH $1
8  F3495   Styling band, RH $1
9  F3496   Name plate $2
10 F3497   Screw, name plate 19/64" UH $4
11 F3498   Bolt, tank to frame, 2 5/8" UH $2
12 S25-3   Washer, plain $3
13 S1-51   Nut, tank bolt $2
14 F3506   Tap, petrol $1
15 E697    Washer, fibre $1
16 F3499   Pipe, petrol feed $1
17 F1605   Knee grip, RH $1
18 F1606   Knee grip, LH $1
*page 64
1  F4465   Petrol tank, less fittings (from engine number 38130) $1
2  F4466   Styling unit, LH (from engine number 38130) $1
3  F4467   Styling unit, RH (from engine number 38130) $1
4  F4468   Screw, styling unit (from engine number 38130) $4

*page 39
*title Oil Tank
19 F3464   Oil tank, less fittings $1
20 F4318   Oil tank, less fittings $1
21 F3216   Cap, filler c/w washer $1
22 F4047   Washer, filler cap $1
23 F1792   Drain plug, oil tank $1
24 PT104B  Washer, fibre $1
*page 41
1  F3876   Filter, oil tank $1
2  F1511   Washer, fibre $1
3  F2596   Bolt, tank to frame bottom, 1 7/8" UH $1
4  F3477   Distance piece, bottom $1
5  F3468   Bolt, tank to frame top 2 1/16" UH $1
6  F3476   Distance piece, top $2
7  S1-51   Nut, tank bolts $2
8  S25-3   Washer, top bolt $1
9  E3270   Pipe assembly, tank to engine $1
10 F3077   Connection, rubber $2
11 F3503   Pipe, feed top half $1
12 F3504   Union nut, feed pipe $1
13 F3274   Joint washer, pipe to engine $1
14 F879    Nut, pipe to engine $1
15 S25-13  Washer, plain $1
16 A3      Transfer (Minimum Oil level) $1

*page 41
*title Footrests
17 F3449   Footrest LH $1
18 F3450   Footrest RH $1
19 F1695   Rubber $2
20 F3448   Rod, footrest hanger 6 3/4" OA $1
21 H193    Nut, footrest rod $2
22 F4383   Footrest, LH (engine no > 35847) $1
23 F4327   Footrest, pillion complete $2
24 F1694   Pedal, footrest $2
25 F1695   Rubber, footrest pedal $2
26 F2271   Bolt, footrest pedal pivot $2
27 S1-51   Nut, footrest pedal pivot bolt $2
28 F2277   Washer, footrest pedal pivot bolt $2
29 F2268   Hanger, footrest pedal $2
30 F4309   Stud, footrest pedal 1 3/8" OA $2
31 PO172A  Nut, footrest pedal stud $2
32 S26-1   Washer, footrest pedal stud $2

*page 42
*title Rear Brake Pedal
1  F4091   Pedal, rear brake $1
2  F4090   Spindle, brake pedal $1
3  PO172A  Nut, to frame $1
4  S26-1   Washer, spring $1
5  T224    Nut, pedal to spindle $1
6  S25-3   Washer plain $1
7  F4093   Rod, brake operating $1
8  F3461   Washer, pedal to rod $1
9  F3594   Washer, rod to pedal (for stop lamp) $AR
10 ------- Split pin, rod to pedal 1/16"x1/2" $1
11 F3463   Adjuster, brake rod $1

*page 42
*title Handlebar and Control Levers
12 70/510  Handlebar, c/w levers and twistgrip $1
13 H1192   Handlebar, c/w levers and twistgrip $1
14 91/322  Handlebar, c/w lever brackets $1
15 H934    Handlebar bend only $1
16 H881    Grommet, handlebar to nacelle $2
17 H864    Support, handlebar to top lug $2
18 H865    "U" bolt, handlebar $2
19 F879    Nut, "U" bolt $4
20 S25-13  Washer, plain $4
21 16/069  Grip, handlebar $1
22 70/316  Lever, clutch control $1
23 70/317  Lever, front brake control $1
24 100/006 Screw, lever to bracket $2
25 70/016  Washer, Spring $2
26 18/717  Nut, lever screw $2
27 70/005  Stop, brake and clutch cable $2
*page 44
1  18/763  Lever Assembly, clutch $1
2  18/762  Lever Assembly, front brake $1
3  18/752  Lever, clutch (Ball end) $1
4  18/754  Lever, front brake (Ball end) $1
5  18/234  Bracket, lever fulcrum $2
6  12/040  Clamp, lever bracket $2
7  11/014  Screw, bracket, to clamp $4
8  18/087  Screw, lever pivot $2
9  18/053  Nut, pivot screw $2

*page 44
*title Twistgrip
10 306/1   Twistgrip, complete $1
11 306/001 Body, twistgrip $1
12 306/003 Grub screw, body fixing $3
13 306/004 Spring, friction $1
14 306/005 Screw, friction spring $1
15 16/010  Locknut, friction screw $1
16 306/010 Rotor, twistgrip $1
17 306/007 Cable stop $1
18 16/070  Grip, rubber $1
*page 64
5  366/2   Twistgrip, complete (from engine number 38130) $1
6  366/001 Body, top half (from engine number 38130) $1
7  366/002 Body, bottom half (from engine number 38130) $1
8  366/004 Rotor (from engine number 38130) $1
9  366/007 Spring, friction (from engine number 38130) $1
10 366/008 Screw, friction spring (from engine number 38130) $1
11 376/079 Screw, fixing (from engine number 38130) $2
12 16/070  Grip, plastic (from engine number 38130) $1
13 366/006 Cable stop (from engine number 38130) $1
14 D407    Nipple, cable (from engine number 38130) $1

*page 44
*title Front Brake Cable
19 D323    Cable assembly, front brake $1
20 D323C   Casing, front brake cable $1
21 D323W   Wire, front brake cable $1
22 D321    Cable assembly, clutch $1
23 D321C   Casing, front, brake cable $1
24 D321W   Wire, front brake, cable $1
25 D103    Ferrule, casing $2
26 18/107  Nipple (Handlebar end) $1
27 D81     Nipple (Handlebar end) $1
28 DS73    Nipple (Wheel end) $1
29 D279    Adjuster, cable $1
30 F879    Nut, adjuster lock $1
31 D280    Clevis, brake wire $1
32 D281    Pin, clevis $1
33 ------- Split pin, clevis pin 1/16"x1/2" $1

*page 45
*title Throttle Cable
1  D316    Throttle cable $1
2  D316C   Casing, throttle cable $1
3  D316W   Wire, throttle cable $1
4  D317    Throttle cable $1
5  D317C   Casing, throttle cable $1
6  D317W   Wire, throttle cable $1
7  12/083  Ferrule, casing $1
8  D285    Nipple (Twistgrip) $1
9  1482/0+ Nipple, throttle wire (Carburetter) `1482/050 $1

*page 45
*title Clutch Cable
10 D331    Clutch cable $1
11 D331C   Casing, clutch cable $1
12 D331W   Wire, clutch cable $1
13 D332    Clutch cable $1
14 D332C   Casing, clutch cable $1
15 D332W   Wire, clutch cable $1
16 D103    Ferrule, casing $2
17 18/706  Nipple (Handlebar) $1
18 D81     Nipple (Handlebar) $1
19 D334    Nipple (Clutch) $1
20 D319    Adjuster cable $1
21 D268    Locknut, adjuster $1
22 D288    Abutment (Handlebar) $1
23 D333    Abutment (Clutch) $1

*page 45
*title Handlebar and Control Levers (USA)
24 H933    Handlebar c/w control lever and Twistgrip $1
25 H934    Handlebar bend only $1
26 16/069  Grip, handlebar rubber $1
27 18/557  Lever assembly, clutch control $1
28 18/556  Lever assembly, front brake control $1
29 18/528  Lever only, clutch and brake $2
30 18/234  Bracket, lever fulcrum $2

*page 46
*title Handlebar and Control Levers (USA)
1  12/040  Clamp, lever bracket $2
2  11/014  Screw, lever bracket to clamp $4
3  18/087  Screw, lever fulcrum pin $2
4  18/053  Nut, lever fulcrum pin $2

*page 46
*title Nacelle Gear Indicator
5  H1020   Rack and pinion assembly $1
6  H689    Screw, rack and pinion to nacelle 1/4" UH $2
7  H937    Spindle assembly $1
8  H939    Finger, indicator $1
9  H688    Screw, finger to spindle 5/16" UH $1
10 H921    Plate, gear indicator $1

*page 46
*title Gear Indicator Cable
11 D282    Cable assembly, gear indicator $1
12 D282C   Casing, gear indicator cable $1
13 D282W   Wire, gear indicator cable $1
14 12/083  Ferrule, gear indicator casing $2
15 D285    Nipple, gear indicator cable (Engine end) $1
16 18/115  Nipple, gear indicator casing (Indicator end) $2
17 E3280   Abutment gear indicator cable c/case $1
18 H1019   Spring, gear indicator cable $1
19 D284    Adjuster, gear indicator cable $1
20 H745    Locknut, gear indicator cable adjuster $1

*page 48
*title Electrical Equipment
1  ------- Alternator assembly (RM13) *Lucas_047518 $1
2  ------- Rotor *Lucas_466124 $1
3  ------- Stator complete *Lucas_468678 $1
4  ------- Cable, stator output *Lucas_862898 $1
5  E3475   Grommet, alternator cable $1
6  E3204   Screw, stator to chaincase, I in UH $5
7  E1612   Washer, shakeproof $5
8  E1580   Key, rotor to shaft $1
9  ------- Nut, rotor to shaft *Lucas_465909 $1
10 ------- Washer, rotor nut *Lucas_465910 $1
11 ------- Rectifier *Lucas_47111A $1
12 F3600   Nut, to frame $1
13 ------- Coil (MA6) *Lucas_45077A $1
14 DS57    Bolt, to bracket $2
15 E1612   Washer, shakeproof $2
16 F879    Nut, coil bolt $2
17 ------- Grommet, HT Cable *Lucas_422567 $1
18 ------- Clip, HT cable *Lucas_421863 $1
19 ------- Sleeve, LT cable *Lucas_236741 $2
20 ------- Distributor (15D1) *Lucas_40529A $1
21 ------- Clamping plate assembly *Lucas_406105 $1
22 ------- Contact set *Lucas_421106 $1
23 ------- Condenser *Lucas_421327 $1
24 ------- Cam *Lucas_423759 $1
25 ------- Spring set, auto advance *Lucas_421407 $1
26 ------- Weight set, auto advance *Lucas_421056S $1
27 ------- Shaft and action plate *Lucas_421054 $1
28 ------- Sundry parts set *Lucas_419645 $1
29 DS57    Bolt, plate to crankcase fa in UH $1
30 S25-13  Washer, plain $1
31 E3309   Sealing ring, distributor $1
32 ------- Battery (PUZ5E/11) *Lucas_408200 $1
*page 49
1  ------- Headlamp assembly (MCF 575) *Lucas_51519A $1
2  ------- Rim, headlamp *Lucas_516723 $1
3  ------- Wire, light unit fixing *Lucas_500291 $4
4  ------- Light unit *Lucas_516728 $1
5  ------- Adaptor assembly *Lucas_554946 $1
6  ------- Bulbholder, pilot *Lucas_554710 $1
7  ------- Interior, pilot *Lucas_553780 $1
8  ------- Bulb, main 30/24W *Lucas_312 $1
9  ------- Bulb, pilot 3W *Lucas_988 $1
10 H876    Adjuster screw, headlamp $1
11 H745    Locknut, adjuster screw $1
12 H875    Spring, adjuster screw $1
13 ------- Switch, lighting and ignition (PRS8) *Lucas_31443E $1
14 ------- Grommet, for key *Lucas_318323 $1
15 ------- Key *Lucas_318241 $1
16 ------- Screw, for knob *Lucas_319333 $1
17 ------- Knob *Lucas_318346 $1
18 ------- Plate, index *Lucas_318343 $1
19 ------- Switch, dipper *Lucas_380521 $1

*page 49
*title Stop and Tail Lamp	
20 ------- Lamp, tail (529) *Lucas_53256A $1
21 ------- Lens *Lucas_526404 $1
22 ------- Window, number plate *Lucas_526406 $1
23 ------- Screw, fixing lens *Lucas_133551 $2
24 ------- Grommet, screw *Lucas_161385 $2
25 ------- Bulb holder *Lucas_554719 $1
26 ------- Base, rubber *Lucas_526408 $1
27 ------- Bulb, 3W *Lucas_988 $1
28 ------- Screw, lamp to number plate *Lucas_526410 $3
29 ------- Nut, lamp to number plate *Lucas_166103 $3
30 ------- Washer, lamp to number plate *Lucas_188366 $3

*page 49
*title  Wiring Harness	
31 ------- Harness wiring *Lucas_838121 $1

*page 49
*title  Horn	
32 D300    Horn (Clear Hooter) $1
33 H886    Button, horn (No 15) $1
34 D314    Bracket, horn $1

*page 51
*title Carburetter
1  ------- Carburetter, complete *Amal_332/3 $1
2  ------- Body, mixing chamber *Amal_332/001 $1
3  ------- Cap, mixing chamber *Amal_332/012 $1
4  ------- Spring, mixing chamber cap *Amal_332/013 $1
5  ------- Screw, mixing chamber cap spring and throttle locating *Amal_332/014 $1
6  ------- Top, mixing chamber *Amal_332/011 $1
7  ------- Adjuster, throttle cable *Amal_52/068 $1
8  ------- Valve, throttle (Cutaway /4) *Amal_332/005 $1
9  ------- Spring, throttle valve *Amal_332/021 $1
10 ------- Screw, throttle adjusting *Amal_332/018 $1
11 ------- Nut, throttle adjusting screw *Amal_332/020 $1
12 ------- Screw, air adjusting *Amal_332/017 $1
13 ------- Spring, air adjusting screw *Amal_4/148 $1
14 ------- Jet for needle (0-086 in) *Amal_332/002 $1
15 ------- Needle for jet *Amal_332/003 $1
16 ------- Clip, jet needle *Amal_332/004 $1
17 ------- Jet, main (size 100) *Amal_4/042 $1
18 ------- Jet, pilot (size 20) *Amal_376/076 $1
19 ------- Nut, pilot jet cover *Amal_332/026 $1
20 ------- Washer, cover nut *Amal_116/162 $1
*page 52
1  ------- Screw, mixing chamber plug *Amal_333/016 $1
2  ------- Washer, plug screw *Amal_14/189 $1
3  ------- Bolt, holding *Amal_4/043 $1
4  ------- Washer, holding bolt *Amal_4/053 $2
5  ------- Float chamber complete *Amal_3EB $1
6  ------- Body, float chamber *Amal_62/214 $1
7  ------- Cover, float chamber complete *Amal_62/212 $1
8  ------- Screws, float chamber cover *Amal_62/204 $2
9  ------- Float *Amal_22/016 $1
10 ------- Needle, float *Amal_22/013 $1
11 ------- Tickler *Amal_62/207 $1
12 ------- Spring, tickler *Amal_352/208 $1
13 ------- Screw, tickler spring fixing *Amal_352/207 $1
14 ------- Locknut, seating *Amal_14/178 $1
15 ------- Washer, seating locknut *Amal_14/175 $1
16 E3254   Block, insulating carb to head $1
17 E3250   Joint washer, carb to head $2
18 F879    Nut, carburetter flange $2
19 S25-13  Washer, carburetter flange nuts $2

*page 52
*title Speedometer
20 ------- Speedometer 80 mph non-trip *Smiths_80421/36/2 $1
21 ------- Speedometer 80 mph non-trip *Smiths_80421/55/2 $1
22 ------- Speedometer 140 kph non-trip *Smiths_80421/37/2 $1
23 ------- Fixing strap, speedometer to nacelle *Smiths_31/4/2/1 $1
24 ------- Nut, fixing strap *Smiths_31/1/7 $1
25 D356    Cable, speedometer drive 58 ins (53395) $1
26 D356C   Casing, speedometer drive (53398) $1
27 D356W   Wire, speedometer drive (52108/1) $1
28 D175    Gearbox, speedometer drive (52283/64/3) $1
29 F3098   Clip, speedometer cable $1

*page 52
*title Sparking Plug
30 HN      Plug, sparking (Lodge) $1
31 F80     Plug (single point), sparking (KLG) $1
32 L10S    Plug, sparking (Champion) $1
33 D297    Cover, sparking plug $1

*page 53
*title Seats
1  F4098   Twinseat, c/w attachments $1
2  F4272   Twinseat, c/w attachments $1
3  E667A   Bolt, front bracket to frame, 1 1/2" UH $1
4  S25-3   Washer, plain $1
5  S1-51   Nut, front bolt $1
6  F4105   Bracket, rear $1
7  F4261   Bracket, rear $1
8  E1612   Washer, shakeproof $2
9  F879    Nut, bracket, to pan $2
10 F4361   Safety strap twinseat $1
11 F4129   Screw, strap to seat, 1/2" UH $4
12 GS299   Washer, shakeproof $4
13 H745    Nut, strap screw $4

*page 53
*title Chains 
14 D338    Chain, primary 110044, 1/2" x 3/16" x 48 links $1
15 D341    Chain, rear 11044, 1/2" x 3/16" x 116 links $1
16 D382    Chain, primary 114038, 3/8" x 7/32" Duplex x 62 links (from engine number 35847) $1
17 D277    Chain, rear 110044, 1/2" x 3/16" x 112 links (from engine number 35847) $1

*page 53
*title Rear Suspension
18 ------- Suspension unit, complete *Girling_SC2.6/209 $2
19 ------- Suspension unit, complete *Girling_SC3/204 $2
20 ------- Bonded bush, top *Girling_9054/316A $2
21 ------- Bonded bush, bottom *Girling_9054/316J $2
22 F1760   Bolt, unit top, 1 11/16" UH $2
23 S25-2   Washer, unit top and bottom $4
24 PO172A  Nut, unit top and bottom $4
25 F4311   Bracket, unit bottom $2
26 H622    Bolt, bracket, 1 11/32" UH $2
27 F3207   Spacer, bracket bolt $2
28 E1330C  Washer, plain $2
29 S1-51   Nut, bracket bolt $2

*page 61
*title Carburetter (Zenith - from engine number 39167)
1  E3957   Cylinder head assembly $1
2  E3954   Adaptor, carb to head $1
3  E3956   Stud, adaptor to head $2
4  F4470   Petrol pipe assembly $1
5  D406    Cable, throttle $1
6  D407    Nipple, carburetter $1
7  D411    Nipple, twistgrip $1
8  F4469   Rubber, air cleaner $1
9  ------- Carburetter (Zenith), c/w throttle cable *Zenith_17MXZ-CS5 $1
10 ------- Body, carburetter *Zenith_017620 $1
11 ------- Fibre washer, large *Zenith_017129 $1
12 ------- Gauze, filter *Zenith_017130 $1
13 ------- Bolt, union *Zenith_017131 $1
14 ------- Fibre washer, small *Zenith_017132 $1
15 ------- Jet, slow running (50) *Zenith_017133 $1
16 ------- Jet main (78) *Zenith_017134 $1
17 ------- Tube, emulsion *Zenith_017621 $1
18 ------- Slide, throttle *Zenith_017624 $1
19 ------- Spring, throttle slide *Zenith_017625 $1
20 ------- Slide, starter (65) *Zenith_017628 $1
21 ------- Top, mixing chamber *Zenith_017629 $1
22 ------- Screw, top to body *Zenith_07087 $1
23 ------- Adjuster, cable *Zenith_017143 $1
24 ------- Locknut, adjuster *Zenith_07323 $1
25 ------- Screw, throttle stop *Zenith_017144 $1
26 ------- Spring, throttle stop screw *Zenith_017156 $1
27 ------- Bolt, clamp *Zenith_017145 $1
28 ------- Nut, clamp bolt *Zenith_15321 $1
29 ------- Float *Zenith_220630 $1
30 ------- Pin, float hinge *Zenith_216472 $1
31 ------- Washer, joint *Zenith_017630 $1
32 ------- Bowl, float *Zenith_017583 $1
33 ------- Screw, float bowl *Zenith_07087 $2
34 ------- Adaptor, intake *Zenith_017570 $1
35 ------- Screw, adaptor *Zenith_07967 $2
36 ------- Washer, adaptor screw *Zenith_04692 $2
37 ------- "O" ring, carburetter to adaptor *Zenith_017729 $1
*end
