*title                     E/S TIMING COVER GEARS
1  71-7501 Timing Cover 1
2  71-7377   Spindle: 2nd stage 1
3  71-7376   Spindle: 3rd stage 1
4  21-7066   Stud-Outrigger plate 4
5  71-7327   Cover-star-ter motor 1
Nl 71-7328   Joint washer-cover 1
6  14-7003   Screw-cover to case U H 2
7  14-7006   Screw-cover to case I " UH
8  14-7012 Screw-timing cover to c/case 21/2" UH
9  14-7013 Screw-timing cover to c/case 23/4" UH 2
10 71-7400 Pillar bolt 2
11 70-6559 Washer-pillar bolt 4
12 71-7159 Cover-pulse sensor 1
13 71-1462 Gasket-cover 1
14 70-7354 Screw-cover f ixing 2
15 97-0430 Washer-fibre 2
16 14-0207 Bolt-reluctor fixing
17 70-8163 Washer-bolt
18 99-7044 Pulse sensor
19 99-7043 Reluctor
20 14-7006 Screw-timing cover to c/case 1 U H 3
21 14-7007 Screw-timing cover to c/case 1 1/4" UH 2
22 70-4568 Oil seal-at camshaft and crankshaft 2
23 70-4569 Circlip-oil seal at crankshaft 2
24 71-7494 Spindle for gear 2/3 1
25 60-/385 Roll pin-spindle fixing 1
26 71-7383 Dowel-motor to cover 1
N1 60-7295 'O' Ring-motor to cover 1
27 14-7020 Screw-motor to cover 3
28 60-2428 Washer-spring for screw 3
29 60-7296 Starter motor 1
30 71-7226 Pinion-starter motor 1
31 60-7292 Retainer-pinion to starter motor 1
32 71-7416 Pinion no. 3 Et- coupling- 1 6T 1
33 71-7417 Pinion no.2-54T 1
34 60-7340 Bush-shock absorber 2
35 71-7418 Face washer-bush retainer 1
36 21-7083 Screw-f ace washer 1
37 60-2330 Washer-thrust 2
38 14-0402 Nut-end float adjustment 1
39 71-7242 Gear no. 4/5 36-1 6T 2
40 71-7621 Gear no.6/7 36-1 1T 1
41 71-7619 Gear no.8-24T 1
42 71-7379 Plate-upper outrigger 1
43 14-1202 Nut-plate fixing 2
44 21-7092 Nut-socket head 2
45 60-2428 Washer spring 2
46 71-7380 Plate-Lower outrigger 1
47 60-3719 Oil pressure switch 1
Ni 71-7421 Cush Drive Assy 1
*          Note:- For Sprag clutch information see page 1 3
